21-Aug-2023 14:12:44 - INFO    :: mylar.backup_files.380 : MainThread : Attempting to backup config.ini...
21-Aug-2023 14:12:44 - WARNING :: mylar.backup_files.422 : MainThread : [[Errno 2] No such file or directory: '/config/mylar/config.ini'] Unable to make proper backup of config.ini in /config/mylar/config.ini
21-Aug-2023 14:12:44 - INFO    :: mylar.config_update.664 : MainThread : Updating Configuration from 0 to 12
21-Aug-2023 14:12:44 - INFO    :: mylar.config_update.666 : MainThread : Checking for existing torznab configuration...
21-Aug-2023 14:12:44 - INFO    :: mylar.config_update.673 : MainThread : No existing torznab configuration found. Just removing old config references at this point..
21-Aug-2023 14:12:44 - INFO    :: mylar.config_update.680 : MainThread : Successfully removed outdated config entries.
21-Aug-2023 14:12:44 - INFO    :: mylar.config_update.732 : MainThread : Configuration upgraded to version 12
21-Aug-2023 14:12:44 - INFO    :: mylar.configure.1120 : MainThread : [DOCKER-AWARE] Docker installation detected.
21-Aug-2023 14:12:44 - INFO    :: mylar.configure.1123 : MainThread : [DOCKER-AWARE] Setting default comic location path to /comics
21-Aug-2023 14:12:44 - INFO    :: mylar.configure.1126 : MainThread : [DOCKER-AWARE] Setting default sabnzbd download directory location to /downloads
21-Aug-2023 14:12:44 - ERROR   :: mylar.configure.1139 : MainThread : No User Comicvine API key specified. I will not work very well due to api limits - http://api.comicvine.com/ and get your own free key.
21-Aug-2023 14:12:44 - INFO    :: mylar.configure.1180 : MainThread : Ignored Publishers: []
21-Aug-2023 14:12:44 - INFO    :: mylar.configure.1203 : MainThread : [MASS_PUBLISHERS] Auto-add for weekly publishers set to: []
21-Aug-2023 14:12:44 - INFO    :: mylar.configure.1215 : MainThread : [IGNORE_SEARCH_WORDS] Words to flag search result as invalid: ['.exe', '.iso', 'pdf-xpost', 'pdf', 'ebook']
21-Aug-2023 14:12:44 - INFO    :: mylar.configure.1227 : MainThread : [PROBLEM_DATES] Problem dates loaded: ['2021-07-14 04:00:34']
21-Aug-2023 14:12:44 - INFO    :: mylar.configure.1241 : MainThread : [COMICTAGGER] Version detected: 1.3.5
21-Aug-2023 14:12:44 - ERROR   :: mylar.configure.1265 : MainThread : Unable to create .ComicTagger directory in /root. Setting up to default location of /config/mylar/.ComicTagger
21-Aug-2023 14:12:44 - INFO    :: mylar.configure.1334 : MainThread : [Search Tier Cutoff] Setting Tier-1 cutoff point to 14 days
21-Aug-2023 14:12:44 - INFO    :: mylar.initialize.257 : MainThread : Checking to see if the database has all tables....
21-Aug-2023 14:12:44 - WARNING :: mylar.dbcheck.788 : MainThread : Unable to update readinglist table to new storyarc table format.
21-Aug-2023 14:12:45 - INFO    :: mylar.dbcheck.1555 : MainThread : Ensuring DB integrity - Removing all Erroneous Comics (ie. named None)
21-Aug-2023 14:12:45 - INFO    :: mylar.dbcheck.1565 : MainThread : Correcting Null entries that make the main page break on startup.
21-Aug-2023 14:12:45 - INFO    :: mylar.dbcheck.1576 : MainThread : [<class 'str'>]oldconfig_version: 0
21-Aug-2023 14:12:45 - INFO    :: mylar.dbcheck.1579 : MainThread : now updating table data to ensure DDL is properly populated with correct data.
21-Aug-2023 14:12:45 - INFO    :: mylar.dbcheck.1589 : MainThread : Updating db to include some important changes.
21-Aug-2023 14:12:45 - INFO    :: mylar.upgrade_dynamic.1376 : MainThread : Finished updating 0 / 0 entries within the db.
21-Aug-2023 14:12:45 - INFO    :: mylar.check_failed_update.172 : MainThread : checked is None
21-Aug-2023 14:12:45 - INFO    :: mylar.db_update_check.145 : MainThread : Updating database to v1 as no data is present to update
21-Aug-2023 14:12:45 - INFO    :: mylar.initialize.286 : MainThread : Successfully discovered local IP and locking it in as : 172.24.0.11
21-Aug-2023 14:12:45 - INFO    :: mylar.initialize.367 : MainThread : [IMPRINT_LOADS] No data for publisher imprints locally. Retrieving up-to-date listing
21-Aug-2023 14:12:45 - INFO    :: mylar.initialize.389 : MainThread : [IMPRINT_LOADS] Successfully loaded imprints for 6 publishers
21-Aug-2023 14:12:45 - INFO    :: mylar.initialize.391 : MainThread : Remapping the sorting to allow for new additions.
21-Aug-2023 14:12:45 - INFO    :: mylar.ComicSort.778 : MainThread : Sucessfully ordered -1 series in your watchlist.
21-Aug-2023 14:12:45 - INFO    :: mylar.validateAndCreateDirectory.1836 : MainThread : [DIRECTORY-CHECK] Found DATA directory: /config/mylar
21-Aug-2023 14:12:45 - INFO    :: mylar.initialize.73 : MAIN : Starting Mylar on http://0.0.0.0:8090/
21-Aug-2023 14:12:45 - INFO    :: mylar.getVersion.188 : MAIN : [DOCKER-AWARE] Docker installation detected.
21-Aug-2023 14:12:45 - INFO    :: mylar.getVersion.209 : MAIN : i:  (HEAD -> master, tag: v0.7.3)

21-Aug-2023 14:12:45 - INFO    :: mylar.getVersion.220 : MAIN : [LAST_RELEASE] Branch: master
21-Aug-2023 14:12:45 - INFO    :: mylar.getVersion.225 : MAIN : [LAST_RELEASE] Version: v0.7.3
21-Aug-2023 14:12:45 - INFO    :: mylar.getVersion.209 : MAIN : i: f59746303c1e14298fc4aef7a91a2116829ce3d8

21-Aug-2023 14:12:45 - INFO    :: mylar.getVersion.231 : MAIN : [LAST_RELEASE] Commit: f59746303c1e14298fc4aef7a91a2116829ce3d8
21-Aug-2023 14:12:45 - INFO    :: mylar.getVersion.266 : MAIN : Branch detected & set to : master
21-Aug-2023 14:12:45 - INFO    :: mylar.versionload.469 : MAIN : Version information: master [f59746303c1e14298fc4aef7a91a2116829ce3d8]
21-Aug-2023 14:12:47 - INFO    :: mylar.release_messages.270 : MAIN : release_messages: None
21-Aug-2023 14:12:47 - INFO    :: mylar.start.667 : MAIN : [SEARCH-QUEUE] Attempting to background load the search queue....
21-Aug-2023 14:12:47 - INFO    :: mylar.start.671 : MAIN : [SEARCH-QUEUE] Successfully started the Search Queuer...
21-Aug-2023 14:12:47 - INFO    :: mylar.start.586 : MAIN : [WEEKLY] Checking for existance of Weekly Comic listing...
21-Aug-2023 14:12:47 - INFO    :: mylar.start.606 : MAIN : [WEEKLY] Weekly Pull-Update initializing immediately as it has been 4.0 hours since the last run
21-Aug-2023 14:12:47 - ERROR   :: mylar.start.642 : MAIN : [FOLDER MONITOR] You need to specify a location in order to use the Folder Monitor. Disabling Folder Monitor
21-Aug-2023 14:12:47 - INFO    :: mylar.start.645 : MAIN : Firing up the Background Schedulers now....
21-Aug-2023 14:12:47 - INFO    :: mylar.start.650 : MAIN : Background Schedulers successfully started...
21-Aug-2023 14:12:47 - INFO    :: mylar.run.27 : ThreadPoolExecutor-0_0 : [WEEKLY] Checking Weekly Pull-list for new releases/updates
21-Aug-2023 14:12:47 - INFO    :: mylar.pullit.43 : ThreadPoolExecutor-0_0 : Weekly pull list present - checking if it's up-to-date..
21-Aug-2023 14:12:47 - INFO    :: mylar.pullit.72 : ThreadPoolExecutor-0_0 : [PULL-LIST] Populating & Loading pull-list data directly from alternate website
21-Aug-2023 14:12:47 - INFO    :: mylar.pullit.106 : ThreadPoolExecutor-0_0 : [PULL-LIST] Populating & Loading pull-list data directly from alternate website for specific week of 33, 2023
21-Aug-2023 14:12:47 - INFO    :: mylar.locg.78 : ThreadPoolExecutor-0_0 : [WEEKLY-PULL] There are 96 issues for week 33, 2023
21-Aug-2023 14:12:47 - INFO    :: mylar.locg.109 : ThreadPoolExecutor-0_0 : Re-creating pullist to ensure everything's fresh.
21-Aug-2023 14:12:48 - INFO    :: mylar.locg.144 : ThreadPoolExecutor-0_0 : [PULL-LIST] Successfully populated pull-list into Mylar for week 33 of 2023
21-Aug-2023 14:12:48 - INFO    :: mylar.pullit.114 : ThreadPoolExecutor-0_0 : [PULL-LIST] Weekly Pull List successfully loaded with 96 issues.
21-Aug-2023 14:12:50 - INFO    :: mylar.pullit.106 : ThreadPoolExecutor-0_0 : [PULL-LIST] Populating & Loading pull-list data directly from alternate website for specific week of 34, 2023
21-Aug-2023 14:12:51 - INFO    :: mylar.locg.78 : ThreadPoolExecutor-0_0 : [WEEKLY-PULL] There are 99 issues for week 34, 2023
21-Aug-2023 14:12:51 - INFO    :: mylar.locg.109 : ThreadPoolExecutor-0_0 : Re-creating pullist to ensure everything's fresh.
21-Aug-2023 14:12:52 - INFO    :: mylar.locg.144 : ThreadPoolExecutor-0_0 : [PULL-LIST] Successfully populated pull-list into Mylar for week 34 of 2023
21-Aug-2023 14:12:52 - INFO    :: mylar.pullit.114 : ThreadPoolExecutor-0_0 : [PULL-LIST] Weekly Pull List successfully loaded with 99 issues.
21-Aug-2023 14:12:52 - INFO    :: mylar.future_check.1637 : ThreadPoolExecutor-0_0 : No series have been marked as being on auto-watch.
21-Aug-2023 14:14:49 - INFO    :: mylar.main.481 : MAIN : Received signal: shutdown
21-Aug-2023 14:14:51 - INFO    :: mylar.halt.1604 : MAIN : Shutting down the background schedulers...
21-Aug-2023 14:14:52 - INFO    :: mylar.search_queue.3324 : SEARCH-QUEUE : [SEARCH-QUEUE] Cleaning up workers for shutdown
21-Aug-2023 14:14:52 - INFO    :: mylar.shutdown.1631 : MAIN : Mylar is shutting down...
