/videos/8d905228-d105-b87b-a8bf-0a12ae4997cb/hls1/main/0.ts

{"Protocol":0,"Id":"8d905228d105b87ba8bf0a12ae4997cb","Path":"/data/tv/The Simpsons/Season 34/The Simpsons - S34E09 - When Nelson Met Lisa WEBDL-1080p.mkv","EncoderPath":null,"EncoderProtocol":null,"Type":0,"Container":"mkv,webm","Size":721115152,"Name":"The Simpsons - S34E09 - When Nelson Met Lisa WEBDL-1080p","IsRemote":false,"ETag":"9c8654ffa800a1110a941e7236c4d23f","RunTimeTicks":12992430000,"ReadAtNativeFramerate":false,"IgnoreDts":false,"IgnoreIndex":false,"GenPtsInput":false,"SupportsTranscoding":true,"SupportsDirectStream":true,"SupportsDirectPlay":true,"IsInfiniteStream":false,"RequiresOpening":false,"OpenToken":null,"RequiresClosing":false,"LiveStreamId":null,"BufferMs":null,"RequiresLooping":false,"SupportsProbing":true,"VideoType":0,"IsoType":null,"Video3DFormat":null,"MediaStreams":[{"Codec":"h264","CodecTag":null,"Language":null,"ColorRange":null,"ColorSpace":"bt709","ColorTransfer":"bt709","ColorPrimaries":"bt709","DvVersionMajor":null,"DvVersionMinor":null,"DvProfile":null,"DvLevel":null,"RpuPresentFlag":null,"ElPresentFlag":null,"BlPresentFlag":null,"DvBlSignalCompatibilityId":null,"Comment":null,"TimeBase":"1/1000","CodecTimeBase":null,"Title":null,"VideoRange":"SDR","VideoRangeType":"SDR","VideoDoViTitle":null,"LocalizedUndefined":null,"LocalizedDefault":null,"LocalizedForced":null,"LocalizedExternal":null,"DisplayTitle":"1080p H264 SDR","NalLengthSize":"4","IsInterlaced":false,"IsAVC":true,"ChannelLayout":null,"BitRate":4440217,"BitDepth":8,"RefFrames":1,"PacketLength":null,"Channels":null,"SampleRate":null,"IsDefault":true,"IsForced":false,"Height":1080,"Width":1920,"AverageFrameRate":23.976025,"RealFrameRate":23.976025,"Profile":"High","Type":1,"AspectRatio":"16:9","Index":0,"Score":null,"IsExternal":false,"DeliveryMethod":null,"DeliveryUrl":null,"IsExternalUrl":null,"IsTextSubtitleStream":false,"SupportsExternalStream":false,"Path":null,"PixelFormat":"yuv420p","Level":40,"IsAnamorphic":null},{"Codec":"aac","CodecTag":null,"Language":"eng","ColorRange":null,"ColorSpace":null,"ColorTransfer":null,"ColorPrimaries":null,"DvVersionMajor":null,"DvVersionMinor":null,"DvProfile":null,"DvLevel":null,"RpuPresentFlag":null,"ElPresentFlag":null,"BlPresentFlag":null,"DvBlSignalCompatibilityId":null,"Comment":null,"TimeBase":"1/1000","CodecTimeBase":null,"Title":null,"VideoRange":null,"VideoRangeType":null,"VideoDoViTitle":null,"LocalizedUndefined":null,"LocalizedDefault":null,"LocalizedForced":null,"LocalizedExternal":null,"DisplayTitle":"English - AAC - Stereo - Default","NalLengthSize":null,"IsInterlaced":false,"IsAVC":null,"ChannelLayout":"stereo","BitRate":192000,"BitDepth":null,"RefFrames":null,"PacketLength":null,"Channels":2,"SampleRate":48000,"IsDefault":true,"IsForced":false,"Height":null,"Width":null,"AverageFrameRate":null,"RealFrameRate":null,"Profile":"HE-AAC","Type":0,"AspectRatio":null,"Index":1,"Score":null,"IsExternal":false,"DeliveryMethod":null,"DeliveryUrl":null,"IsExternalUrl":null,"IsTextSubtitleStream":false,"SupportsExternalStream":false,"Path":null,"PixelFormat":null,"Level":0,"IsAnamorphic":null},{"Codec":"subrip","CodecTag":null,"Language":"eng","ColorRange":null,"ColorSpace":null,"ColorTransfer":null,"ColorPrimaries":null,"DvVersionMajor":null,"DvVersionMinor":null,"DvProfile":null,"DvLevel":null,"RpuPresentFlag":null,"ElPresentFlag":null,"BlPresentFlag":null,"DvBlSignalCompatibilityId":null,"Comment":null,"TimeBase":"1/1000","CodecTimeBase":null,"Title":"English","VideoRange":null,"VideoRangeType":null,"VideoDoViTitle":null,"LocalizedUndefined":"Undefined","LocalizedDefault":"Default","LocalizedForced":"Forced","LocalizedExternal":"External","DisplayTitle":"English - SUBRIP","NalLengthSize":null,"IsInterlaced":false,"IsAVC":null,"ChannelLayout":null,"BitRate":null,"BitDepth":null,"RefFrames":null,"PacketLength":null,"Channels":null,"SampleRate":null,"IsDefault":false,"IsForced":false,"Height":null,"Width":null,"AverageFrameRate":null,"RealFrameRate":null,"Profile":null,"Type":2,"AspectRatio":null,"Index":2,"Score":null,"IsExternal":false,"DeliveryMethod":null,"DeliveryUrl":null,"IsExternalUrl":null,"IsTextSubtitleStream":true,"SupportsExternalStream":true,"Path":null,"PixelFormat":null,"Level":0,"IsAnamorphic":null}],"MediaAttachments":[],"Formats":[],"Bitrate":4632217,"Timestamp":null,"RequiredHttpHeaders":{},"TranscodingUrl":null,"TranscodingSubProtocol":null,"TranscodingContainer":null,"AnalyzeDurationMs":null,"DefaultAudioStreamIndex":null,"DefaultSubtitleStreamIndex":null}

/usr/lib/jellyfin-ffmpeg/ffmpeg -analyzeduration 200M -fflags +genpts -f matroska,webm  -i file:"/data/tv/The Simpsons/Season 34/The Simpsons - S34E09 - When Nelson Met Lisa WEBDL-1080p.mkv" -map_metadata -1 -map_chapters -1 -threads 0 -map 0:0 -map 0:1 -map -0:s -codec:v:0 copy -bsf:v h264_mp4toannexb -start_at_zero -codec:a:0 copy -copyts -avoid_negative_ts disabled -max_muxing_queue_size 2048 -f hls -max_delay 5000000 -hls_time 6 -hls_segment_type mpegts -start_number 0 -hls_segment_filename "/config/data/transcodes/1efcc0f537687cda49e86cb90a7df040%d.ts" -hls_playlist_type vod -hls_list_size 0 -y "/config/data/transcodes/1efcc0f537687cda49e86cb90a7df040.m3u8"


ffmpeg version 5.1.3-Jellyfin Copyright (c) 2000-2022 the FFmpeg developers
  built with gcc 11 (Ubuntu 11.3.0-1ubuntu1~22.04.1)
  configuration: --prefix=/usr/lib/jellyfin-ffmpeg --target-os=linux --extra-libs=-lfftw3f --extra-version=Jellyfin --disable-doc --disable-ffplay --disable-ptx-compression --disable-static --disable-libxcb --disable-sdl2 --disable-xlib --enable-lto --enable-gpl --enable-version3 --enable-shared --enable-gmp --enable-gnutls --enable-chromaprint --enable-libdrm --enable-libass --enable-libfreetype --enable-libfribidi --enable-libfontconfig --enable-libbluray --enable-libmp3lame --enable-libopus --enable-libtheora --enable-libvorbis --enable-libopenmpt --enable-libdav1d --enable-libwebp --enable-libvpx --enable-libx264 --enable-libx265 --enable-libzvbi --enable-libzimg --enable-libfdk-aac --arch=amd64 --enable-libsvtav1 --enable-libshaderc --enable-libplacebo --enable-vulkan --enable-opencl --enable-vaapi --enable-amf --enable-libmfx --enable-ffnvcodec --enable-cuda --enable-cuda-llvm --enable-cuvid --enable-nvdec --enable-nvenc
  libavutil      57. 28.100 / 57. 28.100
  libavcodec     59. 37.100 / 59. 37.100
  libavformat    59. 27.100 / 59. 27.100
  libavdevice    59.  7.100 / 59.  7.100
  libavfilter     8. 44.100 /  8. 44.100
  libswscale      6.  7.100 /  6.  7.100
  libswresample   4.  7.100 /  4.  7.100
  libpostproc    56.  6.100 / 56.  6.100
Input #0, matroska,webm, from 'file:/data/tv/The Simpsons/Season 34/The Simpsons - S34E09 - When Nelson Met Lisa WEBDL-1080p.mkv':
  Metadata:
    encoder         : libebml v1.4.0 + libmatroska v1.6.1
  Duration: 00:21:39.24, start: 0.000000, bitrate: 4440 kb/s
  Stream #0:0: Video: h264 (High), yuv420p(tv, bt709, progressive), 1920x1080, SAR 1:1 DAR 16:9, 23.98 fps, 23.98 tbr, 1k tbn (default)
  Stream #0:1(eng): Audio: aac (HE-AAC), 48000 Hz, stereo, fltp (default)
  Stream #0:2(eng): Subtitle: subrip
    Metadata:
      title           : English
Output #0, hls, to '/config/data/transcodes/1efcc0f537687cda49e86cb90a7df040.m3u8':
  Metadata:
    encoder         : Lavf59.27.100
  Stream #0:0: Video: h264 (High), yuv420p(tv, bt709, progressive), 1920x1080 [SAR 1:1 DAR 16:9], q=2-31, 23.98 fps, 23.98 tbr, 90k tbn (default)
  Stream #0:1: Audio: aac (HE-AAC), 48000 Hz, stereo, fltp (default)
Stream mapping:
  Stream #0:0 -> #0:0 (copy)
  Stream #0:1 -> #0:1 (copy)
Press [q] to stop, [?] for help
frame=    1 fps=0.0 q=-1.0 size=N/A time=00:00:00.00 bitrate=N/A speed=N/A    
[hls @ 0x5635bdc990c0] Opening '/config/data/transcodes/1efcc0f537687cda49e86cb90a7df0400.ts' for writing
[hls @ 0x5635bdc990c0] Opening '/config/data/transcodes/1efcc0f537687cda49e86cb90a7df0401.ts' for writing
[hls @ 0x5635bdc990c0] Opening '/config/data/transcodes/1efcc0f537687cda49e86cb90a7df0402.ts' for writing
[hls @ 0x5635bdc990c0] Opening '/config/data/transcodes/1efcc0f537687cda49e86cb90a7df0403.ts' for writing
[hls @ 0x5635bdc990c0] Opening '/config/data/transcodes/1efcc0f537687cda49e86cb90a7df0404.ts' for writing
[hls @ 0x5635bdc990c0] Opening '/config/data/transcodes/1efcc0f537687cda49e86cb90a7df0405.ts' for writing
[hls @ 0x5635bdc990c0] Opening '/config/data/transcodes/1efcc0f537687cda49e86cb90a7df0406.ts' for writing
[hls @ 0x5635bdc990c0] Opening '/config/data/transcodes/1efcc0f537687cda49e86cb90a7df0407.ts' for writing
[hls @ 0x5635bdc990c0] Opening '/config/data/transcodes/1efcc0f537687cda49e86cb90a7df0408.ts' for writing
[hls @ 0x5635bdc990c0] Opening '/config/data/transcodes/1efcc0f537687cda49e86cb90a7df0409.ts' for writing
[hls @ 0x5635bdc990c0] Opening '/config/data/transcodes/1efcc0f537687cda49e86cb90a7df04010.ts' for writing
[hls @ 0x5635bdc990c0] Opening '/config/data/transcodes/1efcc0f537687cda49e86cb90a7df04011.ts' for writing
[hls @ 0x5635bdc990c0] Opening '/config/data/transcodes/1efcc0f537687cda49e86cb90a7df04012.ts' for writing
[hls @ 0x5635bdc990c0] Opening '/config/data/transcodes/1efcc0f537687cda49e86cb90a7df04013.ts' for writing
[hls @ 0x5635bdc990c0] Opening '/config/data/transcodes/1efcc0f537687cda49e86cb90a7df04014.ts' for writing
[hls @ 0x5635bdc990c0] Opening '/config/data/transcodes/1efcc0f537687cda49e86cb90a7df04015.ts' for writing
[hls @ 0x5635bdc990c0] Opening '/config/data/transcodes/1efcc0f537687cda49e86cb90a7df04016.ts' for writing
[hls @ 0x5635bdc990c0] Opening '/config/data/transcodes/1efcc0f537687cda49e86cb90a7df04017.ts' for writing
[hls @ 0x5635bdc990c0] Opening '/config/data/transcodes/1efcc0f537687cda49e86cb90a7df04018.ts' for writing
[hls @ 0x5635bdc990c0] Opening '/config/data/transcodes/1efcc0f537687cda49e86cb90a7df04019.ts' for writing
[hls @ 0x5635bdc990c0] Opening '/config/data/transcodes/1efcc0f537687cda49e86cb90a7df04020.ts' for writing
[hls @ 0x5635bdc990c0] Opening '/config/data/transcodes/1efcc0f537687cda49e86cb90a7df04021.ts' for writing
[hls @ 0x5635bdc990c0] Opening '/config/data/transcodes/1efcc0f537687cda49e86cb90a7df04022.ts' for writing
[hls @ 0x5635bdc990c0] Opening '/config/data/transcodes/1efcc0f537687cda49e86cb90a7df04023.ts' for writing
[hls @ 0x5635bdc990c0] Opening '/config/data/transcodes/1efcc0f537687cda49e86cb90a7df04024.ts' for writing
[hls @ 0x5635bdc990c0] Opening '/config/data/transcodes/1efcc0f537687cda49e86cb90a7df04025.ts' for writing
[hls @ 0x5635bdc990c0] Opening '/config/data/transcodes/1efcc0f537687cda49e86cb90a7df04026.ts' for writing
[hls @ 0x5635bdc990c0] Opening '/config/data/transcodes/1efcc0f537687cda49e86cb90a7df04027.ts' for writing
[hls @ 0x5635bdc990c0] Opening '/config/data/transcodes/1efcc0f537687cda49e86cb90a7df04028.ts' for writing
[hls @ 0x5635bdc990c0] Opening '/config/data/transcodes/1efcc0f537687cda49e86cb90a7df04029.ts' for writing
[hls @ 0x5635bdc990c0] Opening '/config/data/transcodes/1efcc0f537687cda49e86cb90a7df04030.ts' for writing
[hls @ 0x5635bdc990c0] Opening '/config/data/transcodes/1efcc0f537687cda49e86cb90a7df04031.ts' for writing
[hls @ 0x5635bdc990c0] Opening '/config/data/transcodes/1efcc0f537687cda49e86cb90a7df04032.ts' for writing
[hls @ 0x5635bdc990c0] Opening '/config/data/transcodes/1efcc0f537687cda49e86cb90a7df04033.ts' for writing
[hls @ 0x5635bdc990c0] Opening '/config/data/transcodes/1efcc0f537687cda49e86cb90a7df04034.ts' for writing
[hls @ 0x5635bdc990c0] Opening '/config/data/transcodes/1efcc0f537687cda49e86cb90a7df04035.ts' for writing
[hls @ 0x5635bdc990c0] Opening '/config/data/transcodes/1efcc0f537687cda49e86cb90a7df04036.ts' for writing
[hls @ 0x5635bdc990c0] Opening '/config/data/transcodes/1efcc0f537687cda49e86cb90a7df04037.ts' for writing
[hls @ 0x5635bdc990c0] Opening '/config/data/transcodes/1efcc0f537687cda49e86cb90a7df04038.ts' for writing
[hls @ 0x5635bdc990c0] Opening '/config/data/transcodes/1efcc0f537687cda49e86cb90a7df04039.ts' for writing
[hls @ 0x5635bdc990c0] Opening '/config/data/transcodes/1efcc0f537687cda49e86cb90a7df04040.ts' for writing
[hls @ 0x5635bdc990c0] Opening '/config/data/transcodes/1efcc0f537687cda49e86cb90a7df04041.ts' for writing
[hls @ 0x5635bdc990c0] Opening '/config/data/transcodes/1efcc0f537687cda49e86cb90a7df04042.ts' for writing
[hls @ 0x5635bdc990c0] Opening '/config/data/transcodes/1efcc0f537687cda49e86cb90a7df04043.ts' for writing
[hls @ 0x5635bdc990c0] Opening '/config/data/transcodes/1efcc0f537687cda49e86cb90a7df04044.ts' for writing
[hls @ 0x5635bdc990c0] Opening '/config/data/transcodes/1efcc0f537687cda49e86cb90a7df04045.ts' for writing
[hls @ 0x5635bdc990c0] Opening '/config/data/transcodes/1efcc0f537687cda49e86cb90a7df04046.ts' for writing
[hls @ 0x5635bdc990c0] Opening '/config/data/transcodes/1efcc0f537687cda49e86cb90a7df04047.ts' for writing
[hls @ 0x5635bdc990c0] Opening '/config/data/transcodes/1efcc0f537687cda49e86cb90a7df04048.ts' for writing
[hls @ 0x5635bdc990c0] Opening '/config/data/transcodes/1efcc0f537687cda49e86cb90a7df04049.ts' for writing
[hls @ 0x5635bdc990c0] Opening '/config/data/transcodes/1efcc0f537687cda49e86cb90a7df04050.ts' for writing
[hls @ 0x5635bdc990c0] Opening '/config/data/transcodes/1efcc0f537687cda49e86cb90a7df04051.ts' for writing
[hls @ 0x5635bdc990c0] Opening '/config/data/transcodes/1efcc0f537687cda49e86cb90a7df04052.ts' for writing
[hls @ 0x5635bdc990c0] Opening '/config/data/transcodes/1efcc0f537687cda49e86cb90a7df04053.ts' for writing
[hls @ 0x5635bdc990c0] Opening '/config/data/transcodes/1efcc0f537687cda49e86cb90a7df04054.ts' for writing
[hls @ 0x5635bdc990c0] Opening '/config/data/transcodes/1efcc0f537687cda49e86cb90a7df04055.ts' for writing
[hls @ 0x5635bdc990c0] Opening '/config/data/transcodes/1efcc0f537687cda49e86cb90a7df04056.ts' for writing
[hls @ 0x5635bdc990c0] Opening '/config/data/transcodes/1efcc0f537687cda49e86cb90a7df04057.ts' for writing
[hls @ 0x5635bdc990c0] Opening '/config/data/transcodes/1efcc0f537687cda49e86cb90a7df04058.ts' for writing
[hls @ 0x5635bdc990c0] Opening '/config/data/transcodes/1efcc0f537687cda49e86cb90a7df04059.ts' for writing
[hls @ 0x5635bdc990c0] Opening '/config/data/transcodes/1efcc0f537687cda49e86cb90a7df04060.ts' for writing
[hls @ 0x5635bdc990c0] Opening '/config/data/transcodes/1efcc0f537687cda49e86cb90a7df04061.ts' for writing
[hls @ 0x5635bdc990c0] Opening '/config/data/transcodes/1efcc0f537687cda49e86cb90a7df04062.ts' for writing
[hls @ 0x5635bdc990c0] Opening '/config/data/transcodes/1efcc0f537687cda49e86cb90a7df04063.ts' for writing
[hls @ 0x5635bdc990c0] Opening '/config/data/transcodes/1efcc0f537687cda49e86cb90a7df04064.ts' for writing
[hls @ 0x5635bdc990c0] Opening '/config/data/transcodes/1efcc0f537687cda49e86cb90a7df04065.ts' for writing
[hls @ 0x5635bdc990c0] Opening '/config/data/transcodes/1efcc0f537687cda49e86cb90a7df04066.ts' for writing
[hls @ 0x5635bdc990c0] Opening '/config/data/transcodes/1efcc0f537687cda49e86cb90a7df04067.ts' for writing
[hls @ 0x5635bdc990c0] Opening '/config/data/transcodes/1efcc0f537687cda49e86cb90a7df04068.ts' for writing
[hls @ 0x5635bdc990c0] Opening '/config/data/transcodes/1efcc0f537687cda49e86cb90a7df04069.ts' for writing
[hls @ 0x5635bdc990c0] Opening '/config/data/transcodes/1efcc0f537687cda49e86cb90a7df04070.ts' for writing
[hls @ 0x5635bdc990c0] Opening '/config/data/transcodes/1efcc0f537687cda49e86cb90a7df04071.ts' for writing
[hls @ 0x5635bdc990c0] Opening '/config/data/transcodes/1efcc0f537687cda49e86cb90a7df04072.ts' for writing
[hls @ 0x5635bdc990c0] Opening '/config/data/transcodes/1efcc0f537687cda49e86cb90a7df04073.ts' for writing
[hls @ 0x5635bdc990c0] Opening '/config/data/transcodes/1efcc0f537687cda49e86cb90a7df04074.ts' for writing
[hls @ 0x5635bdc990c0] Opening '/config/data/transcodes/1efcc0f537687cda49e86cb90a7df04075.ts' for writing
[hls @ 0x5635bdc990c0] Opening '/config/data/transcodes/1efcc0f537687cda49e86cb90a7df04076.ts' for writing
[hls @ 0x5635bdc990c0] Opening '/config/data/transcodes/1efcc0f537687cda49e86cb90a7df04077.ts' for writing
[hls @ 0x5635bdc990c0] Opening '/config/data/transcodes/1efcc0f537687cda49e86cb90a7df04078.ts' for writing
[hls @ 0x5635bdc990c0] Opening '/config/data/transcodes/1efcc0f537687cda49e86cb90a7df04079.ts' for writing
[hls @ 0x5635bdc990c0] Opening '/config/data/transcodes/1efcc0f537687cda49e86cb90a7df04080.ts' for writing
[hls @ 0x5635bdc990c0] Opening '/config/data/transcodes/1efcc0f537687cda49e86cb90a7df04081.ts' for writing
[hls @ 0x5635bdc990c0] Opening '/config/data/transcodes/1efcc0f537687cda49e86cb90a7df04082.ts' for writing
[hls @ 0x5635bdc990c0] Opening '/config/data/transcodes/1efcc0f537687cda49e86cb90a7df04083.ts' for writing
[hls @ 0x5635bdc990c0] Opening '/config/data/transcodes/1efcc0f537687cda49e86cb90a7df04084.ts' for writing
[hls @ 0x5635bdc990c0] Opening '/config/data/transcodes/1efcc0f537687cda49e86cb90a7df04085.ts' for writing
[hls @ 0x5635bdc990c0] Opening '/config/data/transcodes/1efcc0f537687cda49e86cb90a7df04086.ts' for writing
[hls @ 0x5635bdc990c0] Opening '/config/data/transcodes/1efcc0f537687cda49e86cb90a7df04087.ts' for writing
[hls @ 0x5635bdc990c0] Opening '/config/data/transcodes/1efcc0f537687cda49e86cb90a7df04088.ts' for writing
[hls @ 0x5635bdc990c0] Opening '/config/data/transcodes/1efcc0f537687cda49e86cb90a7df04089.ts' for writing
[hls @ 0x5635bdc990c0] Opening '/config/data/transcodes/1efcc0f537687cda49e86cb90a7df04090.ts' for writing
[hls @ 0x5635bdc990c0] Opening '/config/data/transcodes/1efcc0f537687cda49e86cb90a7df04091.ts' for writing
[hls @ 0x5635bdc990c0] Opening '/config/data/transcodes/1efcc0f537687cda49e86cb90a7df04092.ts' for writing
[hls @ 0x5635bdc990c0] Opening '/config/data/transcodes/1efcc0f537687cda49e86cb90a7df04093.ts' for writing
[hls @ 0x5635bdc990c0] Opening '/config/data/transcodes/1efcc0f537687cda49e86cb90a7df04094.ts' for writing
[hls @ 0x5635bdc990c0] Opening '/config/data/transcodes/1efcc0f537687cda49e86cb90a7df04095.ts' for writing
frame=13831 fps=0.0 q=-1.0 size=N/A time=00:00:00.19 bitrate=N/A speed=0.396x    
[hls @ 0x5635bdc990c0] Opening '/config/data/transcodes/1efcc0f537687cda49e86cb90a7df04096.ts' for writing
[hls @ 0x5635bdc990c0] Opening '/config/data/transcodes/1efcc0f537687cda49e86cb90a7df04097.ts' for writing
[hls @ 0x5635bdc990c0] Opening '/config/data/transcodes/1efcc0f537687cda49e86cb90a7df04098.ts' for writing
[hls @ 0x5635bdc990c0] Opening '/config/data/transcodes/1efcc0f537687cda49e86cb90a7df04099.ts' for writing
[hls @ 0x5635bdc990c0] Opening '/config/data/transcodes/1efcc0f537687cda49e86cb90a7df040100.ts' for writing
[hls @ 0x5635bdc990c0] Opening '/config/data/transcodes/1efcc0f537687cda49e86cb90a7df040101.ts' for writing
[hls @ 0x5635bdc990c0] Opening '/config/data/transcodes/1efcc0f537687cda49e86cb90a7df040102.ts' for writing
[hls @ 0x5635bdc990c0] Opening '/config/data/transcodes/1efcc0f537687cda49e86cb90a7df040103.ts' for writing
[hls @ 0x5635bdc990c0] Opening '/config/data/transcodes/1efcc0f537687cda49e86cb90a7df040104.ts' for writing
[hls @ 0x5635bdc990c0] Opening '/config/data/transcodes/1efcc0f537687cda49e86cb90a7df040105.ts' for writing
[hls @ 0x5635bdc990c0] Opening '/config/data/transcodes/1efcc0f537687cda49e86cb90a7df040106.ts' for writing
[hls @ 0x5635bdc990c0] Opening '/config/data/transcodes/1efcc0f537687cda49e86cb90a7df040107.ts' for writing
[hls @ 0x5635bdc990c0] Opening '/config/data/transcodes/1efcc0f537687cda49e86cb90a7df040108.ts' for writing
[hls @ 0x5635bdc990c0] Opening '/config/data/transcodes/1efcc0f537687cda49e86cb90a7df040109.ts' for writing
[hls @ 0x5635bdc990c0] Opening '/config/data/transcodes/1efcc0f537687cda49e86cb90a7df040110.ts' for writing
[hls @ 0x5635bdc990c0] Opening '/config/data/transcodes/1efcc0f537687cda49e86cb90a7df040111.ts' for writing
[hls @ 0x5635bdc990c0] Opening '/config/data/transcodes/1efcc0f537687cda49e86cb90a7df040112.ts' for writing
[hls @ 0x5635bdc990c0] Opening '/config/data/transcodes/1efcc0f537687cda49e86cb90a7df040113.ts' for writing
[hls @ 0x5635bdc990c0] Opening '/config/data/transcodes/1efcc0f537687cda49e86cb90a7df040114.ts' for writing
[hls @ 0x5635bdc990c0] Opening '/config/data/transcodes/1efcc0f537687cda49e86cb90a7df040115.ts' for writing
[hls @ 0x5635bdc990c0] Opening '/config/data/transcodes/1efcc0f537687cda49e86cb90a7df040116.ts' for writing
[hls @ 0x5635bdc990c0] Opening '/config/data/transcodes/1efcc0f537687cda49e86cb90a7df040117.ts' for writing
[hls @ 0x5635bdc990c0] Opening '/config/data/transcodes/1efcc0f537687cda49e86cb90a7df040118.ts' for writing
[hls @ 0x5635bdc990c0] Opening '/config/data/transcodes/1efcc0f537687cda49e86cb90a7df040119.ts' for writing
[hls @ 0x5635bdc990c0] Opening '/config/data/transcodes/1efcc0f537687cda49e86cb90a7df040120.ts' for writing
[hls @ 0x5635bdc990c0] Opening '/config/data/transcodes/1efcc0f537687cda49e86cb90a7df040121.ts' for writing
[hls @ 0x5635bdc990c0] Opening '/config/data/transcodes/1efcc0f537687cda49e86cb90a7df040122.ts' for writing
[hls @ 0x5635bdc990c0] Opening '/config/data/transcodes/1efcc0f537687cda49e86cb90a7df040123.ts' for writing
[hls @ 0x5635bdc990c0] Opening '/config/data/transcodes/1efcc0f537687cda49e86cb90a7df040124.ts' for writing
[hls @ 0x5635bdc990c0] Opening '/config/data/transcodes/1efcc0f537687cda49e86cb90a7df040125.ts' for writing
[hls @ 0x5635bdc990c0] Opening '/config/data/transcodes/1efcc0f537687cda49e86cb90a7df040126.ts' for writing
[hls @ 0x5635bdc990c0] Opening '/config/data/transcodes/1efcc0f537687cda49e86cb90a7df040127.ts' for writing
[hls @ 0x5635bdc990c0] Opening '/config/data/transcodes/1efcc0f537687cda49e86cb90a7df040128.ts' for writing
[hls @ 0x5635bdc990c0] Opening '/config/data/transcodes/1efcc0f537687cda49e86cb90a7df040129.ts' for writing
[hls @ 0x5635bdc990c0] Opening '/config/data/transcodes/1efcc0f537687cda49e86cb90a7df040130.ts' for writing
[hls @ 0x5635bdc990c0] Opening '/config/data/transcodes/1efcc0f537687cda49e86cb90a7df040131.ts' for writing
[hls @ 0x5635bdc990c0] Opening '/config/data/transcodes/1efcc0f537687cda49e86cb90a7df040132.ts' for writing
[hls @ 0x5635bdc990c0] Opening '/config/data/transcodes/1efcc0f537687cda49e86cb90a7df040133.ts' for writing
[hls @ 0x5635bdc990c0] Opening '/config/data/transcodes/1efcc0f537687cda49e86cb90a7df040134.ts' for writing
[hls @ 0x5635bdc990c0] Opening '/config/data/transcodes/1efcc0f537687cda49e86cb90a7df040135.ts' for writing
[hls @ 0x5635bdc990c0] Opening '/config/data/transcodes/1efcc0f537687cda49e86cb90a7df040136.ts' for writing
[hls @ 0x5635bdc990c0] Opening '/config/data/transcodes/1efcc0f537687cda49e86cb90a7df040137.ts' for writing
[hls @ 0x5635bdc990c0] Opening '/config/data/transcodes/1efcc0f537687cda49e86cb90a7df040138.ts' for writing
[hls @ 0x5635bdc990c0] Opening '/config/data/transcodes/1efcc0f537687cda49e86cb90a7df040139.ts' for writing
[hls @ 0x5635bdc990c0] Opening '/config/data/transcodes/1efcc0f537687cda49e86cb90a7df040140.ts' for writing
[hls @ 0x5635bdc990c0] Opening '/config/data/transcodes/1efcc0f537687cda49e86cb90a7df040141.ts' for writing
[hls @ 0x5635bdc990c0] Opening '/config/data/transcodes/1efcc0f537687cda49e86cb90a7df040142.ts' for writing
[hls @ 0x5635bdc990c0] Opening '/config/data/transcodes/1efcc0f537687cda49e86cb90a7df040143.ts' for writing
[hls @ 0x5635bdc990c0] Opening '/config/data/transcodes/1efcc0f537687cda49e86cb90a7df040144.ts' for writing
[hls @ 0x5635bdc990c0] Opening '/config/data/transcodes/1efcc0f537687cda49e86cb90a7df040145.ts' for writing
[hls @ 0x5635bdc990c0] Opening '/config/data/transcodes/1efcc0f537687cda49e86cb90a7df040146.ts' for writing
[hls @ 0x5635bdc990c0] Opening '/config/data/transcodes/1efcc0f537687cda49e86cb90a7df040147.ts' for writing
[hls @ 0x5635bdc990c0] Opening '/config/data/transcodes/1efcc0f537687cda49e86cb90a7df040148.ts' for writing
[hls @ 0x5635bdc990c0] Opening '/config/data/transcodes/1efcc0f537687cda49e86cb90a7df040149.ts' for writing
[hls @ 0x5635bdc990c0] Opening '/config/data/transcodes/1efcc0f537687cda49e86cb90a7df040150.ts' for writing
[hls @ 0x5635bdc990c0] Opening '/config/data/transcodes/1efcc0f537687cda49e86cb90a7df040151.ts' for writing
[hls @ 0x5635bdc990c0] Opening '/config/data/transcodes/1efcc0f537687cda49e86cb90a7df040152.ts' for writing
[hls @ 0x5635bdc990c0] Opening '/config/data/transcodes/1efcc0f537687cda49e86cb90a7df040153.ts' for writing
[hls @ 0x5635bdc990c0] Opening '/config/data/transcodes/1efcc0f537687cda49e86cb90a7df040154.ts' for writing
[hls @ 0x5635bdc990c0] Opening '/config/data/transcodes/1efcc0f537687cda49e86cb90a7df040155.ts' for writing
[hls @ 0x5635bdc990c0] Opening '/config/data/transcodes/1efcc0f537687cda49e86cb90a7df040156.ts' for writing
[hls @ 0x5635bdc990c0] Opening '/config/data/transcodes/1efcc0f537687cda49e86cb90a7df040157.ts' for writing
[hls @ 0x5635bdc990c0] Opening '/config/data/transcodes/1efcc0f537687cda49e86cb90a7df040158.ts' for writing
[hls @ 0x5635bdc990c0] Opening '/config/data/transcodes/1efcc0f537687cda49e86cb90a7df040159.ts' for writing
[hls @ 0x5635bdc990c0] Opening '/config/data/transcodes/1efcc0f537687cda49e86cb90a7df040160.ts' for writing
[hls @ 0x5635bdc990c0] Opening '/config/data/transcodes/1efcc0f537687cda49e86cb90a7df040161.ts' for writing
[hls @ 0x5635bdc990c0] Opening '/config/data/transcodes/1efcc0f537687cda49e86cb90a7df040162.ts' for writing
[hls @ 0x5635bdc990c0] Opening '/config/data/transcodes/1efcc0f537687cda49e86cb90a7df040163.ts' for writing
[hls @ 0x5635bdc990c0] Opening '/config/data/transcodes/1efcc0f537687cda49e86cb90a7df040164.ts' for writing
[hls @ 0x5635bdc990c0] Opening '/config/data/transcodes/1efcc0f537687cda49e86cb90a7df040165.ts' for writing
[hls @ 0x5635bdc990c0] Opening '/config/data/transcodes/1efcc0f537687cda49e86cb90a7df040166.ts' for writing
[hls @ 0x5635bdc990c0] Opening '/config/data/transcodes/1efcc0f537687cda49e86cb90a7df040167.ts' for writing
[hls @ 0x5635bdc990c0] Opening '/config/data/transcodes/1efcc0f537687cda49e86cb90a7df040168.ts' for writing
[hls @ 0x5635bdc990c0] Opening '/config/data/transcodes/1efcc0f537687cda49e86cb90a7df040169.ts' for writing
[hls @ 0x5635bdc990c0] Opening '/config/data/transcodes/1efcc0f537687cda49e86cb90a7df040170.ts' for writing
[hls @ 0x5635bdc990c0] Opening '/config/data/transcodes/1efcc0f537687cda49e86cb90a7df040171.ts' for writing
[hls @ 0x5635bdc990c0] Opening '/config/data/transcodes/1efcc0f537687cda49e86cb90a7df040172.ts' for writing
[hls @ 0x5635bdc990c0] Opening '/config/data/transcodes/1efcc0f537687cda49e86cb90a7df040173.ts' for writing
[hls @ 0x5635bdc990c0] Opening '/config/data/transcodes/1efcc0f537687cda49e86cb90a7df040174.ts' for writing
[hls @ 0x5635bdc990c0] Opening '/config/data/transcodes/1efcc0f537687cda49e86cb90a7df040175.ts' for writing
[hls @ 0x5635bdc990c0] Opening '/config/data/transcodes/1efcc0f537687cda49e86cb90a7df040176.ts' for writing
[hls @ 0x5635bdc990c0] Opening '/config/data/transcodes/1efcc0f537687cda49e86cb90a7df040177.ts' for writing
[hls @ 0x5635bdc990c0] Opening '/config/data/transcodes/1efcc0f537687cda49e86cb90a7df040178.ts' for writing
[hls @ 0x5635bdc990c0] Opening '/config/data/transcodes/1efcc0f537687cda49e86cb90a7df040179.ts' for writing
[hls @ 0x5635bdc990c0] Opening '/config/data/transcodes/1efcc0f537687cda49e86cb90a7df040180.ts' for writing
frame=26173 fps=26159 q=-1.0 size=N/A time=00:08:35.05 bitrate=N/A speed= 515x    
[hls @ 0x5635bdc990c0] Opening '/config/data/transcodes/1efcc0f537687cda49e86cb90a7df040181.ts' for writing
[hls @ 0x5635bdc990c0] Opening '/config/data/transcodes/1efcc0f537687cda49e86cb90a7df040182.ts' for writing
[hls @ 0x5635bdc990c0] Opening '/config/data/transcodes/1efcc0f537687cda49e86cb90a7df040183.ts' for writing
[hls @ 0x5635bdc990c0] Opening '/config/data/transcodes/1efcc0f537687cda49e86cb90a7df040184.ts' for writing
[hls @ 0x5635bdc990c0] Opening '/config/data/transcodes/1efcc0f537687cda49e86cb90a7df040185.ts' for writing
[hls @ 0x5635bdc990c0] Opening '/config/data/transcodes/1efcc0f537687cda49e86cb90a7df040186.ts' for writing
[hls @ 0x5635bdc990c0] Opening '/config/data/transcodes/1efcc0f537687cda49e86cb90a7df040187.ts' for writing
[hls @ 0x5635bdc990c0] Opening '/config/data/transcodes/1efcc0f537687cda49e86cb90a7df040188.ts' for writing
[hls @ 0x5635bdc990c0] Opening '/config/data/transcodes/1efcc0f537687cda49e86cb90a7df040189.ts' for writing
[hls @ 0x5635bdc990c0] Opening '/config/data/transcodes/1efcc0f537687cda49e86cb90a7df040190.ts' for writing
[hls @ 0x5635bdc990c0] Opening '/config/data/transcodes/1efcc0f537687cda49e86cb90a7df040191.ts' for writing
[hls @ 0x5635bdc990c0] Opening '/config/data/transcodes/1efcc0f537687cda49e86cb90a7df040192.ts' for writing
[hls @ 0x5635bdc990c0] Opening '/config/data/transcodes/1efcc0f537687cda49e86cb90a7df040193.ts' for writing
[hls @ 0x5635bdc990c0] Opening '/config/data/transcodes/1efcc0f537687cda49e86cb90a7df040194.ts' for writing
[hls @ 0x5635bdc990c0] Opening '/config/data/transcodes/1efcc0f537687cda49e86cb90a7df040195.ts' for writing
[hls @ 0x5635bdc990c0] Opening '/config/data/transcodes/1efcc0f537687cda49e86cb90a7df040196.ts' for writing
[hls @ 0x5635bdc990c0] Opening '/config/data/transcodes/1efcc0f537687cda49e86cb90a7df040197.ts' for writing
[hls @ 0x5635bdc990c0] Opening '/config/data/transcodes/1efcc0f537687cda49e86cb90a7df040198.ts' for writing
[hls @ 0x5635bdc990c0] Opening '/config/data/transcodes/1efcc0f537687cda49e86cb90a7df040199.ts' for writing
[hls @ 0x5635bdc990c0] Opening '/config/data/transcodes/1efcc0f537687cda49e86cb90a7df040200.ts' for writing
[hls @ 0x5635bdc990c0] Opening '/config/data/transcodes/1efcc0f537687cda49e86cb90a7df040201.ts' for writing
[hls @ 0x5635bdc990c0] Opening '/config/data/transcodes/1efcc0f537687cda49e86cb90a7df040202.ts' for writing
[hls @ 0x5635bdc990c0] Opening '/config/data/transcodes/1efcc0f537687cda49e86cb90a7df040203.ts' for writing
[hls @ 0x5635bdc990c0] Opening '/config/data/transcodes/1efcc0f537687cda49e86cb90a7df040204.ts' for writing
[hls @ 0x5635bdc990c0] Opening '/config/data/transcodes/1efcc0f537687cda49e86cb90a7df040205.ts' for writing
[hls @ 0x5635bdc990c0] Opening '/config/data/transcodes/1efcc0f537687cda49e86cb90a7df040206.ts' for writing
[hls @ 0x5635bdc990c0] Opening '/config/data/transcodes/1efcc0f537687cda49e86cb90a7df040207.ts' for writing
[hls @ 0x5635bdc990c0] Opening '/config/data/transcodes/1efcc0f537687cda49e86cb90a7df040208.ts' for writing
[hls @ 0x5635bdc990c0] Opening '/config/data/transcodes/1efcc0f537687cda49e86cb90a7df040209.ts' for writing
[hls @ 0x5635bdc990c0] Opening '/config/data/transcodes/1efcc0f537687cda49e86cb90a7df040210.ts' for writing
[hls @ 0x5635bdc990c0] Opening '/config/data/transcodes/1efcc0f537687cda49e86cb90a7df040211.ts' for writing
[hls @ 0x5635bdc990c0] Opening '/config/data/transcodes/1efcc0f537687cda49e86cb90a7df040212.ts' for writing
[hls @ 0x5635bdc990c0] Opening '/config/data/transcodes/1efcc0f537687cda49e86cb90a7df040213.ts' for writing
[hls @ 0x5635bdc990c0] Opening '/config/data/transcodes/1efcc0f537687cda49e86cb90a7df040214.ts' for writing
[hls @ 0x5635bdc990c0] Opening '/config/data/transcodes/1efcc0f537687cda49e86cb90a7df040215.ts' for writing
[hls @ 0x5635bdc990c0] Opening '/config/data/transcodes/1efcc0f537687cda49e86cb90a7df040216.ts' for writing
frame=31150 fps=24219 q=-1.0 Lsize=N/A time=00:12:02.41 bitrate=N/A speed= 562x    
video:683736kB audio:20112kB subtitle:0kB other streams:0kB global headers:0kB muxing overhead: unknown