[2023-09-05 01:04:19.190 -03:00] [INF] [2] Main: Received a SIGTERM signal, shutting down
[2023-09-05 01:04:19.191 -03:00] [INF] [2] Main: Running query planner optimizations in the database... This might take a while
[2023-09-05 01:04:19.229 -03:00] [INF] [2] Emby.Server.Implementations.ApplicationHost: Disposing "CoreAppHost"
[2023-09-05 01:04:19.230 -03:00] [INF] [2] Emby.Server.Implementations.ApplicationHost: Disposing "EntryPoint"
[2023-09-05 01:04:19.230 -03:00] [INF] [2] Emby.Server.Implementations.ApplicationHost: Disposing "LibraryChangedNotifier"
[2023-09-05 01:04:19.231 -03:00] [INF] [2] Emby.Server.Implementations.ApplicationHost: Disposing "SchedulesDirect"
[2023-09-05 01:04:19.231 -03:00] [INF] [2] Emby.Server.Implementations.ApplicationHost: Disposing "DeviceAccessEntryPoint"
[2023-09-05 01:04:19.231 -03:00] [INF] [2] Emby.Server.Implementations.ApplicationHost: Disposing "MusicBrainzAlbumProvider"
[2023-09-05 01:04:19.231 -03:00] [INF] [2] Emby.Server.Implementations.ApplicationHost: Disposing "UdpServerEntryPoint"
[2023-09-05 01:04:19.233 -03:00] [INF] [2] Emby.Server.Implementations.ApplicationHost: Disposing "UserDataChangeNotifier"
[2023-09-05 01:04:19.235 -03:00] [INF] [2] Emby.Server.Implementations.ApplicationHost: Disposing "ExternalPortForwarding"
[2023-09-05 01:04:19.237 -03:00] [INF] [2] Emby.Server.Implementations.EntryPoints.ExternalPortForwarding: Stopping NAT discovery
[2023-09-05 01:04:19.243 -03:00] [INF] [2] Emby.Server.Implementations.ApplicationHost: Disposing "DlnaEntryPoint"
[2023-09-05 01:04:19.246 -03:00] [INF] [2] Emby.Dlna.Main.DlnaEntryPoint: Disposing SsdpDevicePublisher
[2023-09-05 01:04:19.350 -03:00] [INF] [2] Emby.Dlna.Main.DlnaEntryPoint: Disposing PlayToManager
[2023-09-05 01:04:19.350 -03:00] [INF] [2] Emby.Dlna.Main.DlnaEntryPoint: Disposing DeviceDiscovery
[2023-09-05 01:04:19.351 -03:00] [INF] [2] Emby.Dlna.Main.DlnaEntryPoint: Disposing SsdpCommunicationsServer
[2023-09-05 01:04:19.351 -03:00] [INF] [2] Emby.Dlna.Main.DlnaEntryPoint: "SsdpCommunicationsServer" disposing _BroadcastListenSocket
[2023-09-05 01:04:19.441 -03:00] [INF] [2] Emby.Dlna.Main.DlnaEntryPoint: "SsdpCommunicationsServer" Disposing 3 sendSockets
[2023-09-05 01:04:19.441 -03:00] [INF] [2] Emby.Dlna.Main.DlnaEntryPoint: "SsdpCommunicationsServer" disposing sendSocket from "0.0.0.0"
[2023-09-05 01:04:19.676 -03:00] [INF] [2] Emby.Dlna.Main.DlnaEntryPoint: "SsdpCommunicationsServer" disposing sendSocket from "172.23.0.13"
[2023-09-05 01:04:19.772 -03:00] [INF] [2] Emby.Dlna.Main.DlnaEntryPoint: "SsdpCommunicationsServer" disposing sendSocket from "127.0.0.1"
[2023-09-05 01:04:19.908 -03:00] [INF] [2] Emby.Server.Implementations.ApplicationHost: Disposing "RecordingNotifier"
[2023-09-05 01:04:19.909 -03:00] [INF] [2] Emby.Server.Implementations.ApplicationHost: Disposing "EntryPoint"
[2023-09-05 01:04:19.910 -03:00] [INF] [2] Emby.Server.Implementations.ApplicationHost: Disposing "NotificationEntryPoint"
[2023-09-05 01:04:19.910 -03:00] [INF] [2] Emby.Server.Implementations.ApplicationHost: Disposing "LibraryMonitorStartup"
[2023-09-05 01:04:19.910 -03:00] [INF] [2] Emby.Server.Implementations.ApplicationHost: Disposing "EmbyTV"
[2023-09-05 13:32:35.879 -03:00] [INF] [1] Main: Jellyfin version: "10.8.10"
[2023-09-05 13:32:35.918 -03:00] [INF] [1] Main: Environment Variables: ["[JELLYFIN_LOG_DIR, /config/log]", "[JELLYFIN_CACHE_DIR, /config/cache]", "[JELLYFIN_CONFIG_DIR, /config]", "[JELLYFIN_WEB_DIR, /usr/share/jellyfin/web]", "[JELLYFIN_DATA_DIR, /config/data]"]
[2023-09-05 13:32:35.920 -03:00] [INF] [1] Main: Arguments: ["/usr/lib/jellyfin/bin/jellyfin.dll", "--ffmpeg=/usr/lib/jellyfin-ffmpeg/ffmpeg"]
[2023-09-05 13:32:35.920 -03:00] [INF] [1] Main: Operating system: "Linux"
[2023-09-05 13:32:35.920 -03:00] [INF] [1] Main: Architecture: X64
[2023-09-05 13:32:35.921 -03:00] [INF] [1] Main: 64-Bit Process: True
[2023-09-05 13:32:35.921 -03:00] [INF] [1] Main: User Interactive: True
[2023-09-05 13:32:35.921 -03:00] [INF] [1] Main: Processor count: 8
[2023-09-05 13:32:35.921 -03:00] [INF] [1] Main: Program data path: "/config/data"
[2023-09-05 13:32:35.922 -03:00] [INF] [1] Main: Web resources path: "/usr/share/jellyfin/web"
[2023-09-05 13:32:35.922 -03:00] [INF] [1] Main: Application directory: "/usr/lib/jellyfin/bin/"
[2023-09-05 13:32:36.162 -03:00] [INF] [1] Emby.Server.Implementations.AppBase.BaseConfigurationManager: Setting cache path: "/config/cache"
[2023-09-05 13:32:36.208 -03:00] [INF] [1] Emby.Server.Implementations.ApplicationHost: Loading assemblies
[2023-09-05 13:32:36.237 -03:00] [INF] [1] Emby.Server.Implementations.Plugins.PluginManager: Loaded assembly "Jellyfin.Plugin.Bookshelf, Version=9.0.0.0, Culture=neutral, PublicKeyToken=null" from "/config/data/plugins/Bookshelf_9.0.0.0/Jellyfin.Plugin.Bookshelf.dll"
[2023-09-05 13:32:36.256 -03:00] [INF] [1] Emby.Server.Implementations.Plugins.PluginManager: Loaded assembly "Jellyfin.Plugin.OpenSubtitles, Version=19.0.0.0, Culture=neutral, PublicKeyToken=null" from "/config/data/plugins/Open Subtitles_19.0.0.0/Jellyfin.Plugin.OpenSubtitles.dll"
[2023-09-05 13:32:36.342 -03:00] [INF] [1] Jellyfin.Networking.Manager.NetworkManager: Defined LAN addresses : "[10.0.0.0/8,172.16.0.0/12,192.168.0.0/16]"
[2023-09-05 13:32:36.343 -03:00] [INF] [1] Jellyfin.Networking.Manager.NetworkManager: Defined LAN exclusions : "[]"
[2023-09-05 13:32:36.343 -03:00] [INF] [1] Jellyfin.Networking.Manager.NetworkManager: Using LAN addresses: "[10.0.0.0/8,172.16.0.0/12,192.168.0.0/16]"
[2023-09-05 13:32:36.349 -03:00] [INF] [1] Jellyfin.Networking.Manager.NetworkManager: Using bind addresses: "[]"
[2023-09-05 13:32:36.350 -03:00] [INF] [1] Jellyfin.Networking.Manager.NetworkManager: Using bind exclusions: "[]"
[2023-09-05 13:32:38.357 -03:00] [INF] [1] Emby.Server.Implementations.Plugins.PluginManager: Loaded plugin: "Bookshelf" "9.0.0.0"
[2023-09-05 13:32:38.358 -03:00] [INF] [1] Emby.Server.Implementations.Plugins.PluginManager: Loaded plugin: "Open Subtitles" "19.0.0.0"
[2023-09-05 13:32:38.358 -03:00] [INF] [1] Emby.Server.Implementations.Plugins.PluginManager: Loaded plugin: "TMDb" "10.8.10.0"
[2023-09-05 13:32:38.359 -03:00] [INF] [1] Emby.Server.Implementations.Plugins.PluginManager: Loaded plugin: "Studio Images" "10.8.10.0"
[2023-09-05 13:32:38.359 -03:00] [INF] [1] Emby.Server.Implementations.Plugins.PluginManager: Loaded plugin: "OMDb" "10.8.10.0"
[2023-09-05 13:32:38.359 -03:00] [INF] [1] Emby.Server.Implementations.Plugins.PluginManager: Loaded plugin: "MusicBrainz" "10.8.10.0"
[2023-09-05 13:32:38.359 -03:00] [INF] [1] Emby.Server.Implementations.Plugins.PluginManager: Loaded plugin: "AudioDB" "10.8.10.0"
[2023-09-05 13:32:38.415 -03:00] [INF] [1] Main: Kestrel listening on "Any IP4 Address"
[2023-09-05 13:32:38.471 -03:00] [WRN] [1] Microsoft.AspNetCore.DataProtection.Repositories.EphemeralXmlRepository: Using an in-memory repository. Keys will not be persisted to storage.
[2023-09-05 13:32:38.471 -03:00] [WRN] [1] Microsoft.AspNetCore.DataProtection.KeyManagement.XmlKeyManager: Neither user profile nor HKLM registry available. Using an ephemeral key repository. Protected data will be unavailable when application exits.
[2023-09-05 13:32:38.649 -03:00] [WRN] [1] Microsoft.AspNetCore.DataProtection.KeyManagement.XmlKeyManager: No XML encryptor configured. Key {a81ad966-10f1-48e4-93a0-498f540b3f91} may be persisted to storage in unencrypted form.
[2023-09-05 13:32:38.689 -03:00] [INF] [1] Emby.Server.Implementations.ApplicationHost: Running startup tasks
[2023-09-05 13:32:38.724 -03:00] [INF] [1] Emby.Server.Implementations.ScheduledTasks.TaskManager: Daily trigger for "Extract Chapter Images" set to fire at 2023-09-06 02:00:00.000 -03:00, which is 12:27:21.2760566 from now.
[2023-09-05 13:32:39.020 -03:00] [INF] [1] MediaBrowser.MediaEncoding.Encoder.MediaEncoder: Found ffmpeg version "5.1.3"
[2023-09-05 13:32:39.053 -03:00] [INF] [1] MediaBrowser.MediaEncoding.Encoder.MediaEncoder: Available "decoders": ["libdav1d", "av1", "av1_cuvid", "av1_qsv", "h264", "h264_qsv", "h264_cuvid", "hevc", "hevc_qsv", "hevc_cuvid", "mpeg2video", "mpeg2_qsv", "mpeg2_cuvid", "mpeg4", "mpeg4_cuvid", "msmpeg4", "vc1_qsv", "vc1_cuvid", "vp8", "libvpx", "vp8_cuvid", "vp8_qsv", "vp9", "libvpx-vp9", "vp9_cuvid", "vp9_qsv", "aac", "ac3", "dca", "flac", "mp3", "truehd"]
[2023-09-05 13:32:39.071 -03:00] [INF] [1] MediaBrowser.MediaEncoding.Encoder.MediaEncoder: Available "encoders": ["libx264", "h264_amf", "h264_nvenc", "h264_qsv", "h264_v4l2m2m", "h264_vaapi", "libx265", "hevc_amf", "hevc_nvenc", "hevc_qsv", "hevc_vaapi", "mpeg4", "msmpeg4", "libvpx", "libvpx-vp9", "aac", "libfdk_aac", "ac3", "dca", "flac", "libmp3lame", "libopus", "truehd", "libvorbis", "srt"]
[2023-09-05 13:32:39.088 -03:00] [INF] [1] MediaBrowser.MediaEncoding.Encoder.MediaEncoder: Available filters: ["deinterlace_qsv", "deinterlace_vaapi", "hwupload_cuda", "hwupload_vaapi", "overlay_opencl", "overlay_qsv", "overlay_vaapi", "overlay_cuda", "procamp_vaapi", "scale_cuda", "scale_opencl", "scale_qsv", "scale_vaapi", "tonemap_cuda", "tonemap_opencl", "tonemap_vaapi", "vpp_qsv", "yadif_cuda", "zscale", "alphasrc"]
[2023-09-05 13:32:39.319 -03:00] [INF] [1] MediaBrowser.MediaEncoding.Encoder.MediaEncoder: Available hwaccel types: ["cuda", "vaapi", "qsv", "drm", "opencl", "vulkan"]
[2023-09-05 13:32:39.491 -03:00] [INF] [1] MediaBrowser.MediaEncoding.Encoder.MediaEncoder: FFmpeg: "/usr/lib/jellyfin-ffmpeg/ffmpeg"
[2023-09-05 13:32:39.492 -03:00] [INF] [1] Emby.Server.Implementations.ApplicationHost: ServerId: "069e14fd144a43008ae70d4f4a5d6edd"
[2023-09-05 13:32:39.593 -03:00] [INF] [1] Emby.Dlna.Main.DlnaEntryPoint: Registering publisher for "urn:schemas-upnp-org:device:MediaServer:1" on "172.23.0.6/16"
[2023-09-05 13:32:39.607 -03:00] [INF] [1] Emby.Dlna.Main.DlnaEntryPoint: Registering publisher for "urn:schemas-upnp-org:device:MediaServer:1" on "127.0.0.1/8"
[2023-09-05 13:32:39.609 -03:00] [INF] [1] Emby.Server.Implementations.ApplicationHost: Executed all pre-startup entry points in 0:00:00.1120676
[2023-09-05 13:32:39.609 -03:00] [INF] [1] Emby.Server.Implementations.ApplicationHost: Core startup complete
[2023-09-05 13:32:39.770 -03:00] [INF] [1] Emby.Server.Implementations.ApplicationHost: Executed all post-startup entry points in 0:00:00.1603096
[2023-09-05 13:32:39.770 -03:00] [INF] [1] Main: Startup complete 0:00:04.3694207
[2023-09-05 13:32:39.778 -03:00] [INF] [11] Emby.Server.Implementations.IO.LibraryMonitor: Watching directory "/data/ebooks"
[2023-09-05 13:32:39.779 -03:00] [INF] [10] Emby.Server.Implementations.IO.LibraryMonitor: Watching directory "/data/videoclips"
[2023-09-05 13:32:39.788 -03:00] [INF] [18] Emby.Server.Implementations.IO.LibraryMonitor: Watching directory "/data/music"
[2023-09-05 13:32:39.788 -03:00] [INF] [20] Emby.Server.Implementations.IO.LibraryMonitor: Watching directory "/data/movies"
[2023-09-05 13:32:39.793 -03:00] [INF] [19] Emby.Server.Implementations.IO.LibraryMonitor: Watching directory "/data/tv"
[2023-09-05 13:32:39.914 -03:00] [INF] [17] Emby.Server.Implementations.IO.LibraryMonitor: Watching directory "/data/comics"
[2023-09-05 13:32:40.464 -03:00] [WRN] [10] Microsoft.EntityFrameworkCore.Model.Validation: The entity type '"AccessSchedule"' is configured to use schema '"jellyfin"', but SQLite does not support schemas. This configuration will be ignored by the SQLite provider.
[2023-09-05 13:32:40.465 -03:00] [WRN] [10] Microsoft.EntityFrameworkCore.Model.Validation: The entity type '"ActivityLog"' is configured to use schema '"jellyfin"', but SQLite does not support schemas. This configuration will be ignored by the SQLite provider.
[2023-09-05 13:32:40.465 -03:00] [WRN] [10] Microsoft.EntityFrameworkCore.Model.Validation: The entity type '"CustomItemDisplayPreferences"' is configured to use schema '"jellyfin"', but SQLite does not support schemas. This configuration will be ignored by the SQLite provider.
[2023-09-05 13:32:40.465 -03:00] [WRN] [10] Microsoft.EntityFrameworkCore.Model.Validation: The entity type '"DisplayPreferences"' is configured to use schema '"jellyfin"', but SQLite does not support schemas. This configuration will be ignored by the SQLite provider.
[2023-09-05 13:32:40.465 -03:00] [WRN] [10] Microsoft.EntityFrameworkCore.Model.Validation: The entity type '"HomeSection"' is configured to use schema '"jellyfin"', but SQLite does not support schemas. This configuration will be ignored by the SQLite provider.
[2023-09-05 13:32:40.465 -03:00] [WRN] [10] Microsoft.EntityFrameworkCore.Model.Validation: The entity type '"ImageInfo"' is configured to use schema '"jellyfin"', but SQLite does not support schemas. This configuration will be ignored by the SQLite provider.
[2023-09-05 13:32:40.465 -03:00] [WRN] [10] Microsoft.EntityFrameworkCore.Model.Validation: The entity type '"ItemDisplayPreferences"' is configured to use schema '"jellyfin"', but SQLite does not support schemas. This configuration will be ignored by the SQLite provider.
[2023-09-05 13:32:40.465 -03:00] [WRN] [10] Microsoft.EntityFrameworkCore.Model.Validation: The entity type '"Permission"' is configured to use schema '"jellyfin"', but SQLite does not support schemas. This configuration will be ignored by the SQLite provider.
[2023-09-05 13:32:40.465 -03:00] [WRN] [10] Microsoft.EntityFrameworkCore.Model.Validation: The entity type '"Preference"' is configured to use schema '"jellyfin"', but SQLite does not support schemas. This configuration will be ignored by the SQLite provider.
[2023-09-05 13:32:40.466 -03:00] [WRN] [10] Microsoft.EntityFrameworkCore.Model.Validation: The entity type '"ApiKey"' is configured to use schema '"jellyfin"', but SQLite does not support schemas. This configuration will be ignored by the SQLite provider.
[2023-09-05 13:32:40.486 -03:00] [WRN] [10] Microsoft.EntityFrameworkCore.Model.Validation: The entity type '"Device"' is configured to use schema '"jellyfin"', but SQLite does not support schemas. This configuration will be ignored by the SQLite provider.
[2023-09-05 13:32:40.486 -03:00] [WRN] [10] Microsoft.EntityFrameworkCore.Model.Validation: The entity type '"DeviceOptions"' is configured to use schema '"jellyfin"', but SQLite does not support schemas. This configuration will be ignored by the SQLite provider.
[2023-09-05 13:32:40.487 -03:00] [WRN] [10] Microsoft.EntityFrameworkCore.Model.Validation: The entity type '"User"' is configured to use schema '"jellyfin"', but SQLite does not support schemas. This configuration will be ignored by the SQLite provider.
[2023-09-05 13:32:41.728 -03:00] [INF] [12] Emby.Server.Implementations.ScheduledTasks.TaskManager: "StartupTrigger" fired for task: "Update Plugins"
[2023-09-05 13:32:41.729 -03:00] [INF] [12] Emby.Server.Implementations.ScheduledTasks.TaskManager: Queuing task "PluginUpdateTask"
[2023-09-05 13:32:41.730 -03:00] [INF] [19] Emby.Server.Implementations.ScheduledTasks.TaskManager: Executing "Update Plugins"
[2023-09-05 13:32:43.510 -03:00] [INF] [11] Emby.Server.Implementations.ScheduledTasks.TaskManager: "Update Plugins" Completed after 0 minute(s) and 1 seconds
[2023-09-05 13:32:43.514 -03:00] [INF] [11] Emby.Server.Implementations.ScheduledTasks.TaskManager: ExecuteQueuedTasks
[2023-09-05 13:33:38.731 -03:00] [INF] [10] Emby.Server.Implementations.ScheduledTasks.TaskManager: "IntervalTrigger" fired for task: "Scan Media Library"
[2023-09-05 13:33:38.731 -03:00] [INF] [10] Emby.Server.Implementations.ScheduledTasks.TaskManager: Queuing task "RefreshMediaLibraryTask"
[2023-09-05 13:33:38.732 -03:00] [INF] [17] Emby.Server.Implementations.ScheduledTasks.TaskManager: Executing "Scan Media Library"
[2023-09-05 13:33:38.733 -03:00] [INF] [17] Emby.Server.Implementations.IO.LibraryMonitor: Stopping directory watching for path "/data/movies"
[2023-09-05 13:33:38.734 -03:00] [INF] [17] Emby.Server.Implementations.IO.LibraryMonitor: Stopping directory watching for path "/data/ebooks"
[2023-09-05 13:33:38.734 -03:00] [INF] [17] Emby.Server.Implementations.IO.LibraryMonitor: Stopping directory watching for path "/data/comics"
[2023-09-05 13:33:38.734 -03:00] [INF] [17] Emby.Server.Implementations.IO.LibraryMonitor: Stopping directory watching for path "/data/tv"
[2023-09-05 13:33:38.734 -03:00] [INF] [17] Emby.Server.Implementations.IO.LibraryMonitor: Stopping directory watching for path "/data/videoclips"
[2023-09-05 13:33:38.734 -03:00] [INF] [17] Emby.Server.Implementations.IO.LibraryMonitor: Stopping directory watching for path "/data/music"
[2023-09-05 13:33:38.736 -03:00] [INF] [17] Emby.Server.Implementations.Library.LibraryManager: Validating media library
[2023-09-05 13:33:38.900 -03:00] [INF] [10] Emby.Drawing.ImageProcessor: Creating image collage and saving to "/config/cache/temp/73d95307de1e4a2886ce6f5af229ba66.png"
[2023-09-05 13:33:39.251 -03:00] [INF] [10] Emby.Drawing.ImageProcessor: Completed creation of image collage and saved to "/config/cache/temp/73d95307de1e4a2886ce6f5af229ba66.png"
[2023-09-05 13:33:44.842 -03:00] [INF] [44] Emby.Drawing.ImageProcessor: Creating image collage and saving to "/config/cache/temp/73a79b234b1743b1804aaadf128d93cb.png"
[2023-09-05 13:33:45.207 -03:00] [INF] [44] Emby.Drawing.ImageProcessor: Completed creation of image collage and saved to "/config/cache/temp/73a79b234b1743b1804aaadf128d93cb.png"
[2023-09-05 13:33:45.249 -03:00] [INF] [48] Emby.Drawing.ImageProcessor: Creating image collage and saving to "/config/cache/temp/78f99e169f2b4adaafc26af284900d9e.png"
[2023-09-05 13:33:45.496 -03:00] [INF] [48] Emby.Drawing.ImageProcessor: Completed creation of image collage and saved to "/config/cache/temp/78f99e169f2b4adaafc26af284900d9e.png"
[2023-09-05 13:33:45.544 -03:00] [INF] [48] Emby.Drawing.ImageProcessor: Creating image collage and saving to "/config/cache/temp/3e47a399a1de4492b2ab705563aac151.png"
[2023-09-05 13:33:45.760 -03:00] [INF] [48] Emby.Drawing.ImageProcessor: Completed creation of image collage and saved to "/config/cache/temp/3e47a399a1de4492b2ab705563aac151.png"
[2023-09-05 13:33:45.813 -03:00] [INF] [44] Emby.Drawing.ImageProcessor: Creating image collage and saving to "/config/cache/temp/234f4cd4e0154f40b8a80c007a01aa7a.png"
[2023-09-05 13:33:46.152 -03:00] [INF] [44] Emby.Drawing.ImageProcessor: Completed creation of image collage and saved to "/config/cache/temp/234f4cd4e0154f40b8a80c007a01aa7a.png"
[2023-09-05 13:33:46.201 -03:00] [INF] [42] Emby.Drawing.ImageProcessor: Creating image collage and saving to "/config/cache/temp/1027005ecbcf462490399e37240c532d.png"
[2023-09-05 13:33:46.455 -03:00] [INF] [42] Emby.Drawing.ImageProcessor: Completed creation of image collage and saved to "/config/cache/temp/1027005ecbcf462490399e37240c532d.png"
[2023-09-05 13:33:46.501 -03:00] [INF] [45] Emby.Drawing.ImageProcessor: Creating image collage and saving to "/config/cache/temp/9f6219002dd54d4189a31004e80cc176.png"
[2023-09-05 13:33:46.765 -03:00] [INF] [45] Emby.Drawing.ImageProcessor: Completed creation of image collage and saved to "/config/cache/temp/9f6219002dd54d4189a31004e80cc176.png"
[2023-09-05 13:33:46.809 -03:00] [INF] [48] Emby.Drawing.ImageProcessor: Creating image collage and saving to "/config/cache/temp/00db5d5909524ca58fbdbb2ab04fe282.png"
[2023-09-05 13:33:47.085 -03:00] [INF] [48] Emby.Drawing.ImageProcessor: Completed creation of image collage and saved to "/config/cache/temp/00db5d5909524ca58fbdbb2ab04fe282.png"
[2023-09-05 13:33:47.126 -03:00] [INF] [44] Emby.Drawing.ImageProcessor: Creating image collage and saving to "/config/cache/temp/060a07e0cd064e1a9cc668120f6124c4.png"
[2023-09-05 13:33:47.331 -03:00] [INF] [44] Emby.Drawing.ImageProcessor: Completed creation of image collage and saved to "/config/cache/temp/060a07e0cd064e1a9cc668120f6124c4.png"
[2023-09-05 13:33:47.377 -03:00] [INF] [44] Emby.Drawing.ImageProcessor: Creating image collage and saving to "/config/cache/temp/6327361fd6734898847ee40dadc12609.png"
[2023-09-05 13:33:47.662 -03:00] [INF] [44] Emby.Drawing.ImageProcessor: Completed creation of image collage and saved to "/config/cache/temp/6327361fd6734898847ee40dadc12609.png"
[2023-09-05 13:33:47.706 -03:00] [INF] [44] Emby.Drawing.ImageProcessor: Creating image collage and saving to "/config/cache/temp/a0a9e55687164de988144d061216461c.png"
[2023-09-05 13:33:47.961 -03:00] [INF] [44] Emby.Drawing.ImageProcessor: Completed creation of image collage and saved to "/config/cache/temp/a0a9e55687164de988144d061216461c.png"
[2023-09-05 13:33:48.025 -03:00] [INF] [44] Emby.Drawing.ImageProcessor: Creating image collage and saving to "/config/cache/temp/f7698efe3cb14149b5c34b892bd0bf6e.png"
[2023-09-05 13:33:48.253 -03:00] [INF] [44] Emby.Drawing.ImageProcessor: Completed creation of image collage and saved to "/config/cache/temp/f7698efe3cb14149b5c34b892bd0bf6e.png"
[2023-09-05 13:33:48.305 -03:00] [INF] [53] Emby.Drawing.ImageProcessor: Creating image collage and saving to "/config/cache/temp/07b1e8d9be2f4139bf0c674b4696a35f.png"
[2023-09-05 13:33:48.695 -03:00] [INF] [53] Emby.Drawing.ImageProcessor: Completed creation of image collage and saved to "/config/cache/temp/07b1e8d9be2f4139bf0c674b4696a35f.png"
[2023-09-05 13:33:48.777 -03:00] [INF] [53] Emby.Server.Implementations.ScheduledTasks.TaskManager: "Scan Media Library" Completed after 0 minute(s) and 10 seconds
[2023-09-05 13:33:48.778 -03:00] [INF] [53] Emby.Server.Implementations.ScheduledTasks.TaskManager: ExecuteQueuedTasks
[2023-09-05 13:33:48.798 -03:00] [INF] [42] Emby.Server.Implementations.IO.LibraryMonitor: Watching directory "/data/videoclips"
[2023-09-05 13:33:48.798 -03:00] [INF] [46] Emby.Server.Implementations.IO.LibraryMonitor: Watching directory "/data/movies"
[2023-09-05 13:33:48.799 -03:00] [INF] [17] Emby.Server.Implementations.IO.LibraryMonitor: Watching directory "/data/ebooks"
[2023-09-05 13:33:48.799 -03:00] [INF] [47] Emby.Server.Implementations.IO.LibraryMonitor: Watching directory "/data/music"
[2023-09-05 13:33:48.799 -03:00] [INF] [49] Emby.Server.Implementations.IO.LibraryMonitor: Watching directory "/data/tv"
[2023-09-05 13:33:48.806 -03:00] [INF] [29] Emby.Server.Implementations.IO.LibraryMonitor: Watching directory "/data/comics"
[2023-09-05 14:25:30.361 -03:00] [WRN] [11] Jellyfin.Networking.Manager.NetworkManager: IPv6 is disabled in Jellyfin, but enabled in the OS. This may affect how the interface is selected.
[2023-09-05 16:22:45.554 -03:00] [INF] [133] Emby.Server.Implementations.HttpServer.WebSocketManager: WS "2804:431:cfd9:fb35:f07b:2be3:f0b8:e4ca" request
[2023-09-05 16:22:55.680 -03:00] [INF] [98] Jellyfin.Api.Helpers.MediaInfoHelper: User policy for "userx". EnableAudioPlaybackTranscoding: True
[2023-09-05 16:22:55.948 -03:00] [INF] [53] Jellyfin.Api.Helpers.TranscodingJobHelper: "/usr/lib/jellyfin-ffmpeg/ffmpeg" "-analyzeduration 200M  -i file:\"/data/music/Wu‐Tang Clan/Wu‐Tang Clan - Album - 2009 - Chamber Music/0101 - Redemption.m4a\" -threads 0 -vn -ab 128000 -ac 2 -acodec libmp3lame -id3v2_version 3 -write_id3v1 1 -y \"/config/data/transcodes/e5bb1f77f458f49b2ce6cc6a6255b5ed.mp3\""
[2023-09-05 16:22:56.766 -03:00] [INF] [132] Jellyfin.Api.Helpers.TranscodingJobHelper: FFmpeg exited with code 0
[2023-09-05 16:24:08.070 -03:00] [INF] [38] Jellyfin.Api.Helpers.TranscodingJobHelper: Deleting partial stream file(s) "/config/data/transcodes/e5bb1f77f458f49b2ce6cc6a6255b5ed.mp3"
[2023-09-05 16:24:08.072 -03:00] [INF] [34] Jellyfin.Api.Helpers.MediaInfoHelper: User policy for "userx". EnableAudioPlaybackTranscoding: True
[2023-09-05 16:24:08.181 -03:00] [INF] [138] Emby.Server.Implementations.Session.SessionManager: Playback stopped reported by app "Android TV" "0.15.12" playing "Redemption". Stopped at "70939" ms
[2023-09-05 16:24:08.572 -03:00] [INF] [35] Jellyfin.Api.Helpers.TranscodingJobHelper: "/usr/lib/jellyfin-ffmpeg/ffmpeg" "-analyzeduration 200M  -i file:\"/data/music/Wu‐Tang Clan/Wu‐Tang Clan - Album - 2009 - Chamber Music/0102 - Kill Too Hard.m4a\" -threads 0 -vn -ab 128000 -ac 2 -acodec libmp3lame -id3v2_version 3 -write_id3v1 1 -y \"/config/data/transcodes/04905c4c233776cdb585b5a1bcd535b9.mp3\""
[2023-09-05 16:24:09.569 -03:00] [INF] [35] Emby.Server.Implementations.Session.SessionManager: Playback stopped reported by app "Android TV" "0.15.12" playing "Redemption". Stopped at "0" ms
[2023-09-05 16:24:09.605 -03:00] [WRN] [35] Jellyfin.Server.Middleware.ResponseTimeMiddleware: Slow HTTP Response from "https://jellyfin.xablam.biz/Sessions/Playing/Stopped" to "2804:431:cfd9:fb35:f07b:2be3:f0b8:e4ca" in 0:00:01.5410112 with Status Code 204
[2023-09-05 16:24:10.676 -03:00] [INF] [35] Jellyfin.Api.Helpers.TranscodingJobHelper: FFmpeg exited with code 0
[2023-09-05 16:24:25.029 -03:00] [INF] [137] Jellyfin.Api.Helpers.MediaInfoHelper: User policy for "userx". EnableAudioPlaybackTranscoding: True
[2023-09-05 16:24:25.070 -03:00] [INF] [42] Jellyfin.Api.Helpers.TranscodingJobHelper: "/usr/lib/jellyfin-ffmpeg/ffmpeg" "-analyzeduration 200M  -i file:\"/data/music/Wu‐Tang Clan/Wu‐Tang Clan - Album - 2009 - Chamber Music/0103 - The Abbot.m4a\" -threads 0 -vn -ab 128000 -ac 2 -acodec libmp3lame -id3v2_version 3 -write_id3v1 1 -y \"/config/data/transcodes/6485032f7e7bc5d0d51242933660181c.mp3\""
[2023-09-05 16:24:25.121 -03:00] [INF] [117] Jellyfin.Api.Helpers.TranscodingJobHelper: Deleting partial stream file(s) "/config/data/transcodes/04905c4c233776cdb585b5a1bcd535b9.mp3"
[2023-09-05 16:24:25.706 -03:00] [INF] [40] Jellyfin.Api.Helpers.TranscodingJobHelper: Stopping ffmpeg process with q command for "/config/data/transcodes/6485032f7e7bc5d0d51242933660181c.mp3"
[2023-09-05 16:24:25.789 -03:00] [INF] [40] Jellyfin.Api.Helpers.TranscodingJobHelper: FFmpeg exited with code 0
[2023-09-05 16:24:25.789 -03:00] [INF] [40] Jellyfin.Api.Helpers.TranscodingJobHelper: Deleting partial stream file(s) "/config/data/transcodes/6485032f7e7bc5d0d51242933660181c.mp3"
[2023-09-05 16:24:25.840 -03:00] [INF] [38] Jellyfin.Api.Helpers.MediaInfoHelper: User policy for "userx". EnableAudioPlaybackTranscoding: True
[2023-09-05 16:24:26.081 -03:00] [INF] [40] Jellyfin.Api.Helpers.TranscodingJobHelper: "/usr/lib/jellyfin-ffmpeg/ffmpeg" "-analyzeduration 200M  -i file:\"/data/music/Wu‐Tang Clan/Wu‐Tang Clan - Album - 2009 - Chamber Music/0104 - Harbor Masters.m4a\" -threads 0 -vn -ab 128000 -ac 2 -acodec libmp3lame -id3v2_version 3 -write_id3v1 1 -y \"/config/data/transcodes/ccde45be3c40348377d5e62c5eb736d6.mp3\""
[2023-09-05 16:24:26.622 -03:00] [INF] [39] Emby.Server.Implementations.Session.SessionManager: Playback stopped reported by app "Android TV" "0.15.12" playing "Kill Too Hard". Stopped at "14890" ms
[2023-09-05 16:24:26.659 -03:00] [WRN] [39] Jellyfin.Server.Middleware.ResponseTimeMiddleware: Slow HTTP Response from "https://jellyfin.xablam.biz/Sessions/Playing/Stopped" to "2804:431:cfd9:fb35:f07b:2be3:f0b8:e4ca" in 0:00:01.5388323 with Status Code 204
[2023-09-05 16:24:27.290 -03:00] [INF] [39] Emby.Server.Implementations.Session.SessionManager: Playback stopped reported by app "Android TV" "0.15.12" playing "The Abbot". Stopped at "0" ms
[2023-09-05 16:24:27.327 -03:00] [WRN] [39] Jellyfin.Server.Middleware.ResponseTimeMiddleware: Slow HTTP Response from "https://jellyfin.xablam.biz/Sessions/Playing/Stopped" to "2804:431:cfd9:fb35:f07b:2be3:f0b8:e4ca" in 0:00:01.6224943 with Status Code 204
[2023-09-05 16:24:28.841 -03:00] [INF] [40] Jellyfin.Api.Helpers.TranscodingJobHelper: FFmpeg exited with code 0
[2023-09-05 16:28:19.309 -03:00] [INF] [113] Jellyfin.Api.Helpers.TranscodingJobHelper: Deleting partial stream file(s) "/config/data/transcodes/ccde45be3c40348377d5e62c5eb736d6.mp3"
[2023-09-05 16:28:19.394 -03:00] [INF] [113] Emby.Server.Implementations.Session.SessionManager: Playback stopped reported by app "Android TV" "0.15.12" playing "Harbor Masters". Stopped at "231927" ms
[2023-09-05 16:28:19.598 -03:00] [INF] [49] Jellyfin.Api.Helpers.MediaInfoHelper: User policy for "userx". EnableAudioPlaybackTranscoding: True
[2023-09-05 16:28:20.213 -03:00] [INF] [100] Jellyfin.Api.Helpers.TranscodingJobHelper: "/usr/lib/jellyfin-ffmpeg/ffmpeg" "-analyzeduration 200M  -i file:\"/data/music/Wu‐Tang Clan/Wu‐Tang Clan - Album - 2009 - Chamber Music/0105 - Sheep State.m4a\" -threads 0 -vn -ab 128000 -ac 2 -acodec libmp3lame -id3v2_version 3 -write_id3v1 1 -y \"/config/data/transcodes/40513f4e746f79ba1f60c919efa95b85.mp3\""
[2023-09-05 16:28:20.707 -03:00] [INF] [131] Jellyfin.Api.Helpers.TranscodingJobHelper: FFmpeg exited with code 0
[2023-09-05 16:28:20.810 -03:00] [INF] [103] Emby.Server.Implementations.Session.SessionManager: Playback stopped reported by app "Android TV" "0.15.12" playing "Harbor Masters". Stopped at "0" ms
[2023-09-05 16:28:20.853 -03:00] [WRN] [103] Jellyfin.Server.Middleware.ResponseTimeMiddleware: Slow HTTP Response from "https://jellyfin.xablam.biz/Sessions/Playing/Stopped" to "2804:431:cfd9:fb35:f07b:2be3:f0b8:e4ca" in 0:00:01.5455109 with Status Code 204
[2023-09-05 16:28:59.890 -03:00] [INF] [51] Jellyfin.Api.Helpers.TranscodingJobHelper: Deleting partial stream file(s) "/config/data/transcodes/40513f4e746f79ba1f60c919efa95b85.mp3"
[2023-09-05 16:28:59.990 -03:00] [INF] [106] Emby.Server.Implementations.Session.SessionManager: Playback stopped reported by app "Android TV" "0.15.12" playing "Sheep State". Stopped at "37799" ms
[2023-09-05 16:29:00.212 -03:00] [INF] [106] Jellyfin.Api.Helpers.MediaInfoHelper: User policy for "userx". EnableAudioPlaybackTranscoding: True
[2023-09-05 16:29:00.809 -03:00] [INF] [106] Jellyfin.Api.Helpers.TranscodingJobHelper: "/usr/lib/jellyfin-ffmpeg/ffmpeg" "-analyzeduration 200M  -i file:\"/data/music/Wu‐Tang Clan/Wu‐Tang Clan - Album - 2009 - Chamber Music/0106 - Radiant Jewels.m4a\" -threads 0 -vn -ab 128000 -ac 2 -acodec libmp3lame -id3v2_version 3 -write_id3v1 1 -y \"/config/data/transcodes/599f00b966e641707d5feb9ab5af94c0.mp3\""
[2023-09-05 16:29:01.390 -03:00] [INF] [51] Emby.Server.Implementations.Session.SessionManager: Playback stopped reported by app "Android TV" "0.15.12" playing "Sheep State". Stopped at "0" ms
[2023-09-05 16:29:01.423 -03:00] [WRN] [51] Jellyfin.Server.Middleware.ResponseTimeMiddleware: Slow HTTP Response from "https://jellyfin.xablam.biz/Sessions/Playing/Stopped" to "2804:431:cfd9:fb35:f07b:2be3:f0b8:e4ca" in 0:00:01.5341632 with Status Code 204
[2023-09-05 16:29:02.336 -03:00] [INF] [51] Jellyfin.Api.Helpers.TranscodingJobHelper: FFmpeg exited with code 0
[2023-09-05 16:31:37.706 -03:00] [INF] [115] Jellyfin.Api.Helpers.TranscodingJobHelper: Deleting partial stream file(s) "/config/data/transcodes/599f00b966e641707d5feb9ab5af94c0.mp3"
[2023-09-05 16:31:37.787 -03:00] [INF] [115] Emby.Server.Implementations.Session.SessionManager: Playback stopped reported by app "Android TV" "0.15.12" playing "Radiant Jewels". Stopped at "155269" ms
[2023-09-05 16:31:37.831 -03:00] [INF] [44] Jellyfin.Api.Helpers.MediaInfoHelper: User policy for "userx". EnableAudioPlaybackTranscoding: True
[2023-09-05 16:31:38.433 -03:00] [INF] [115] Jellyfin.Api.Helpers.TranscodingJobHelper: "/usr/lib/jellyfin-ffmpeg/ffmpeg" "-analyzeduration 200M  -i file:\"/data/music/Wu‐Tang Clan/Wu‐Tang Clan - Album - 2009 - Chamber Music/0107 - Supreme Architecture.m4a\" -threads 0 -vn -ab 128000 -ac 2 -acodec libmp3lame -id3v2_version 3 -write_id3v1 1 -y \"/config/data/transcodes/40bac166d3052fa4b6de1553010a3799.mp3\""
[2023-09-05 16:31:39.210 -03:00] [INF] [122] Emby.Server.Implementations.Session.SessionManager: Playback stopped reported by app "Android TV" "0.15.12" playing "Radiant Jewels". Stopped at "0" ms
[2023-09-05 16:31:39.245 -03:00] [WRN] [122] Jellyfin.Server.Middleware.ResponseTimeMiddleware: Slow HTTP Response from "https://jellyfin.xablam.biz/Sessions/Playing/Stopped" to "2804:431:cfd9:fb35:f07b:2be3:f0b8:e4ca" in 0:00:01.5402795 with Status Code 204
[2023-09-05 16:31:39.420 -03:00] [INF] [48] Jellyfin.Api.Helpers.TranscodingJobHelper: FFmpeg exited with code 0
[2023-09-05 16:32:56.461 -03:00] [INF] [74] Jellyfin.Api.Helpers.TranscodingJobHelper: Deleting partial stream file(s) "/config/data/transcodes/40bac166d3052fa4b6de1553010a3799.mp3"
[2023-09-05 16:32:56.551 -03:00] [INF] [74] Emby.Server.Implementations.Session.SessionManager: Playback stopped reported by app "Android TV" "0.15.12" playing "Supreme Architecture". Stopped at "76291" ms
[2023-09-05 16:32:56.589 -03:00] [INF] [152] Jellyfin.Api.Helpers.MediaInfoHelper: User policy for "userx". EnableAudioPlaybackTranscoding: True
[2023-09-05 16:32:57.109 -03:00] [INF] [123] Jellyfin.Api.Helpers.TranscodingJobHelper: "/usr/lib/jellyfin-ffmpeg/ffmpeg" "-analyzeduration 200M  -i file:\"/data/music/Wu‐Tang Clan/Wu‐Tang Clan - Album - 2009 - Chamber Music/0108 - Evil Deeds.m4a\" -threads 0 -vn -ab 128000 -ac 2 -acodec libmp3lame -id3v2_version 3 -write_id3v1 1 -y \"/config/data/transcodes/6a4ba9fbfe2c5f14f610dff106de6f7c.mp3\""
[2023-09-05 16:32:57.961 -03:00] [INF] [68] Emby.Server.Implementations.Session.SessionManager: Playback stopped reported by app "Android TV" "0.15.12" playing "Supreme Architecture". Stopped at "0" ms
[2023-09-05 16:32:57.998 -03:00] [WRN] [68] Jellyfin.Server.Middleware.ResponseTimeMiddleware: Slow HTTP Response from "https://jellyfin.xablam.biz/Sessions/Playing/Stopped" to "2804:431:cfd9:fb35:f07b:2be3:f0b8:e4ca" in 0:00:01.5379042 with Status Code 204
[2023-09-05 16:32:59.650 -03:00] [INF] [116] Jellyfin.Api.Helpers.TranscodingJobHelper: FFmpeg exited with code 0
[2023-09-05 16:36:36.194 -03:00] [INF] [146] Jellyfin.Api.Helpers.TranscodingJobHelper: Deleting partial stream file(s) "/config/data/transcodes/6a4ba9fbfe2c5f14f610dff106de6f7c.mp3"
[2023-09-05 16:36:36.314 -03:00] [INF] [146] Emby.Server.Implementations.Session.SessionManager: Playback stopped reported by app "Android TV" "0.15.12" playing "Evil Deeds". Stopped at "0" ms
[2023-09-05 16:36:36.354 -03:00] [INF] [64] Jellyfin.Api.Helpers.MediaInfoHelper: User policy for "userx". EnableAudioPlaybackTranscoding: True
[2023-09-05 16:36:36.437 -03:00] [INF] [97] Jellyfin.Api.Helpers.TranscodingJobHelper: "/usr/lib/jellyfin-ffmpeg/ffmpeg" "-analyzeduration 200M  -i file:\"/data/music/Wu‐Tang Clan/Wu‐Tang Clan - Album - 2009 - Chamber Music/0109 - Wise Men.m4a\" -threads 0 -vn -ab 128000 -ac 2 -acodec libmp3lame -id3v2_version 3 -write_id3v1 1 -y \"/config/data/transcodes/71ca68cb7d9f354bec3390b6d6bf0e6a.mp3\""
[2023-09-05 16:36:37.169 -03:00] [INF] [116] Jellyfin.Api.Helpers.TranscodingJobHelper: FFmpeg exited with code 0
[2023-09-05 16:36:37.534 -03:00] [INF] [146] Jellyfin.Api.Helpers.TranscodingJobHelper: Deleting partial stream file(s) "/config/data/transcodes/71ca68cb7d9f354bec3390b6d6bf0e6a.mp3"
[2023-09-05 16:36:37.693 -03:00] [INF] [146] Emby.Server.Implementations.Session.SessionManager: Playback stopped reported by app "Android TV" "0.15.12" playing "Evil Deeds". Stopped at "217552" ms
[2023-09-05 16:36:37.729 -03:00] [WRN] [146] Jellyfin.Server.Middleware.ResponseTimeMiddleware: Slow HTTP Response from "https://jellyfin.xablam.biz/Sessions/Playing/Stopped" to "2804:431:cfd9:fb35:f07b:2be3:f0b8:e4ca" in 0:00:01.5360095 with Status Code 204
[2023-09-05 16:36:39.035 -03:00] [INF] [97] Emby.Server.Implementations.Session.SessionManager: Playback stopped reported by app "Android TV" "0.15.12" playing "Wise Men". Stopped at "0" ms
[2023-09-05 16:36:39.078 -03:00] [WRN] [97] Jellyfin.Server.Middleware.ResponseTimeMiddleware: Slow HTTP Response from "https://jellyfin.xablam.biz/Sessions/Playing/Stopped" to "2804:431:cfd9:fb35:f07b:2be3:f0b8:e4ca" in 0:00:01.5453245 with Status Code 204
[2023-09-05 16:37:15.744 -03:00] [INF] [46] Emby.Server.Implementations.ScheduledTasks.TaskManager: "IntervalTrigger" fired for task: "Download missing subtitles"
[2023-09-05 16:37:15.744 -03:00] [INF] [46] Emby.Server.Implementations.ScheduledTasks.TaskManager: Queuing task "SubtitleScheduledTask"
[2023-09-05 16:37:15.744 -03:00] [INF] [46] Emby.Server.Implementations.ScheduledTasks.TaskManager: Executing "Download missing subtitles"
[2023-09-05 16:37:15.748 -03:00] [INF] [46] Emby.Server.Implementations.ScheduledTasks.TaskManager: "Download missing subtitles" Completed after 0 minute(s) and 0 seconds
[2023-09-05 16:37:15.748 -03:00] [INF] [46] Emby.Server.Implementations.ScheduledTasks.TaskManager: ExecuteQueuedTasks
[2023-09-05 16:37:15.773 -03:00] [INF] [46] Emby.Server.Implementations.ScheduledTasks.TaskManager: "IntervalTrigger" fired for task: "Clean Transcode Directory"
[2023-09-05 16:37:15.773 -03:00] [INF] [46] Emby.Server.Implementations.ScheduledTasks.TaskManager: Queuing task "DeleteTranscodeFileTask"
[2023-09-05 16:37:15.773 -03:00] [INF] [46] Emby.Server.Implementations.ScheduledTasks.TaskManager: Executing "Clean Transcode Directory"
[2023-09-05 16:37:15.775 -03:00] [INF] [46] Emby.Server.Implementations.ScheduledTasks.TaskManager: "Clean Transcode Directory" Completed after 0 minute(s) and 0 seconds
[2023-09-05 16:37:15.775 -03:00] [INF] [46] Emby.Server.Implementations.ScheduledTasks.TaskManager: ExecuteQueuedTasks
[2023-09-05 16:37:15.786 -03:00] [INF] [46] Emby.Server.Implementations.ScheduledTasks.TaskManager: "IntervalTrigger" fired for task: "Clean Log Directory"
[2023-09-05 16:37:15.786 -03:00] [INF] [46] Emby.Server.Implementations.ScheduledTasks.TaskManager: Queuing task "DeleteLogFileTask"
[2023-09-05 16:37:15.787 -03:00] [INF] [46] Emby.Server.Implementations.ScheduledTasks.TaskManager: Executing "Clean Log Directory"
[2023-09-05 16:37:15.788 -03:00] [INF] [46] Emby.Server.Implementations.ScheduledTasks.TaskManager: "Clean Log Directory" Completed after 0 minute(s) and 0 seconds
[2023-09-05 16:37:15.788 -03:00] [INF] [46] Emby.Server.Implementations.ScheduledTasks.TaskManager: ExecuteQueuedTasks
[2023-09-05 16:37:15.801 -03:00] [INF] [46] Emby.Server.Implementations.ScheduledTasks.TaskManager: "IntervalTrigger" fired for task: "TasksRefreshChannels"
[2023-09-05 16:37:15.801 -03:00] [INF] [46] Emby.Server.Implementations.ScheduledTasks.TaskManager: Queuing task "RefreshChannelsScheduledTask"
[2023-09-05 16:37:15.801 -03:00] [INF] [46] Emby.Server.Implementations.ScheduledTasks.TaskManager: Executing "TasksRefreshChannels"
[2023-09-05 16:37:15.804 -03:00] [INF] [46] Emby.Server.Implementations.ScheduledTasks.TaskManager: "TasksRefreshChannels" Completed after 0 minute(s) and 0 seconds
[2023-09-05 16:37:15.804 -03:00] [INF] [46] Emby.Server.Implementations.ScheduledTasks.TaskManager: ExecuteQueuedTasks
[2023-09-05 16:37:15.817 -03:00] [INF] [46] Emby.Server.Implementations.ScheduledTasks.TaskManager: "IntervalTrigger" fired for task: "Clean Cache Directory"
[2023-09-05 16:37:15.817 -03:00] [INF] [46] Emby.Server.Implementations.ScheduledTasks.TaskManager: Queuing task "DeleteCacheFileTask"
[2023-09-05 16:37:15.817 -03:00] [INF] [46] Emby.Server.Implementations.ScheduledTasks.TaskManager: Executing "Clean Cache Directory"
[2023-09-05 16:37:15.827 -03:00] [INF] [46] Emby.Server.Implementations.ScheduledTasks.TaskManager: "Clean Cache Directory" Completed after 0 minute(s) and 0 seconds
[2023-09-05 16:37:15.827 -03:00] [INF] [46] Emby.Server.Implementations.ScheduledTasks.TaskManager: ExecuteQueuedTasks
[2023-09-05 16:37:15.840 -03:00] [INF] [46] Emby.Server.Implementations.ScheduledTasks.TaskManager: "IntervalTrigger" fired for task: "Optimize database"
[2023-09-05 16:37:15.840 -03:00] [INF] [46] Emby.Server.Implementations.ScheduledTasks.TaskManager: Queuing task "OptimizeDatabaseTask"
[2023-09-05 16:37:15.840 -03:00] [INF] [46] Emby.Server.Implementations.ScheduledTasks.TaskManager: Executing "Optimize database"
[2023-09-05 16:37:15.841 -03:00] [INF] [46] Emby.Server.Implementations.ScheduledTasks.Tasks.OptimizeDatabaseTask: Optimizing and vacuuming jellyfin.db...
[2023-09-05 16:37:15.849 -03:00] [INF] [46] Emby.Server.Implementations.ScheduledTasks.Tasks.OptimizeDatabaseTask: jellyfin.db optimized successfully!
[2023-09-05 16:37:15.849 -03:00] [INF] [46] Emby.Server.Implementations.ScheduledTasks.TaskManager: "Optimize database" Completed after 0 minute(s) and 0 seconds
[2023-09-05 16:37:15.849 -03:00] [INF] [46] Emby.Server.Implementations.ScheduledTasks.TaskManager: ExecuteQueuedTasks
[2023-09-05 16:37:18.723 -03:00] [INF] [118] Emby.Server.Implementations.ScheduledTasks.TaskManager: "IntervalTrigger" fired for task: "Update Plugins"
[2023-09-05 16:37:18.723 -03:00] [INF] [118] Emby.Server.Implementations.ScheduledTasks.TaskManager: Queuing task "PluginUpdateTask"
[2023-09-05 16:37:18.723 -03:00] [INF] [118] Emby.Server.Implementations.ScheduledTasks.TaskManager: Executing "Update Plugins"
[2023-09-05 16:37:20.713 -03:00] [INF] [63] Emby.Server.Implementations.ScheduledTasks.TaskManager: "Update Plugins" Completed after 0 minute(s) and 1 seconds
[2023-09-05 16:37:20.713 -03:00] [INF] [63] Emby.Server.Implementations.ScheduledTasks.TaskManager: ExecuteQueuedTasks
[2023-09-05 16:37:21.846 -03:00] [INF] [63] Emby.Server.Implementations.ScheduledTasks.TaskManager: "IntervalTrigger" fired for task: "Refresh Guide"
[2023-09-05 16:37:21.846 -03:00] [INF] [63] Emby.Server.Implementations.ScheduledTasks.TaskManager: Queuing task "RefreshGuideScheduledTask"
[2023-09-05 16:37:21.846 -03:00] [INF] [63] Emby.Server.Implementations.ScheduledTasks.TaskManager: Executing "Refresh Guide"
[2023-09-05 16:37:24.875 -03:00] [INF] [63] Emby.Server.Implementations.LiveTv.LiveTvManager: Refreshing guide with 7 days of guide data
[2023-09-05 16:37:24.880 -03:00] [INF] [63] Emby.Server.Implementations.ScheduledTasks.TaskManager: "Refresh Guide" Completed after 0 minute(s) and 3 seconds
[2023-09-05 16:37:24.880 -03:00] [INF] [63] Emby.Server.Implementations.ScheduledTasks.TaskManager: ExecuteQueuedTasks
[2023-09-05 18:59:22.324 -03:00] [INF] [128] Emby.Server.Implementations.Session.SessionWebSocketListener: Sending ForceKeepAlive message to 1 inactive WebSockets.
[2023-09-05 18:59:34.324 -03:00] [INF] [128] Emby.Server.Implementations.Session.SessionWebSocketListener: Lost 1 WebSockets.
[2023-09-05 19:01:27.343 -03:00] [WRN] [64] Emby.Server.Implementations.HttpServer.WebSocketConnection: WS "2804:431:cfd9:fb35:f07b:2be3:f0b8:e4ca" error receiving data: "The remote party closed the WebSocket connection without completing the close handshake."
[2023-09-05 19:01:27.354 -03:00] [INF] [64] Emby.Server.Implementations.HttpServer.WebSocketManager: WS "2804:431:cfd9:fb35:f07b:2be3:f0b8:e4ca" closed
[2023-09-05 23:18:46.548 -03:00] [INF] [131] Emby.Server.Implementations.IO.LibraryMonitor: "ebooks" ("/data/ebooks") will be refreshed.
[2023-09-05 23:23:27.629 -03:00] [INF] [153] Emby.Server.Implementations.IO.LibraryMonitor: "ebooks" ("/data/ebooks") will be refreshed.
[2023-09-05 23:33:18.768 -03:00] [INF] [72] Emby.Server.Implementations.IO.LibraryMonitor: "ebooks" ("/data/ebooks") will be refreshed.
