[2023-07-05 01:19:42.348 +00:00] [INF] [119] Emby.Server.Implementations.ScheduledTasks.TaskManager: "IntervalTrigger" fired for task: "Download missing subtitles"
[2023-07-05 01:19:42.352 +00:00] [INF] [119] Emby.Server.Implementations.ScheduledTasks.TaskManager: Queuing task "SubtitleScheduledTask"
[2023-07-05 01:19:42.352 +00:00] [INF] [120] Emby.Server.Implementations.ScheduledTasks.TaskManager: Executing "Download missing subtitles"
[2023-07-05 01:19:42.367 +00:00] [INF] [117] Emby.Server.Implementations.ScheduledTasks.TaskManager: "IntervalTrigger" fired for task: "Clean Transcode Directory"
[2023-07-05 01:19:42.367 +00:00] [INF] [117] Emby.Server.Implementations.ScheduledTasks.TaskManager: Queuing task "DeleteTranscodeFileTask"
[2023-07-05 01:19:42.371 +00:00] [INF] [117] Emby.Server.Implementations.ScheduledTasks.TaskManager: Executing "Clean Transcode Directory"
[2023-07-05 01:19:42.379 +00:00] [INF] [117] Emby.Server.Implementations.ScheduledTasks.TaskManager: "Clean Transcode Directory" Completed after 0 minute(s) and 0 seconds
[2023-07-05 01:19:42.380 +00:00] [INF] [119] Emby.Server.Implementations.ScheduledTasks.TaskManager: "IntervalTrigger" fired for task: "Clean Cache Directory"
[2023-07-05 01:19:42.380 +00:00] [INF] [119] Emby.Server.Implementations.ScheduledTasks.TaskManager: Queuing task "DeleteCacheFileTask"
[2023-07-05 01:19:42.380 +00:00] [INF] [116] Emby.Server.Implementations.ScheduledTasks.TaskManager: "IntervalTrigger" fired for task: "Clean Log Directory"
[2023-07-05 01:19:42.380 +00:00] [INF] [119] Emby.Server.Implementations.ScheduledTasks.TaskManager: Executing "Clean Cache Directory"
[2023-07-05 01:19:42.380 +00:00] [INF] [116] Emby.Server.Implementations.ScheduledTasks.TaskManager: Queuing task "DeleteLogFileTask"
[2023-07-05 01:19:42.380 +00:00] [INF] [116] Emby.Server.Implementations.ScheduledTasks.TaskManager: Executing "Clean Log Directory"
[2023-07-05 01:19:42.382 +00:00] [INF] [116] Emby.Server.Implementations.ScheduledTasks.TaskManager: "Clean Log Directory" Completed after 0 minute(s) and 0 seconds
[2023-07-05 01:19:42.389 +00:00] [INF] [116] Emby.Server.Implementations.ScheduledTasks.TaskManager: ExecuteQueuedTasks
[2023-07-05 01:19:42.405 +00:00] [INF] [117] Emby.Server.Implementations.ScheduledTasks.TaskManager: ExecuteQueuedTasks
[2023-07-05 01:19:42.411 +00:00] [INF] [119] Emby.Server.Implementations.ScheduledTasks.TaskManager: "Clean Cache Directory" Completed after 0 minute(s) and 0 seconds
[2023-07-05 01:19:42.411 +00:00] [INF] [119] Emby.Server.Implementations.ScheduledTasks.TaskManager: ExecuteQueuedTasks
[2023-07-05 01:19:42.416 +00:00] [INF] [119] Emby.Server.Implementations.ScheduledTasks.TaskManager: "IntervalTrigger" fired for task: "TasksRefreshChannels"
[2023-07-05 01:19:42.416 +00:00] [INF] [119] Emby.Server.Implementations.ScheduledTasks.TaskManager: Queuing task "RefreshChannelsScheduledTask"
[2023-07-05 01:19:42.416 +00:00] [INF] [116] Emby.Server.Implementations.ScheduledTasks.TaskManager: Executing "TasksRefreshChannels"
[2023-07-05 01:19:42.420 +00:00] [INF] [120] Emby.Server.Implementations.ScheduledTasks.TaskManager: "Download missing subtitles" Completed after 0 minute(s) and 0 seconds
[2023-07-05 01:19:42.421 +00:00] [INF] [120] Emby.Server.Implementations.ScheduledTasks.TaskManager: ExecuteQueuedTasks
[2023-07-05 01:19:42.426 +00:00] [INF] [117] Emby.Server.Implementations.ScheduledTasks.TaskManager: "IntervalTrigger" fired for task: "Optimize database"
[2023-07-05 01:19:42.427 +00:00] [INF] [117] Emby.Server.Implementations.ScheduledTasks.TaskManager: Queuing task "OptimizeDatabaseTask"
[2023-07-05 01:19:42.427 +00:00] [INF] [117] Emby.Server.Implementations.ScheduledTasks.TaskManager: Executing "Optimize database"
[2023-07-05 01:19:42.432 +00:00] [INF] [117] Emby.Server.Implementations.ScheduledTasks.Tasks.OptimizeDatabaseTask: Optimizing and vacuuming jellyfin.db...
[2023-07-05 01:19:42.435 +00:00] [INF] [116] Emby.Server.Implementations.ScheduledTasks.TaskManager: "TasksRefreshChannels" Completed after 0 minute(s) and 0 seconds
[2023-07-05 01:19:42.436 +00:00] [INF] [116] Emby.Server.Implementations.ScheduledTasks.TaskManager: ExecuteQueuedTasks
[2023-07-05 01:19:42.503 +00:00] [INF] [117] Emby.Server.Implementations.ScheduledTasks.Tasks.OptimizeDatabaseTask: jellyfin.db optimized successfully!
[2023-07-05 01:19:42.503 +00:00] [INF] [117] Emby.Server.Implementations.ScheduledTasks.TaskManager: "Optimize database" Completed after 0 minute(s) and 0 seconds
[2023-07-05 01:19:42.504 +00:00] [INF] [117] Emby.Server.Implementations.ScheduledTasks.TaskManager: ExecuteQueuedTasks
[2023-07-05 01:19:42.832 +00:00] [INF] [120] Emby.Server.Implementations.ScheduledTasks.TaskManager: "IntervalTrigger" fired for task: "Scan Media Library"
[2023-07-05 01:19:42.832 +00:00] [INF] [120] Emby.Server.Implementations.ScheduledTasks.TaskManager: Queuing task "RefreshMediaLibraryTask"
[2023-07-05 01:19:42.832 +00:00] [INF] [120] Emby.Server.Implementations.ScheduledTasks.TaskManager: Executing "Scan Media Library"
[2023-07-05 01:19:42.834 +00:00] [INF] [120] Emby.Server.Implementations.IO.LibraryMonitor: Stopping directory watching for path "/data/movies"
[2023-07-05 01:19:42.836 +00:00] [INF] [120] Emby.Server.Implementations.IO.LibraryMonitor: Stopping directory watching for path "/data/tvshows"
[2023-07-05 01:19:42.837 +00:00] [INF] [120] Emby.Server.Implementations.Library.LibraryManager: Validating media library
[2023-07-05 01:19:43.052 +00:00] [INF] [116] Emby.Drawing.ImageProcessor: Creating image collage and saving to "/config/cache/temp/525621333ebc46ca81325096e196b865.png"
[2023-07-05 01:19:43.310 +00:00] [INF] [116] Emby.Drawing.ImageProcessor: Completed creation of image collage and saved to "/config/cache/temp/525621333ebc46ca81325096e196b865.png"
[2023-07-05 01:19:45.484 +00:00] [INF] [124] Emby.Server.Implementations.ScheduledTasks.TaskManager: "IntervalTrigger" fired for task: "Refresh Guide"
[2023-07-05 01:19:45.484 +00:00] [INF] [124] Emby.Server.Implementations.ScheduledTasks.TaskManager: Queuing task "RefreshGuideScheduledTask"
[2023-07-05 01:19:45.484 +00:00] [INF] [124] Emby.Server.Implementations.ScheduledTasks.TaskManager: Executing "Refresh Guide"
[2023-07-05 01:19:46.973 +00:00] [INF] [117] Emby.Drawing.ImageProcessor: Creating image collage and saving to "/config/cache/temp/34f526fb91dc49eba0665aceb7c56269.png"
[2023-07-05 01:19:47.196 +00:00] [INF] [117] Emby.Drawing.ImageProcessor: Completed creation of image collage and saved to "/config/cache/temp/34f526fb91dc49eba0665aceb7c56269.png"
[2023-07-05 01:19:47.261 +00:00] [INF] [124] Emby.Drawing.ImageProcessor: Creating image collage and saving to "/config/cache/temp/c6cdd552d6d145a287a01e8c9fc37fb5.png"
[2023-07-05 01:19:47.486 +00:00] [INF] [124] Emby.Drawing.ImageProcessor: Completed creation of image collage and saved to "/config/cache/temp/c6cdd552d6d145a287a01e8c9fc37fb5.png"
[2023-07-05 01:19:47.541 +00:00] [INF] [117] Emby.Drawing.ImageProcessor: Creating image collage and saving to "/config/cache/temp/040b316c3ac248549a5287e518b173b7.png"
[2023-07-05 01:19:47.754 +00:00] [INF] [117] Emby.Drawing.ImageProcessor: Completed creation of image collage and saved to "/config/cache/temp/040b316c3ac248549a5287e518b173b7.png"
[2023-07-05 01:19:48.523 +00:00] [INF] [116] Emby.Server.Implementations.LiveTv.LiveTvManager: Refreshing guide with 7 days of guide data
[2023-07-05 01:19:48.529 +00:00] [INF] [116] Emby.Server.Implementations.ScheduledTasks.TaskManager: "Refresh Guide" Completed after 0 minute(s) and 3 seconds
[2023-07-05 01:19:48.529 +00:00] [INF] [116] Emby.Server.Implementations.ScheduledTasks.TaskManager: ExecuteQueuedTasks
[2023-07-05 01:19:49.242 +00:00] [INF] [124] Emby.Server.Implementations.ScheduledTasks.TaskManager: "Scan Media Library" Completed after 0 minute(s) and 6 seconds
[2023-07-05 01:19:49.242 +00:00] [INF] [124] Emby.Server.Implementations.ScheduledTasks.TaskManager: ExecuteQueuedTasks
[2023-07-05 01:19:49.249 +00:00] [INF] [121] Emby.Server.Implementations.IO.LibraryMonitor: Watching directory "/data/movies"
[2023-07-05 01:19:49.249 +00:00] [INF] [116] Emby.Server.Implementations.IO.LibraryMonitor: Watching directory "/data/tvshows"
[2023-07-05 01:38:06.732 +00:00] [INF] [173] Emby.Server.Implementations.ScheduledTasks.TaskManager: "IntervalTrigger" fired for task: "Update Plugins"
[2023-07-05 01:38:06.732 +00:00] [INF] [173] Emby.Server.Implementations.ScheduledTasks.TaskManager: Queuing task "PluginUpdateTask"
[2023-07-05 01:38:06.733 +00:00] [INF] [173] Emby.Server.Implementations.ScheduledTasks.TaskManager: Executing "Update Plugins"
[2023-07-05 01:38:08.432 +00:00] [INF] [175] Emby.Server.Implementations.ScheduledTasks.TaskManager: "Update Plugins" Completed after 0 minute(s) and 1 seconds
[2023-07-05 01:38:08.433 +00:00] [INF] [175] Emby.Server.Implementations.ScheduledTasks.TaskManager: ExecuteQueuedTasks
[2023-07-05 02:00:00.007 +00:00] [INF] [121] Emby.Server.Implementations.ScheduledTasks.TaskManager: "DailyTrigger" fired for task: "Extract Chapter Images"
[2023-07-05 02:00:00.007 +00:00] [INF] [121] Emby.Server.Implementations.ScheduledTasks.TaskManager: Queuing task "ChapterImagesTask"
[2023-07-05 02:00:00.007 +00:00] [INF] [121] Emby.Server.Implementations.ScheduledTasks.TaskManager: Executing "Extract Chapter Images"
[2023-07-05 02:00:00.011 +00:00] [INF] [121] Emby.Server.Implementations.ScheduledTasks.TaskManager: "Extract Chapter Images" Completed after 0 minute(s) and 0 seconds
[2023-07-05 02:00:00.011 +00:00] [INF] [121] Emby.Server.Implementations.ScheduledTasks.TaskManager: ExecuteQueuedTasks
[2023-07-05 02:00:01.010 +00:00] [INF] [121] Emby.Server.Implementations.ScheduledTasks.TaskManager: Daily trigger for "Extract Chapter Images" set to fire at 2023-07-06 02:00:00.000 +00:00, which is 23:59:58.9893979 from now.
[2023-07-05 03:08:10.951 +00:00] [INF] [2] Main: Received a SIGTERM signal, shutting down
[2023-07-05 03:08:10.953 +00:00] [INF] [2] Main: Running query planner optimizations in the database... This might take a while
[2023-07-05 03:08:10.977 +00:00] [INF] [2] Emby.Server.Implementations.ApplicationHost: Disposing "CoreAppHost"
[2023-07-05 03:08:10.978 +00:00] [INF] [2] Emby.Server.Implementations.ApplicationHost: Disposing "DlnaEntryPoint"
[2023-07-05 03:08:10.979 +00:00] [INF] [2] Emby.Dlna.Main.DlnaEntryPoint: Disposing PlayToManager
[2023-07-05 03:08:10.980 +00:00] [INF] [2] Emby.Dlna.Main.DlnaEntryPoint: Disposing DeviceDiscovery
[2023-07-05 03:08:10.981 +00:00] [INF] [2] Emby.Dlna.Main.DlnaEntryPoint: Disposing SsdpCommunicationsServer
[2023-07-05 03:08:10.982 +00:00] [INF] [2] Emby.Dlna.Main.DlnaEntryPoint: "SsdpCommunicationsServer" disposing _BroadcastListenSocket
[2023-07-05 03:08:10.983 +00:00] [INF] [2] Emby.Dlna.Main.DlnaEntryPoint: "SsdpCommunicationsServer" Disposing 3 sendSockets
[2023-07-05 03:08:10.983 +00:00] [INF] [2] Emby.Dlna.Main.DlnaEntryPoint: "SsdpCommunicationsServer" disposing sendSocket from "0.0.0.0"
[2023-07-05 03:08:10.983 +00:00] [INF] [2] Emby.Dlna.Main.DlnaEntryPoint: "SsdpCommunicationsServer" disposing sendSocket from "172.18.0.7"
[2023-07-05 03:08:10.983 +00:00] [INF] [2] Emby.Dlna.Main.DlnaEntryPoint: "SsdpCommunicationsServer" disposing sendSocket from "127.0.0.1"
[2023-07-05 03:08:10.983 +00:00] [INF] [2] Emby.Server.Implementations.ApplicationHost: Disposing "DeviceAccessEntryPoint"
[2023-07-05 03:08:10.984 +00:00] [INF] [2] Emby.Server.Implementations.ApplicationHost: Disposing "UdpServerEntryPoint"
[2023-07-05 03:08:10.984 +00:00] [INF] [2] Emby.Server.Implementations.ApplicationHost: Disposing "SchedulesDirect"
[2023-07-05 03:08:10.985 +00:00] [INF] [2] Emby.Server.Implementations.ApplicationHost: Disposing "UserDataChangeNotifier"
[2023-07-05 03:08:10.986 +00:00] [INF] [2] Emby.Server.Implementations.ApplicationHost: Disposing "EntryPoint"
[2023-07-05 03:08:10.986 +00:00] [INF] [2] Emby.Server.Implementations.ApplicationHost: Disposing "LibraryMonitorStartup"
[2023-07-05 03:08:10.986 +00:00] [INF] [2] Emby.Server.Implementations.ApplicationHost: Disposing "EmbyTV"
[2023-07-05 03:08:10.987 +00:00] [INF] [2] Emby.Server.Implementations.ApplicationHost: Disposing "ExternalPortForwarding"
[2023-07-05 03:08:10.989 +00:00] [INF] [2] Emby.Server.Implementations.EntryPoints.ExternalPortForwarding: Stopping NAT discovery
[2023-07-05 03:08:10.991 +00:00] [INF] [2] Emby.Server.Implementations.ApplicationHost: Disposing "EntryPoint"
[2023-07-05 03:08:10.991 +00:00] [INF] [2] Emby.Server.Implementations.ApplicationHost: Disposing "NotificationEntryPoint"
[2023-07-05 03:08:10.992 +00:00] [INF] [2] Emby.Server.Implementations.ApplicationHost: Disposing "LibraryChangedNotifier"
[2023-07-05 03:08:10.993 +00:00] [INF] [2] Emby.Server.Implementations.ApplicationHost: Disposing "MusicBrainzAlbumProvider"
[2023-07-05 03:08:10.993 +00:00] [INF] [2] Emby.Server.Implementations.ApplicationHost: Disposing "RecordingNotifier"
[2023-07-05 03:08:58.721 +00:00] [INF] [1] Main: Jellyfin version: "10.8.10"
[2023-07-05 03:08:58.770 +00:00] [INF] [1] Main: Environment Variables: ["[JELLYFIN_DATA_DIR, /config/data]", "[JELLYFIN_CACHE_DIR, /config/cache]", "[JELLYFIN_PublishedServerUrl, 192.168.0.5]", "[JELLYFIN_CONFIG_DIR, /config]", "[JELLYFIN_LOG_DIR, /config/log]", "[JELLYFIN_WEB_DIR, /usr/share/jellyfin/web]"]
[2023-07-05 03:08:58.800 +00:00] [INF] [1] Main: Arguments: ["/usr/lib/jellyfin/bin/jellyfin.dll", "--ffmpeg=/usr/lib/jellyfin-ffmpeg/ffmpeg"]
[2023-07-05 03:08:58.801 +00:00] [INF] [1] Main: Operating system: "Linux"
[2023-07-05 03:08:58.801 +00:00] [INF] [1] Main: Architecture: X64
[2023-07-05 03:08:58.801 +00:00] [INF] [1] Main: 64-Bit Process: True
[2023-07-05 03:08:58.801 +00:00] [INF] [1] Main: User Interactive: True
[2023-07-05 03:08:58.801 +00:00] [INF] [1] Main: Processor count: 4
[2023-07-05 03:08:58.801 +00:00] [INF] [1] Main: Program data path: "/config/data"
[2023-07-05 03:08:58.801 +00:00] [INF] [1] Main: Web resources path: "/usr/share/jellyfin/web"
[2023-07-05 03:08:58.801 +00:00] [INF] [1] Main: Application directory: "/usr/lib/jellyfin/bin/"
[2023-07-05 03:08:59.059 +00:00] [INF] [1] Emby.Server.Implementations.AppBase.BaseConfigurationManager: Setting cache path: "/config/cache"
[2023-07-05 03:08:59.115 +00:00] [INF] [1] Emby.Server.Implementations.ApplicationHost: Loading assemblies
[2023-07-05 03:08:59.324 +00:00] [INF] [1] Jellyfin.Networking.Manager.NetworkManager: Defined LAN addresses : "[10.0.0.0/8,172.16.0.0/12,192.168.0.0/16]"
[2023-07-05 03:08:59.339 +00:00] [INF] [1] Jellyfin.Networking.Manager.NetworkManager: Defined LAN exclusions : "[]"
[2023-07-05 03:08:59.342 +00:00] [INF] [1] Jellyfin.Networking.Manager.NetworkManager: Using LAN addresses: "[10.0.0.0/8,172.16.0.0/12,192.168.0.0/16]"
[2023-07-05 03:08:59.346 +00:00] [INF] [1] Jellyfin.Networking.Manager.NetworkManager: Using bind addresses: "[]"
[2023-07-05 03:08:59.350 +00:00] [INF] [1] Jellyfin.Networking.Manager.NetworkManager: Using bind exclusions: "[]"
[2023-07-05 03:09:01.973 +00:00] [INF] [1] Emby.Server.Implementations.Plugins.PluginManager: Loaded plugin: "TMDb" "10.8.10.0"
[2023-07-05 03:09:01.974 +00:00] [INF] [1] Emby.Server.Implementations.Plugins.PluginManager: Loaded plugin: "Studio Images" "10.8.10.0"
[2023-07-05 03:09:01.975 +00:00] [INF] [1] Emby.Server.Implementations.Plugins.PluginManager: Loaded plugin: "OMDb" "10.8.10.0"
[2023-07-05 03:09:01.976 +00:00] [INF] [1] Emby.Server.Implementations.Plugins.PluginManager: Loaded plugin: "MusicBrainz" "10.8.10.0"
[2023-07-05 03:09:01.976 +00:00] [INF] [1] Emby.Server.Implementations.Plugins.PluginManager: Loaded plugin: "AudioDB" "10.8.10.0"
[2023-07-05 03:09:02.033 +00:00] [INF] [1] Main: Kestrel listening on "Any IP4 Address"
[2023-07-05 03:09:02.079 +00:00] [WRN] [1] Microsoft.AspNetCore.DataProtection.Repositories.EphemeralXmlRepository: Using an in-memory repository. Keys will not be persisted to storage.
[2023-07-05 03:09:02.079 +00:00] [WRN] [1] Microsoft.AspNetCore.DataProtection.KeyManagement.XmlKeyManager: Neither user profile nor HKLM registry available. Using an ephemeral key repository. Protected data will be unavailable when application exits.
[2023-07-05 03:09:02.336 +00:00] [WRN] [1] Microsoft.AspNetCore.DataProtection.KeyManagement.XmlKeyManager: No XML encryptor configured. Key {4a85e442-8d7a-45f9-a1a3-a880284f261c} may be persisted to storage in unencrypted form.
[2023-07-05 03:09:02.366 +00:00] [INF] [1] Emby.Server.Implementations.ApplicationHost: Running startup tasks
[2023-07-05 03:09:02.420 +00:00] [INF] [1] Emby.Server.Implementations.ScheduledTasks.TaskManager: Daily trigger for "Extract Chapter Images" set to fire at 2023-07-06 02:00:00.000 +00:00, which is 22:50:57.5801363 from now.
[2023-07-05 03:09:02.556 +00:00] [INF] [1] MediaBrowser.MediaEncoding.Encoder.MediaEncoder: Found ffmpeg version "5.1.3"
[2023-07-05 03:09:02.600 +00:00] [INF] [1] MediaBrowser.MediaEncoding.Encoder.MediaEncoder: Available "decoders": ["libdav1d", "av1", "av1_cuvid", "av1_qsv", "h264", "h264_qsv", "h264_cuvid", "hevc", "hevc_qsv", "hevc_cuvid", "mpeg2video", "mpeg2_qsv", "mpeg2_cuvid", "mpeg4", "mpeg4_cuvid", "msmpeg4", "vc1_qsv", "vc1_cuvid", "vp8", "libvpx", "vp8_cuvid", "vp8_qsv", "vp9", "libvpx-vp9", "vp9_cuvid", "vp9_qsv", "aac", "ac3", "dca", "flac", "mp3", "truehd"]
[2023-07-05 03:09:02.614 +00:00] [INF] [1] MediaBrowser.MediaEncoding.Encoder.MediaEncoder: Available "encoders": ["libx264", "h264_amf", "h264_nvenc", "h264_qsv", "h264_v4l2m2m", "h264_vaapi", "libx265", "hevc_amf", "hevc_nvenc", "hevc_qsv", "hevc_vaapi", "mpeg4", "msmpeg4", "libvpx", "libvpx-vp9", "aac", "libfdk_aac", "ac3", "dca", "flac", "libmp3lame", "libopus", "truehd", "libvorbis", "srt"]
[2023-07-05 03:09:02.631 +00:00] [INF] [1] MediaBrowser.MediaEncoding.Encoder.MediaEncoder: Available filters: ["deinterlace_qsv", "deinterlace_vaapi", "hwupload_cuda", "hwupload_vaapi", "overlay_opencl", "overlay_qsv", "overlay_vaapi", "overlay_cuda", "procamp_vaapi", "scale_cuda", "scale_opencl", "scale_qsv", "scale_vaapi", "tonemap_cuda", "tonemap_opencl", "tonemap_vaapi", "vpp_qsv", "yadif_cuda", "zscale", "alphasrc"]
[2023-07-05 03:09:02.738 +00:00] [INF] [1] MediaBrowser.MediaEncoding.Encoder.MediaEncoder: Available hwaccel types: ["cuda", "vaapi", "qsv", "drm", "opencl", "vulkan"]
[2023-07-05 03:09:02.931 +00:00] [INF] [1] MediaBrowser.MediaEncoding.Encoder.MediaEncoder: FFmpeg: "/usr/lib/jellyfin-ffmpeg/ffmpeg"
[2023-07-05 03:09:02.940 +00:00] [INF] [1] Emby.Server.Implementations.ApplicationHost: ServerId: "069e14fd144a43008ae70d4f4a5d6edd"
[2023-07-05 03:09:03.009 +00:00] [INF] [1] Emby.Server.Implementations.ApplicationHost: Executed all pre-startup entry points in 0:00:00.0642287
[2023-07-05 03:09:03.010 +00:00] [INF] [1] Emby.Server.Implementations.ApplicationHost: Core startup complete
[2023-07-05 03:09:03.276 +00:00] [INF] [10] Emby.Server.Implementations.IO.LibraryMonitor: Watching directory "/data/movies"
[2023-07-05 03:09:03.282 +00:00] [INF] [8] Emby.Server.Implementations.IO.LibraryMonitor: Watching directory "/data/tvshows"
[2023-07-05 03:09:03.292 +00:00] [INF] [1] Emby.Server.Implementations.ApplicationHost: Executed all post-startup entry points in 0:00:00.282173
[2023-07-05 03:09:03.293 +00:00] [INF] [1] Main: Startup complete 0:00:04.8830479
[2023-07-05 03:09:05.426 +00:00] [INF] [8] Emby.Server.Implementations.ScheduledTasks.TaskManager: "StartupTrigger" fired for task: "Update Plugins"
[2023-07-05 03:09:05.427 +00:00] [INF] [8] Emby.Server.Implementations.ScheduledTasks.TaskManager: Queuing task "PluginUpdateTask"
[2023-07-05 03:09:05.428 +00:00] [INF] [10] Emby.Server.Implementations.ScheduledTasks.TaskManager: Executing "Update Plugins"
[2023-07-05 03:09:07.213 +00:00] [INF] [17] Emby.Server.Implementations.ScheduledTasks.TaskManager: "Update Plugins" Completed after 0 minute(s) and 1 seconds
[2023-07-05 03:09:07.220 +00:00] [INF] [17] Emby.Server.Implementations.ScheduledTasks.TaskManager: ExecuteQueuedTasks
[2023-07-05 10:18:45.444 +00:00] [INF] [73] Emby.Server.Implementations.IO.LibraryMonitor: "Season 1" ("/data/tvshows/The Simpsons/Season 1") will be refreshed.
[2023-07-05 10:18:49.946 +00:00] [ERR] [72] MediaBrowser.Providers.Manager.ProviderManager: UnauthorizedAccessException - Access to path "/data/tvshows/The Simpsons/Season 1/metadata/The Simpsons - S01E10 - Homer's Night Out HDTV-1080p.jpg" is denied. Will retry saving to "/config/data/metadata/library/46/463079e60213adfa6109bc248a99646f/poster.jpg"
[2023-07-05 10:35:25.357 +00:00] [INF] [119] Emby.Server.Implementations.HttpServer.WebSocketManager: WS "192.168.15.9" request
[2023-07-05 10:35:25.392 +00:00] [WRN] [123] Microsoft.EntityFrameworkCore.Model.Validation: The entity type '"AccessSchedule"' is configured to use schema '"jellyfin"', but SQLite does not support schemas. This configuration will be ignored by the SQLite provider.
[2023-07-05 10:35:25.393 +00:00] [WRN] [123] Microsoft.EntityFrameworkCore.Model.Validation: The entity type '"ActivityLog"' is configured to use schema '"jellyfin"', but SQLite does not support schemas. This configuration will be ignored by the SQLite provider.
[2023-07-05 10:35:25.393 +00:00] [WRN] [123] Microsoft.EntityFrameworkCore.Model.Validation: The entity type '"CustomItemDisplayPreferences"' is configured to use schema '"jellyfin"', but SQLite does not support schemas. This configuration will be ignored by the SQLite provider.
[2023-07-05 10:35:25.393 +00:00] [WRN] [123] Microsoft.EntityFrameworkCore.Model.Validation: The entity type '"DisplayPreferences"' is configured to use schema '"jellyfin"', but SQLite does not support schemas. This configuration will be ignored by the SQLite provider.
[2023-07-05 10:35:25.393 +00:00] [WRN] [123] Microsoft.EntityFrameworkCore.Model.Validation: The entity type '"HomeSection"' is configured to use schema '"jellyfin"', but SQLite does not support schemas. This configuration will be ignored by the SQLite provider.
[2023-07-05 10:35:25.393 +00:00] [WRN] [123] Microsoft.EntityFrameworkCore.Model.Validation: The entity type '"ImageInfo"' is configured to use schema '"jellyfin"', but SQLite does not support schemas. This configuration will be ignored by the SQLite provider.
[2023-07-05 10:35:25.393 +00:00] [WRN] [123] Microsoft.EntityFrameworkCore.Model.Validation: The entity type '"ItemDisplayPreferences"' is configured to use schema '"jellyfin"', but SQLite does not support schemas. This configuration will be ignored by the SQLite provider.
[2023-07-05 10:35:25.393 +00:00] [WRN] [123] Microsoft.EntityFrameworkCore.Model.Validation: The entity type '"Permission"' is configured to use schema '"jellyfin"', but SQLite does not support schemas. This configuration will be ignored by the SQLite provider.
[2023-07-05 10:35:25.394 +00:00] [WRN] [123] Microsoft.EntityFrameworkCore.Model.Validation: The entity type '"Preference"' is configured to use schema '"jellyfin"', but SQLite does not support schemas. This configuration will be ignored by the SQLite provider.
[2023-07-05 10:35:25.394 +00:00] [WRN] [123] Microsoft.EntityFrameworkCore.Model.Validation: The entity type '"ApiKey"' is configured to use schema '"jellyfin"', but SQLite does not support schemas. This configuration will be ignored by the SQLite provider.
[2023-07-05 10:35:25.394 +00:00] [WRN] [123] Microsoft.EntityFrameworkCore.Model.Validation: The entity type '"Device"' is configured to use schema '"jellyfin"', but SQLite does not support schemas. This configuration will be ignored by the SQLite provider.
[2023-07-05 10:35:25.394 +00:00] [WRN] [123] Microsoft.EntityFrameworkCore.Model.Validation: The entity type '"DeviceOptions"' is configured to use schema '"jellyfin"', but SQLite does not support schemas. This configuration will be ignored by the SQLite provider.
[2023-07-05 10:35:25.394 +00:00] [WRN] [123] Microsoft.EntityFrameworkCore.Model.Validation: The entity type '"User"' is configured to use schema '"jellyfin"', but SQLite does not support schemas. This configuration will be ignored by the SQLite provider.
[2023-07-05 10:35:29.849 +00:00] [INF] [37] Emby.Server.Implementations.HttpServer.WebSocketManager: WS "192.168.15.9" closed
[2023-07-05 10:41:57.629 +00:00] [INF] [2] Main: Received a SIGTERM signal, shutting down
[2023-07-05 10:41:57.629 +00:00] [INF] [2] Main: Running query planner optimizations in the database... This might take a while
[2023-07-05 10:41:57.664 +00:00] [INF] [2] Emby.Server.Implementations.ApplicationHost: Disposing "CoreAppHost"
[2023-07-05 10:41:57.665 +00:00] [INF] [2] Emby.Server.Implementations.ApplicationHost: Disposing "DlnaEntryPoint"
[2023-07-05 10:41:57.665 +00:00] [INF] [2] Emby.Dlna.Main.DlnaEntryPoint: Disposing PlayToManager
[2023-07-05 10:41:57.666 +00:00] [INF] [2] Emby.Dlna.Main.DlnaEntryPoint: Disposing DeviceDiscovery
[2023-07-05 10:41:57.666 +00:00] [INF] [2] Emby.Dlna.Main.DlnaEntryPoint: Disposing SsdpCommunicationsServer
[2023-07-05 10:41:57.667 +00:00] [INF] [2] Emby.Dlna.Main.DlnaEntryPoint: "SsdpCommunicationsServer" disposing _BroadcastListenSocket
[2023-07-05 10:41:57.668 +00:00] [INF] [2] Emby.Dlna.Main.DlnaEntryPoint: "SsdpCommunicationsServer" Disposing 3 sendSockets
[2023-07-05 10:41:57.668 +00:00] [INF] [2] Emby.Dlna.Main.DlnaEntryPoint: "SsdpCommunicationsServer" disposing sendSocket from "0.0.0.0"
[2023-07-05 10:41:57.668 +00:00] [INF] [2] Emby.Dlna.Main.DlnaEntryPoint: "SsdpCommunicationsServer" disposing sendSocket from "172.18.0.4"
[2023-07-05 10:41:57.669 +00:00] [INF] [2] Emby.Dlna.Main.DlnaEntryPoint: "SsdpCommunicationsServer" disposing sendSocket from "127.0.0.1"
[2023-07-05 10:41:57.669 +00:00] [INF] [2] Emby.Server.Implementations.ApplicationHost: Disposing "DeviceAccessEntryPoint"
[2023-07-05 10:41:57.669 +00:00] [INF] [2] Emby.Server.Implementations.ApplicationHost: Disposing "UdpServerEntryPoint"
[2023-07-05 10:41:57.669 +00:00] [INF] [2] Emby.Server.Implementations.ApplicationHost: Disposing "SchedulesDirect"
[2023-07-05 10:41:57.673 +00:00] [INF] [2] Emby.Server.Implementations.ApplicationHost: Disposing "UserDataChangeNotifier"
[2023-07-05 10:41:57.675 +00:00] [INF] [2] Emby.Server.Implementations.ApplicationHost: Disposing "EntryPoint"
[2023-07-05 10:41:57.675 +00:00] [INF] [2] Emby.Server.Implementations.ApplicationHost: Disposing "LibraryMonitorStartup"
[2023-07-05 10:41:57.675 +00:00] [INF] [2] Emby.Server.Implementations.ApplicationHost: Disposing "EmbyTV"
[2023-07-05 10:41:57.678 +00:00] [INF] [2] Emby.Server.Implementations.ApplicationHost: Disposing "ExternalPortForwarding"
[2023-07-05 10:41:57.678 +00:00] [INF] [2] Emby.Server.Implementations.EntryPoints.ExternalPortForwarding: Stopping NAT discovery
[2023-07-05 10:41:57.684 +00:00] [INF] [2] Emby.Server.Implementations.ApplicationHost: Disposing "EntryPoint"
[2023-07-05 10:41:57.684 +00:00] [INF] [2] Emby.Server.Implementations.ApplicationHost: Disposing "NotificationEntryPoint"
[2023-07-05 10:41:57.685 +00:00] [INF] [2] Emby.Server.Implementations.ApplicationHost: Disposing "LibraryChangedNotifier"
[2023-07-05 10:41:57.689 +00:00] [INF] [2] Emby.Server.Implementations.ApplicationHost: Disposing "MusicBrainzAlbumProvider"
[2023-07-05 10:41:57.689 +00:00] [INF] [2] Emby.Server.Implementations.ApplicationHost: Disposing "RecordingNotifier"
[2023-07-05 10:42:13.876 +00:00] [INF] [1] Main: Jellyfin version: "10.8.10"
[2023-07-05 10:42:13.927 +00:00] [INF] [1] Main: Environment Variables: ["[JELLYFIN_WEB_DIR, /usr/share/jellyfin/web]", "[JELLYFIN_CACHE_DIR, /config/cache]", "[JELLYFIN_DATA_DIR, /config/data]", "[JELLYFIN_PublishedServerUrl, 192.168.0.5]", "[JELLYFIN_CONFIG_DIR, /config]", "[JELLYFIN_LOG_DIR, /config/log]"]
[2023-07-05 10:42:13.929 +00:00] [INF] [1] Main: Arguments: ["/usr/lib/jellyfin/bin/jellyfin.dll", "--ffmpeg=/usr/lib/jellyfin-ffmpeg/ffmpeg"]
[2023-07-05 10:42:13.929 +00:00] [INF] [1] Main: Operating system: "Linux"
[2023-07-05 10:42:13.929 +00:00] [INF] [1] Main: Architecture: X64
[2023-07-05 10:42:13.930 +00:00] [INF] [1] Main: 64-Bit Process: True
[2023-07-05 10:42:13.930 +00:00] [INF] [1] Main: User Interactive: True
[2023-07-05 10:42:13.930 +00:00] [INF] [1] Main: Processor count: 4
[2023-07-05 10:42:13.930 +00:00] [INF] [1] Main: Program data path: "/config/data"
[2023-07-05 10:42:13.930 +00:00] [INF] [1] Main: Web resources path: "/usr/share/jellyfin/web"
[2023-07-05 10:42:13.930 +00:00] [INF] [1] Main: Application directory: "/usr/lib/jellyfin/bin/"
[2023-07-05 10:42:14.093 +00:00] [INF] [1] Emby.Server.Implementations.AppBase.BaseConfigurationManager: Setting cache path: "/config/cache"
[2023-07-05 10:42:14.111 +00:00] [INF] [1] Emby.Server.Implementations.ApplicationHost: Loading assemblies
[2023-07-05 10:42:14.214 +00:00] [INF] [1] Jellyfin.Networking.Manager.NetworkManager: Defined LAN addresses : "[10.0.0.0/8,172.16.0.0/12,192.168.0.0/16]"
[2023-07-05 10:42:14.214 +00:00] [INF] [1] Jellyfin.Networking.Manager.NetworkManager: Defined LAN exclusions : "[]"
[2023-07-05 10:42:14.215 +00:00] [INF] [1] Jellyfin.Networking.Manager.NetworkManager: Using LAN addresses: "[10.0.0.0/8,172.16.0.0/12,192.168.0.0/16]"
[2023-07-05 10:42:14.219 +00:00] [INF] [1] Jellyfin.Networking.Manager.NetworkManager: Using bind addresses: "[]"
[2023-07-05 10:42:14.222 +00:00] [INF] [1] Jellyfin.Networking.Manager.NetworkManager: Using bind exclusions: "[]"
[2023-07-05 10:42:16.290 +00:00] [INF] [1] Emby.Server.Implementations.Plugins.PluginManager: Loaded plugin: "TMDb" "10.8.10.0"
[2023-07-05 10:42:16.292 +00:00] [INF] [1] Emby.Server.Implementations.Plugins.PluginManager: Loaded plugin: "Studio Images" "10.8.10.0"
[2023-07-05 10:42:16.292 +00:00] [INF] [1] Emby.Server.Implementations.Plugins.PluginManager: Loaded plugin: "OMDb" "10.8.10.0"
[2023-07-05 10:42:16.293 +00:00] [INF] [1] Emby.Server.Implementations.Plugins.PluginManager: Loaded plugin: "MusicBrainz" "10.8.10.0"
[2023-07-05 10:42:16.293 +00:00] [INF] [1] Emby.Server.Implementations.Plugins.PluginManager: Loaded plugin: "AudioDB" "10.8.10.0"
[2023-07-05 10:42:16.344 +00:00] [INF] [1] Main: Kestrel listening on "Any IP4 Address"
[2023-07-05 10:42:16.417 +00:00] [WRN] [1] Microsoft.AspNetCore.DataProtection.Repositories.EphemeralXmlRepository: Using an in-memory repository. Keys will not be persisted to storage.
[2023-07-05 10:42:16.423 +00:00] [WRN] [1] Microsoft.AspNetCore.DataProtection.KeyManagement.XmlKeyManager: Neither user profile nor HKLM registry available. Using an ephemeral key repository. Protected data will be unavailable when application exits.
[2023-07-05 10:42:16.693 +00:00] [WRN] [1] Microsoft.AspNetCore.DataProtection.KeyManagement.XmlKeyManager: No XML encryptor configured. Key {a883f06f-676c-43e9-a0d2-431839fd1088} may be persisted to storage in unencrypted form.
[2023-07-05 10:42:16.724 +00:00] [INF] [1] Emby.Server.Implementations.ApplicationHost: Running startup tasks
[2023-07-05 10:42:16.760 +00:00] [INF] [1] Emby.Server.Implementations.ScheduledTasks.TaskManager: Daily trigger for "Extract Chapter Images" set to fire at 2023-07-06 02:00:00.000 +00:00, which is 15:17:43.2400446 from now.
[2023-07-05 10:42:16.800 +00:00] [INF] [1] MediaBrowser.MediaEncoding.Encoder.MediaEncoder: Found ffmpeg version "5.1.3"
[2023-07-05 10:42:16.825 +00:00] [INF] [1] MediaBrowser.MediaEncoding.Encoder.MediaEncoder: Available "decoders": ["libdav1d", "av1", "av1_cuvid", "av1_qsv", "h264", "h264_qsv", "h264_cuvid", "hevc", "hevc_qsv", "hevc_cuvid", "mpeg2video", "mpeg2_qsv", "mpeg2_cuvid", "mpeg4", "mpeg4_cuvid", "msmpeg4", "vc1_qsv", "vc1_cuvid", "vp8", "libvpx", "vp8_cuvid", "vp8_qsv", "vp9", "libvpx-vp9", "vp9_cuvid", "vp9_qsv", "aac", "ac3", "dca", "flac", "mp3", "truehd"]
[2023-07-05 10:42:16.880 +00:00] [INF] [1] MediaBrowser.MediaEncoding.Encoder.MediaEncoder: Available "encoders": ["libx264", "h264_amf", "h264_nvenc", "h264_qsv", "h264_v4l2m2m", "h264_vaapi", "libx265", "hevc_amf", "hevc_nvenc", "hevc_qsv", "hevc_vaapi", "mpeg4", "msmpeg4", "libvpx", "libvpx-vp9", "aac", "libfdk_aac", "ac3", "dca", "flac", "libmp3lame", "libopus", "truehd", "libvorbis", "srt"]
[2023-07-05 10:42:16.909 +00:00] [INF] [1] MediaBrowser.MediaEncoding.Encoder.MediaEncoder: Available filters: ["deinterlace_qsv", "deinterlace_vaapi", "hwupload_cuda", "hwupload_vaapi", "overlay_opencl", "overlay_qsv", "overlay_vaapi", "overlay_cuda", "procamp_vaapi", "scale_cuda", "scale_opencl", "scale_qsv", "scale_vaapi", "tonemap_cuda", "tonemap_opencl", "tonemap_vaapi", "vpp_qsv", "yadif_cuda", "zscale", "alphasrc"]
[2023-07-05 10:42:16.987 +00:00] [INF] [1] MediaBrowser.MediaEncoding.Encoder.MediaEncoder: Available hwaccel types: ["cuda", "vaapi", "qsv", "drm", "opencl", "vulkan"]
[2023-07-05 10:42:17.055 +00:00] [INF] [1] MediaBrowser.MediaEncoding.Encoder.MediaEncoder: FFmpeg: "/usr/lib/jellyfin-ffmpeg/ffmpeg"
[2023-07-05 10:42:17.056 +00:00] [INF] [1] Emby.Server.Implementations.ApplicationHost: ServerId: "069e14fd144a43008ae70d4f4a5d6edd"
[2023-07-05 10:42:17.109 +00:00] [INF] [1] Emby.Server.Implementations.ApplicationHost: Executed all pre-startup entry points in 0:00:00.0478173
[2023-07-05 10:42:17.109 +00:00] [INF] [1] Emby.Server.Implementations.ApplicationHost: Core startup complete
[2023-07-05 10:42:17.221 +00:00] [INF] [1] Emby.Server.Implementations.ApplicationHost: Executed all post-startup entry points in 0:00:00.112199
[2023-07-05 10:42:17.221 +00:00] [INF] [1] Main: Startup complete 0:00:03.5793585
[2023-07-05 10:42:17.222 +00:00] [INF] [12] Emby.Server.Implementations.IO.LibraryMonitor: Watching directory "/data/tvshows"
[2023-07-05 10:42:17.226 +00:00] [INF] [11] Emby.Server.Implementations.IO.LibraryMonitor: Watching directory "/data/movies"
[2023-07-05 10:42:19.774 +00:00] [INF] [12] Emby.Server.Implementations.ScheduledTasks.TaskManager: "StartupTrigger" fired for task: "Update Plugins"
[2023-07-05 10:42:19.774 +00:00] [INF] [12] Emby.Server.Implementations.ScheduledTasks.TaskManager: Queuing task "PluginUpdateTask"
[2023-07-05 10:42:19.776 +00:00] [INF] [19] Emby.Server.Implementations.ScheduledTasks.TaskManager: Executing "Update Plugins"
[2023-07-05 10:42:21.463 +00:00] [INF] [19] Emby.Server.Implementations.ScheduledTasks.TaskManager: "Update Plugins" Completed after 0 minute(s) and 1 seconds
[2023-07-05 10:42:21.470 +00:00] [INF] [19] Emby.Server.Implementations.ScheduledTasks.TaskManager: ExecuteQueuedTasks
[2023-07-05 10:44:25.586 +00:00] [INF] [2] Main: Received a SIGTERM signal, shutting down
[2023-07-05 10:44:25.587 +00:00] [INF] [2] Main: Running query planner optimizations in the database... This might take a while
[2023-07-05 10:44:25.622 +00:00] [INF] [2] Emby.Server.Implementations.ApplicationHost: Disposing "CoreAppHost"
[2023-07-05 10:44:25.623 +00:00] [INF] [2] Emby.Server.Implementations.ApplicationHost: Disposing "DlnaEntryPoint"
[2023-07-05 10:44:25.623 +00:00] [INF] [2] Emby.Dlna.Main.DlnaEntryPoint: Disposing PlayToManager
[2023-07-05 10:44:25.624 +00:00] [INF] [2] Emby.Dlna.Main.DlnaEntryPoint: Disposing DeviceDiscovery
[2023-07-05 10:44:25.624 +00:00] [INF] [2] Emby.Dlna.Main.DlnaEntryPoint: Disposing SsdpCommunicationsServer
[2023-07-05 10:44:25.625 +00:00] [INF] [2] Emby.Dlna.Main.DlnaEntryPoint: "SsdpCommunicationsServer" disposing _BroadcastListenSocket
[2023-07-05 10:44:25.626 +00:00] [INF] [2] Emby.Dlna.Main.DlnaEntryPoint: "SsdpCommunicationsServer" Disposing 3 sendSockets
[2023-07-05 10:44:25.627 +00:00] [INF] [2] Emby.Dlna.Main.DlnaEntryPoint: "SsdpCommunicationsServer" disposing sendSocket from "0.0.0.0"
[2023-07-05 10:44:25.627 +00:00] [INF] [2] Emby.Dlna.Main.DlnaEntryPoint: "SsdpCommunicationsServer" disposing sendSocket from "172.18.0.6"
[2023-07-05 10:44:25.628 +00:00] [INF] [2] Emby.Dlna.Main.DlnaEntryPoint: "SsdpCommunicationsServer" disposing sendSocket from "127.0.0.1"
[2023-07-05 10:44:25.628 +00:00] [INF] [2] Emby.Server.Implementations.ApplicationHost: Disposing "DeviceAccessEntryPoint"
[2023-07-05 10:44:25.628 +00:00] [INF] [2] Emby.Server.Implementations.ApplicationHost: Disposing "UdpServerEntryPoint"
[2023-07-05 10:44:25.629 +00:00] [INF] [2] Emby.Server.Implementations.ApplicationHost: Disposing "SchedulesDirect"
[2023-07-05 10:44:25.630 +00:00] [INF] [2] Emby.Server.Implementations.ApplicationHost: Disposing "UserDataChangeNotifier"
[2023-07-05 10:44:25.630 +00:00] [INF] [2] Emby.Server.Implementations.ApplicationHost: Disposing "EntryPoint"
[2023-07-05 10:44:25.630 +00:00] [INF] [2] Emby.Server.Implementations.ApplicationHost: Disposing "LibraryMonitorStartup"
[2023-07-05 10:44:25.630 +00:00] [INF] [2] Emby.Server.Implementations.ApplicationHost: Disposing "EmbyTV"
[2023-07-05 10:44:25.631 +00:00] [INF] [2] Emby.Server.Implementations.ApplicationHost: Disposing "ExternalPortForwarding"
[2023-07-05 10:44:25.632 +00:00] [INF] [2] Emby.Server.Implementations.EntryPoints.ExternalPortForwarding: Stopping NAT discovery
[2023-07-05 10:44:25.633 +00:00] [INF] [2] Emby.Server.Implementations.ApplicationHost: Disposing "EntryPoint"
[2023-07-05 10:44:25.633 +00:00] [INF] [2] Emby.Server.Implementations.ApplicationHost: Disposing "NotificationEntryPoint"
[2023-07-05 10:44:25.634 +00:00] [INF] [2] Emby.Server.Implementations.ApplicationHost: Disposing "LibraryChangedNotifier"
[2023-07-05 10:44:25.635 +00:00] [INF] [2] Emby.Server.Implementations.ApplicationHost: Disposing "MusicBrainzAlbumProvider"
[2023-07-05 10:44:25.635 +00:00] [INF] [2] Emby.Server.Implementations.ApplicationHost: Disposing "RecordingNotifier"
[2023-07-05 10:44:41.860 +00:00] [INF] [1] Main: Jellyfin version: "10.8.10"
[2023-07-05 10:44:41.900 +00:00] [INF] [1] Main: Environment Variables: ["[JELLYFIN_CONFIG_DIR, /config]", "[JELLYFIN_DATA_DIR, /config/data]", "[JELLYFIN_WEB_DIR, /usr/share/jellyfin/web]", "[JELLYFIN_LOG_DIR, /config/log]", "[JELLYFIN_CACHE_DIR, /config/cache]", "[JELLYFIN_PublishedServerUrl, 192.168.0.5]"]
[2023-07-05 10:44:41.903 +00:00] [INF] [1] Main: Arguments: ["/usr/lib/jellyfin/bin/jellyfin.dll", "--ffmpeg=/usr/lib/jellyfin-ffmpeg/ffmpeg"]
[2023-07-05 10:44:41.903 +00:00] [INF] [1] Main: Operating system: "Linux"
[2023-07-05 10:44:41.903 +00:00] [INF] [1] Main: Architecture: X64
[2023-07-05 10:44:41.904 +00:00] [INF] [1] Main: 64-Bit Process: True
[2023-07-05 10:44:41.904 +00:00] [INF] [1] Main: User Interactive: True
[2023-07-05 10:44:41.904 +00:00] [INF] [1] Main: Processor count: 4
[2023-07-05 10:44:41.904 +00:00] [INF] [1] Main: Program data path: "/config/data"
[2023-07-05 10:44:41.904 +00:00] [INF] [1] Main: Web resources path: "/usr/share/jellyfin/web"
[2023-07-05 10:44:41.904 +00:00] [INF] [1] Main: Application directory: "/usr/lib/jellyfin/bin/"
[2023-07-05 10:44:42.166 +00:00] [INF] [1] Emby.Server.Implementations.AppBase.BaseConfigurationManager: Setting cache path: "/config/cache"
[2023-07-05 10:44:42.206 +00:00] [INF] [1] Emby.Server.Implementations.ApplicationHost: Loading assemblies
[2023-07-05 10:44:42.294 +00:00] [INF] [1] Jellyfin.Networking.Manager.NetworkManager: Defined LAN addresses : "[10.0.0.0/8,172.16.0.0/12,192.168.0.0/16]"
[2023-07-05 10:44:42.294 +00:00] [INF] [1] Jellyfin.Networking.Manager.NetworkManager: Defined LAN exclusions : "[]"
[2023-07-05 10:44:42.295 +00:00] [INF] [1] Jellyfin.Networking.Manager.NetworkManager: Using LAN addresses: "[10.0.0.0/8,172.16.0.0/12,192.168.0.0/16]"
[2023-07-05 10:44:42.302 +00:00] [INF] [1] Jellyfin.Networking.Manager.NetworkManager: Using bind addresses: "[]"
[2023-07-05 10:44:42.302 +00:00] [INF] [1] Jellyfin.Networking.Manager.NetworkManager: Using bind exclusions: "[]"
[2023-07-05 10:44:44.422 +00:00] [INF] [1] Emby.Server.Implementations.Plugins.PluginManager: Loaded plugin: "TMDb" "10.8.10.0"
[2023-07-05 10:44:44.428 +00:00] [INF] [1] Emby.Server.Implementations.Plugins.PluginManager: Loaded plugin: "Studio Images" "10.8.10.0"
[2023-07-05 10:44:44.428 +00:00] [INF] [1] Emby.Server.Implementations.Plugins.PluginManager: Loaded plugin: "OMDb" "10.8.10.0"
[2023-07-05 10:44:44.428 +00:00] [INF] [1] Emby.Server.Implementations.Plugins.PluginManager: Loaded plugin: "MusicBrainz" "10.8.10.0"
[2023-07-05 10:44:44.428 +00:00] [INF] [1] Emby.Server.Implementations.Plugins.PluginManager: Loaded plugin: "AudioDB" "10.8.10.0"
[2023-07-05 10:44:44.494 +00:00] [INF] [1] Main: Kestrel listening on "Any IP4 Address"
[2023-07-05 10:44:44.534 +00:00] [WRN] [1] Microsoft.AspNetCore.DataProtection.Repositories.EphemeralXmlRepository: Using an in-memory repository. Keys will not be persisted to storage.
[2023-07-05 10:44:44.534 +00:00] [WRN] [1] Microsoft.AspNetCore.DataProtection.KeyManagement.XmlKeyManager: Neither user profile nor HKLM registry available. Using an ephemeral key repository. Protected data will be unavailable when application exits.
[2023-07-05 10:44:44.738 +00:00] [WRN] [1] Microsoft.AspNetCore.DataProtection.KeyManagement.XmlKeyManager: No XML encryptor configured. Key {83bf3d65-a13f-4eda-bec1-8fd1c7941fcb} may be persisted to storage in unencrypted form.
[2023-07-05 10:44:44.781 +00:00] [INF] [1] Emby.Server.Implementations.ApplicationHost: Running startup tasks
[2023-07-05 10:44:44.835 +00:00] [INF] [1] Emby.Server.Implementations.ScheduledTasks.TaskManager: Daily trigger for "Extract Chapter Images" set to fire at 2023-07-06 02:00:00.000 +00:00, which is 15:15:15.1642724 from now.
[2023-07-05 10:44:44.883 +00:00] [INF] [1] MediaBrowser.MediaEncoding.Encoder.MediaEncoder: Found ffmpeg version "5.1.3"
[2023-07-05 10:44:44.903 +00:00] [INF] [1] MediaBrowser.MediaEncoding.Encoder.MediaEncoder: Available "decoders": ["libdav1d", "av1", "av1_cuvid", "av1_qsv", "h264", "h264_qsv", "h264_cuvid", "hevc", "hevc_qsv", "hevc_cuvid", "mpeg2video", "mpeg2_qsv", "mpeg2_cuvid", "mpeg4", "mpeg4_cuvid", "msmpeg4", "vc1_qsv", "vc1_cuvid", "vp8", "libvpx", "vp8_cuvid", "vp8_qsv", "vp9", "libvpx-vp9", "vp9_cuvid", "vp9_qsv", "aac", "ac3", "dca", "flac", "mp3", "truehd"]
[2023-07-05 10:44:44.914 +00:00] [INF] [1] MediaBrowser.MediaEncoding.Encoder.MediaEncoder: Available "encoders": ["libx264", "h264_amf", "h264_nvenc", "h264_qsv", "h264_v4l2m2m", "h264_vaapi", "libx265", "hevc_amf", "hevc_nvenc", "hevc_qsv", "hevc_vaapi", "mpeg4", "msmpeg4", "libvpx", "libvpx-vp9", "aac", "libfdk_aac", "ac3", "dca", "flac", "libmp3lame", "libopus", "truehd", "libvorbis", "srt"]
[2023-07-05 10:44:44.924 +00:00] [INF] [1] MediaBrowser.MediaEncoding.Encoder.MediaEncoder: Available filters: ["deinterlace_qsv", "deinterlace_vaapi", "hwupload_cuda", "hwupload_vaapi", "overlay_opencl", "overlay_qsv", "overlay_vaapi", "overlay_cuda", "procamp_vaapi", "scale_cuda", "scale_opencl", "scale_qsv", "scale_vaapi", "tonemap_cuda", "tonemap_opencl", "tonemap_vaapi", "vpp_qsv", "yadif_cuda", "zscale", "alphasrc"]
[2023-07-05 10:44:45.043 +00:00] [INF] [1] MediaBrowser.MediaEncoding.Encoder.MediaEncoder: Available hwaccel types: ["cuda", "vaapi", "qsv", "drm", "opencl", "vulkan"]
[2023-07-05 10:44:45.194 +00:00] [INF] [1] MediaBrowser.MediaEncoding.Encoder.MediaEncoder: FFmpeg: "/usr/lib/jellyfin-ffmpeg/ffmpeg"
[2023-07-05 10:44:45.195 +00:00] [INF] [1] Emby.Server.Implementations.ApplicationHost: ServerId: "069e14fd144a43008ae70d4f4a5d6edd"
[2023-07-05 10:44:45.266 +00:00] [INF] [1] Emby.Server.Implementations.ApplicationHost: Executed all pre-startup entry points in 0:00:00.0659543
[2023-07-05 10:44:45.266 +00:00] [INF] [1] Emby.Server.Implementations.ApplicationHost: Core startup complete
[2023-07-05 10:44:45.377 +00:00] [INF] [15] Emby.Server.Implementations.IO.LibraryMonitor: Watching directory "/data/movies"
[2023-07-05 10:44:45.380 +00:00] [INF] [1] Emby.Server.Implementations.ApplicationHost: Executed all post-startup entry points in 0:00:00.1142877
[2023-07-05 10:44:45.380 +00:00] [INF] [1] Main: Startup complete 0:00:03.8812193
[2023-07-05 10:44:45.382 +00:00] [INF] [17] Emby.Server.Implementations.IO.LibraryMonitor: Watching directory "/data/tvshows"
[2023-07-05 10:44:47.844 +00:00] [INF] [15] Emby.Server.Implementations.ScheduledTasks.TaskManager: "StartupTrigger" fired for task: "Update Plugins"
[2023-07-05 10:44:47.845 +00:00] [INF] [15] Emby.Server.Implementations.ScheduledTasks.TaskManager: Queuing task "PluginUpdateTask"
[2023-07-05 10:44:47.846 +00:00] [INF] [17] Emby.Server.Implementations.ScheduledTasks.TaskManager: Executing "Update Plugins"
[2023-07-05 10:44:49.227 +00:00] [INF] [8] Emby.Server.Implementations.ScheduledTasks.TaskManager: "Update Plugins" Completed after 0 minute(s) and 1 seconds
[2023-07-05 10:44:49.231 +00:00] [INF] [8] Emby.Server.Implementations.ScheduledTasks.TaskManager: ExecuteQueuedTasks
[2023-07-05 13:19:49.244 +00:00] [INF] [59] Emby.Server.Implementations.ScheduledTasks.TaskManager: "IntervalTrigger" fired for task: "Scan Media Library"
[2023-07-05 13:19:49.244 +00:00] [INF] [59] Emby.Server.Implementations.ScheduledTasks.TaskManager: Queuing task "RefreshMediaLibraryTask"
[2023-07-05 13:19:49.244 +00:00] [INF] [53] Emby.Server.Implementations.ScheduledTasks.TaskManager: Executing "Scan Media Library"
[2023-07-05 13:19:49.247 +00:00] [INF] [53] Emby.Server.Implementations.IO.LibraryMonitor: Stopping directory watching for path "/data/movies"
[2023-07-05 13:19:49.248 +00:00] [INF] [53] Emby.Server.Implementations.IO.LibraryMonitor: Stopping directory watching for path "/data/tvshows"
[2023-07-05 13:19:49.249 +00:00] [INF] [53] Emby.Server.Implementations.Library.LibraryManager: Validating media library
[2023-07-05 13:19:53.108 +00:00] [INF] [53] Emby.Server.Implementations.ScheduledTasks.TaskManager: "Scan Media Library" Completed after 0 minute(s) and 3 seconds
[2023-07-05 13:19:53.108 +00:00] [INF] [49] Emby.Server.Implementations.IO.LibraryMonitor: Watching directory "/data/movies"
[2023-07-05 13:19:53.108 +00:00] [INF] [45] Emby.Server.Implementations.IO.LibraryMonitor: Watching directory "/data/tvshows"
[2023-07-05 13:19:53.109 +00:00] [INF] [53] Emby.Server.Implementations.ScheduledTasks.TaskManager: ExecuteQueuedTasks
