[2023-07-04 00:19:19.001 +00:00] [INF] [2] Main: Received a SIGTERM signal, shutting down
[2023-07-04 00:19:19.002 +00:00] [INF] [2] Main: Running query planner optimizations in the database... This might take a while
[2023-07-04 00:19:19.077 +00:00] [INF] [2] Emby.Server.Implementations.ApplicationHost: Disposing "CoreAppHost"
[2023-07-04 00:19:19.078 +00:00] [INF] [2] Emby.Server.Implementations.ApplicationHost: Disposing "MusicBrainzAlbumProvider"
[2023-07-04 00:19:19.079 +00:00] [INF] [2] Emby.Server.Implementations.ApplicationHost: Disposing "LibraryMonitorStartup"
[2023-07-04 00:19:19.080 +00:00] [INF] [2] Emby.Server.Implementations.ApplicationHost: Disposing "RecordingNotifier"
[2023-07-04 00:19:19.082 +00:00] [INF] [2] Emby.Server.Implementations.ApplicationHost: Disposing "DlnaEntryPoint"
[2023-07-04 00:19:19.083 +00:00] [INF] [2] Emby.Dlna.Main.DlnaEntryPoint: Disposing PlayToManager
[2023-07-04 00:19:19.084 +00:00] [INF] [2] Emby.Dlna.Main.DlnaEntryPoint: Disposing DeviceDiscovery
[2023-07-04 00:19:19.085 +00:00] [INF] [2] Emby.Dlna.Main.DlnaEntryPoint: Disposing SsdpCommunicationsServer
[2023-07-04 00:19:19.085 +00:00] [INF] [2] Emby.Dlna.Main.DlnaEntryPoint: "SsdpCommunicationsServer" disposing _BroadcastListenSocket
[2023-07-04 00:19:19.086 +00:00] [INF] [2] Emby.Dlna.Main.DlnaEntryPoint: "SsdpCommunicationsServer" Disposing 3 sendSockets
[2023-07-04 00:19:19.086 +00:00] [INF] [2] Emby.Dlna.Main.DlnaEntryPoint: "SsdpCommunicationsServer" disposing sendSocket from "0.0.0.0"
[2023-07-04 00:19:19.086 +00:00] [INF] [2] Emby.Dlna.Main.DlnaEntryPoint: "SsdpCommunicationsServer" disposing sendSocket from "172.18.0.3"
[2023-07-04 00:19:19.087 +00:00] [INF] [2] Emby.Dlna.Main.DlnaEntryPoint: "SsdpCommunicationsServer" disposing sendSocket from "127.0.0.1"
[2023-07-04 00:19:19.095 +00:00] [INF] [2] Emby.Server.Implementations.ApplicationHost: Disposing "SchedulesDirect"
[2023-07-04 00:19:19.096 +00:00] [INF] [2] Emby.Server.Implementations.ApplicationHost: Disposing "NotificationEntryPoint"
[2023-07-04 00:19:19.097 +00:00] [INF] [2] Emby.Server.Implementations.ApplicationHost: Disposing "UdpServerEntryPoint"
[2023-07-04 00:19:19.097 +00:00] [INF] [2] Emby.Server.Implementations.ApplicationHost: Disposing "UserDataChangeNotifier"
[2023-07-04 00:19:19.098 +00:00] [INF] [2] Emby.Server.Implementations.ApplicationHost: Disposing "EntryPoint"
[2023-07-04 00:19:19.098 +00:00] [INF] [2] Emby.Server.Implementations.ApplicationHost: Disposing "EntryPoint"
[2023-07-04 00:19:19.098 +00:00] [INF] [2] Emby.Server.Implementations.ApplicationHost: Disposing "DeviceAccessEntryPoint"
[2023-07-04 00:19:19.098 +00:00] [INF] [2] Emby.Server.Implementations.ApplicationHost: Disposing "LibraryChangedNotifier"
[2023-07-04 00:19:19.099 +00:00] [INF] [2] Emby.Server.Implementations.ApplicationHost: Disposing "ExternalPortForwarding"
[2023-07-04 00:19:19.100 +00:00] [INF] [2] Emby.Server.Implementations.EntryPoints.ExternalPortForwarding: Stopping NAT discovery
[2023-07-04 00:19:19.104 +00:00] [INF] [2] Emby.Server.Implementations.ApplicationHost: Disposing "EmbyTV"
[2023-07-04 00:19:38.978 +00:00] [INF] [1] Main: Jellyfin version: "10.8.10"
[2023-07-04 00:19:39.054 +00:00] [INF] [1] Main: Environment Variables: ["[JELLYFIN_CONFIG_DIR, /config]", "[JELLYFIN_WEB_DIR, /usr/share/jellyfin/web]", "[JELLYFIN_CACHE_DIR, /config/cache]", "[JELLYFIN_LOG_DIR, /config/log]", "[JELLYFIN_DATA_DIR, /config/data]", "[JELLYFIN_PublishedServerUrl, 192.168.0.5]"]
[2023-07-04 00:19:39.104 +00:00] [INF] [1] Main: Arguments: ["/usr/lib/jellyfin/bin/jellyfin.dll", "--ffmpeg=/usr/lib/jellyfin-ffmpeg/ffmpeg"]
[2023-07-04 00:19:39.105 +00:00] [INF] [1] Main: Operating system: "Linux"
[2023-07-04 00:19:39.105 +00:00] [INF] [1] Main: Architecture: X64
[2023-07-04 00:19:39.109 +00:00] [INF] [1] Main: 64-Bit Process: True
[2023-07-04 00:19:39.109 +00:00] [INF] [1] Main: User Interactive: True
[2023-07-04 00:19:39.109 +00:00] [INF] [1] Main: Processor count: 4
[2023-07-04 00:19:39.109 +00:00] [INF] [1] Main: Program data path: "/config/data"
[2023-07-04 00:19:39.109 +00:00] [INF] [1] Main: Web resources path: "/usr/share/jellyfin/web"
[2023-07-04 00:19:39.109 +00:00] [INF] [1] Main: Application directory: "/usr/lib/jellyfin/bin/"
[2023-07-04 00:19:39.366 +00:00] [INF] [1] Jellyfin.Server.Migrations.MigrationRunner: Applying migration '"CreateNetworkConfiguration"'
[2023-07-04 00:19:39.407 +00:00] [INF] [1] Jellyfin.Server.Migrations.MigrationRunner: Migration '"CreateNetworkConfiguration"' applied successfully
[2023-07-04 00:19:39.475 +00:00] [INF] [1] Emby.Server.Implementations.AppBase.BaseConfigurationManager: Setting cache path: "/config/cache"
[2023-07-04 00:19:39.519 +00:00] [INF] [1] Emby.Server.Implementations.ApplicationHost: Loading assemblies
[2023-07-04 00:19:39.659 +00:00] [INF] [1] Jellyfin.Networking.Manager.NetworkManager: Defined LAN addresses : "[10.0.0.0/8,172.16.0.0/12,192.168.0.0/16]"
[2023-07-04 00:19:39.659 +00:00] [INF] [1] Jellyfin.Networking.Manager.NetworkManager: Defined LAN exclusions : "[]"
[2023-07-04 00:19:39.660 +00:00] [INF] [1] Jellyfin.Networking.Manager.NetworkManager: Using LAN addresses: "[10.0.0.0/8,172.16.0.0/12,192.168.0.0/16]"
[2023-07-04 00:19:39.667 +00:00] [INF] [1] Jellyfin.Networking.Manager.NetworkManager: Using bind addresses: "[]"
[2023-07-04 00:19:39.667 +00:00] [INF] [1] Jellyfin.Networking.Manager.NetworkManager: Using bind exclusions: "[]"
[2023-07-04 00:19:41.836 +00:00] [INF] [1] Emby.Server.Implementations.Plugins.PluginManager: Loaded plugin: "TMDb" "10.8.10.0"
[2023-07-04 00:19:41.836 +00:00] [INF] [1] Emby.Server.Implementations.Plugins.PluginManager: Loaded plugin: "Studio Images" "10.8.10.0"
[2023-07-04 00:19:41.836 +00:00] [INF] [1] Emby.Server.Implementations.Plugins.PluginManager: Loaded plugin: "OMDb" "10.8.10.0"
[2023-07-04 00:19:41.836 +00:00] [INF] [1] Emby.Server.Implementations.Plugins.PluginManager: Loaded plugin: "MusicBrainz" "10.8.10.0"
[2023-07-04 00:19:41.837 +00:00] [INF] [1] Emby.Server.Implementations.Plugins.PluginManager: Loaded plugin: "AudioDB" "10.8.10.0"
[2023-07-04 00:19:41.945 +00:00] [INF] [1] Main: Kestrel listening on "Any IP4 Address"
[2023-07-04 00:19:42.051 +00:00] [WRN] [1] Microsoft.AspNetCore.DataProtection.Repositories.EphemeralXmlRepository: Using an in-memory repository. Keys will not be persisted to storage.
[2023-07-04 00:19:42.051 +00:00] [WRN] [1] Microsoft.AspNetCore.DataProtection.KeyManagement.XmlKeyManager: Neither user profile nor HKLM registry available. Using an ephemeral key repository. Protected data will be unavailable when application exits.
[2023-07-04 00:19:42.288 +00:00] [WRN] [1] Microsoft.AspNetCore.DataProtection.KeyManagement.XmlKeyManager: No XML encryptor configured. Key {e7d0e5c8-2a36-4248-9ad8-0a6e47b0afd9} may be persisted to storage in unencrypted form.
[2023-07-04 00:19:42.308 +00:00] [INF] [1] Emby.Server.Implementations.ApplicationHost: Running startup tasks
[2023-07-04 00:19:42.331 +00:00] [INF] [1] Emby.Server.Implementations.ScheduledTasks.TaskManager: Daily trigger for "Extract Chapter Images" set to fire at 2023-07-04 02:00:00.000 +00:00, which is 01:40:17.6685882 from now.
[2023-07-04 00:19:42.461 +00:00] [INF] [1] MediaBrowser.MediaEncoding.Encoder.MediaEncoder: Found ffmpeg version "5.1.3"
[2023-07-04 00:19:42.492 +00:00] [INF] [1] MediaBrowser.MediaEncoding.Encoder.MediaEncoder: Available "decoders": ["libdav1d", "av1", "av1_cuvid", "av1_qsv", "h264", "h264_qsv", "h264_cuvid", "hevc", "hevc_qsv", "hevc_cuvid", "mpeg2video", "mpeg2_qsv", "mpeg2_cuvid", "mpeg4", "mpeg4_cuvid", "msmpeg4", "vc1_qsv", "vc1_cuvid", "vp8", "libvpx", "vp8_cuvid", "vp8_qsv", "vp9", "libvpx-vp9", "vp9_cuvid", "vp9_qsv", "aac", "ac3", "dca", "flac", "mp3", "truehd"]
[2023-07-04 00:19:42.510 +00:00] [INF] [1] MediaBrowser.MediaEncoding.Encoder.MediaEncoder: Available "encoders": ["libx264", "h264_amf", "h264_nvenc", "h264_qsv", "h264_v4l2m2m", "h264_vaapi", "libx265", "hevc_amf", "hevc_nvenc", "hevc_qsv", "hevc_vaapi", "mpeg4", "msmpeg4", "libvpx", "libvpx-vp9", "aac", "libfdk_aac", "ac3", "dca", "flac", "libmp3lame", "libopus", "truehd", "libvorbis", "srt"]
[2023-07-04 00:19:42.525 +00:00] [INF] [1] MediaBrowser.MediaEncoding.Encoder.MediaEncoder: Available filters: ["deinterlace_qsv", "deinterlace_vaapi", "hwupload_cuda", "hwupload_vaapi", "overlay_opencl", "overlay_qsv", "overlay_vaapi", "overlay_cuda", "procamp_vaapi", "scale_cuda", "scale_opencl", "scale_qsv", "scale_vaapi", "tonemap_cuda", "tonemap_opencl", "tonemap_vaapi", "vpp_qsv", "yadif_cuda", "zscale", "alphasrc"]
[2023-07-04 00:19:42.611 +00:00] [INF] [1] MediaBrowser.MediaEncoding.Encoder.MediaEncoder: Available hwaccel types: ["cuda", "vaapi", "qsv", "drm", "opencl", "vulkan"]
[2023-07-04 00:19:42.726 +00:00] [INF] [1] MediaBrowser.MediaEncoding.Encoder.MediaEncoder: FFmpeg: "/usr/lib/jellyfin-ffmpeg/ffmpeg"
[2023-07-04 00:19:42.727 +00:00] [INF] [1] Emby.Server.Implementations.ApplicationHost: ServerId: "069e14fd144a43008ae70d4f4a5d6edd"
[2023-07-04 00:19:42.823 +00:00] [INF] [1] Emby.Server.Implementations.ApplicationHost: Executed all pre-startup entry points in 0:00:00.0885206
[2023-07-04 00:19:42.823 +00:00] [INF] [1] Emby.Server.Implementations.ApplicationHost: Core startup complete
[2023-07-04 00:19:42.962 +00:00] [INF] [1] Emby.Server.Implementations.ApplicationHost: Executed all post-startup entry points in 0:00:00.1380042
[2023-07-04 00:19:42.962 +00:00] [INF] [1] Main: Startup complete 0:00:04.2284472
[2023-07-04 00:19:45.363 +00:00] [INF] [17] Emby.Server.Implementations.ScheduledTasks.TaskManager: "StartupTrigger" fired for task: "Update Plugins"
[2023-07-04 00:19:45.367 +00:00] [INF] [17] Emby.Server.Implementations.ScheduledTasks.TaskManager: Queuing task "PluginUpdateTask"
[2023-07-04 00:19:45.370 +00:00] [INF] [13] Emby.Server.Implementations.ScheduledTasks.TaskManager: Executing "Update Plugins"
[2023-07-04 00:19:46.774 +00:00] [INF] [17] Emby.Server.Implementations.ScheduledTasks.TaskManager: "Update Plugins" Completed after 0 minute(s) and 1 seconds
[2023-07-04 00:19:46.779 +00:00] [INF] [17] Emby.Server.Implementations.ScheduledTasks.TaskManager: ExecuteQueuedTasks
[2023-07-04 01:00:17.284 +00:00] [INF] [70] Emby.Server.Implementations.AppBase.BaseConfigurationManager: Saving system configuration
[2023-07-04 01:00:17.286 +00:00] [INF] [70] Emby.Server.Implementations.AppBase.BaseConfigurationManager: Setting cache path: "/config/cache"
[2023-07-04 01:00:17.287 +00:00] [INF] [71] Emby.Server.Implementations.EntryPoints.ExternalPortForwarding: Stopping NAT discovery
[2023-07-04 01:00:17.611 +00:00] [WRN] [74] Jellyfin.Server.Implementations.Users.UserManager: No users, creating one with username "abc"
[2023-07-04 01:01:42.056 +00:00] [WRN] [80] Jellyfin.Server.Middleware.ResponseTimeMiddleware: Slow HTTP Response from "http://192.168.15.7:8096/Library/VirtualFolders?collectionType=tvshows&refreshLibrary=false&name=S%C3%A9ries" to "192.168.15.9" in 0:00:01.0678598 with Status Code 204
[2023-07-04 01:02:05.068 +00:00] [WRN] [77] Jellyfin.Server.Middleware.ResponseTimeMiddleware: Slow HTTP Response from "http://192.168.15.7:8096/Library/VirtualFolders?collectionType=movies&refreshLibrary=false&name=Filmes" to "192.168.15.9" in 0:00:01.0015685 with Status Code 204
[2023-07-04 01:02:35.259 +00:00] [INF] [75] Emby.Server.Implementations.AppBase.BaseConfigurationManager: Saving system configuration
[2023-07-04 01:02:35.259 +00:00] [INF] [75] Emby.Server.Implementations.AppBase.BaseConfigurationManager: Setting cache path: "/config/cache"
[2023-07-04 01:02:45.259 +00:00] [INF] [74] Jellyfin.Networking.Manager.NetworkManager: Defined LAN addresses : "[10.0.0.0/8,172.16.0.0/12,192.168.0.0/16]"
[2023-07-04 01:02:45.259 +00:00] [INF] [74] Jellyfin.Networking.Manager.NetworkManager: Defined LAN exclusions : "[]"
[2023-07-04 01:02:45.259 +00:00] [INF] [74] Jellyfin.Networking.Manager.NetworkManager: Using LAN addresses: "[10.0.0.0/8,172.16.0.0/12,192.168.0.0/16]"
[2023-07-04 01:02:45.259 +00:00] [INF] [74] Jellyfin.Networking.Manager.NetworkManager: Using bind addresses: "[]"
[2023-07-04 01:02:45.259 +00:00] [INF] [74] Jellyfin.Networking.Manager.NetworkManager: Using bind exclusions: "[]"
[2023-07-04 01:02:46.570 +00:00] [INF] [76] Emby.Server.Implementations.AppBase.BaseConfigurationManager: Saving system configuration
[2023-07-04 01:02:46.571 +00:00] [INF] [76] Emby.Server.Implementations.AppBase.BaseConfigurationManager: Setting cache path: "/config/cache"
[2023-07-04 01:02:46.572 +00:00] [INF] [76] Emby.Server.Implementations.ScheduledTasks.TaskManager: Queuing task "RefreshMediaLibraryTask"
[2023-07-04 01:02:46.572 +00:00] [INF] [75] Emby.Server.Implementations.ScheduledTasks.TaskManager: Executing "Scan Media Library"
[2023-07-04 01:02:46.573 +00:00] [INF] [75] Emby.Server.Implementations.Library.LibraryManager: Validating media library
[2023-07-04 01:02:46.964 +00:00] [ERR] [76] Emby.Server.Implementations.Library.LibraryManager: Error running post-scan task
System.ArgumentException: Not enough valid pictures provided to create a splashscreen!
   at Jellyfin.Drawing.Skia.SplashscreenBuilder.GenerateCollage(IReadOnlyList`1 posters, IReadOnlyList`1 backdrops)
   at Jellyfin.Drawing.Skia.SplashscreenBuilder.GenerateSplash(IReadOnlyList`1 posters, IReadOnlyList`1 backdrops, String outputPath)
   at Jellyfin.Drawing.Skia.SkiaEncoder.CreateSplashscreen(IReadOnlyList`1 posters, IReadOnlyList`1 backdrops)
   at Emby.Server.Implementations.Library.SplashscreenPostScanTask.Run(IProgress`1 progress, CancellationToken cancellationToken)
   at Emby.Server.Implementations.Library.LibraryManager.RunPostScanTasks(IProgress`1 progress, CancellationToken cancellationToken)
[2023-07-04 01:02:46.985 +00:00] [INF] [76] Emby.Server.Implementations.ScheduledTasks.TaskManager: "Scan Media Library" Completed after 0 minute(s) and 0 seconds
[2023-07-04 01:02:46.985 +00:00] [INF] [76] Emby.Server.Implementations.ScheduledTasks.TaskManager: ExecuteQueuedTasks
[2023-07-04 01:02:46.998 +00:00] [INF] [75] Emby.Server.Implementations.IO.LibraryMonitor: Watching directory "/data/tvshows"
[2023-07-04 01:02:46.998 +00:00] [INF] [74] Emby.Server.Implementations.IO.LibraryMonitor: Watching directory "/data/movies"
[2023-07-04 01:02:52.067 +00:00] [INF] [78] Jellyfin.Server.Implementations.Users.UserManager: Authentication request for "userx" has succeeded.
[2023-07-04 01:02:52.068 +00:00] [INF] [78] Emby.Server.Implementations.Session.SessionManager: Current/Max sessions for user "userx": 0/0
[2023-07-04 01:02:52.098 +00:00] [INF] [78] Emby.Server.Implementations.Session.SessionManager: Creating new access token for user d1bdec8b-b877-4835-89e7-ab94a3e0b0a0
[2023-07-04 01:02:52.204 +00:00] [INF] [80] Emby.Server.Implementations.HttpServer.WebSocketManager: WS "192.168.15.9" request
[2023-07-04 01:02:52.248 +00:00] [WRN] [86] Microsoft.EntityFrameworkCore.Model.Validation: The entity type '"AccessSchedule"' is configured to use schema '"jellyfin"', but SQLite does not support schemas. This configuration will be ignored by the SQLite provider.
[2023-07-04 01:02:52.248 +00:00] [WRN] [86] Microsoft.EntityFrameworkCore.Model.Validation: The entity type '"ActivityLog"' is configured to use schema '"jellyfin"', but SQLite does not support schemas. This configuration will be ignored by the SQLite provider.
[2023-07-04 01:02:52.248 +00:00] [WRN] [86] Microsoft.EntityFrameworkCore.Model.Validation: The entity type '"CustomItemDisplayPreferences"' is configured to use schema '"jellyfin"', but SQLite does not support schemas. This configuration will be ignored by the SQLite provider.
[2023-07-04 01:02:52.248 +00:00] [WRN] [86] Microsoft.EntityFrameworkCore.Model.Validation: The entity type '"DisplayPreferences"' is configured to use schema '"jellyfin"', but SQLite does not support schemas. This configuration will be ignored by the SQLite provider.
[2023-07-04 01:02:52.248 +00:00] [WRN] [86] Microsoft.EntityFrameworkCore.Model.Validation: The entity type '"HomeSection"' is configured to use schema '"jellyfin"', but SQLite does not support schemas. This configuration will be ignored by the SQLite provider.
[2023-07-04 01:02:52.248 +00:00] [WRN] [86] Microsoft.EntityFrameworkCore.Model.Validation: The entity type '"ImageInfo"' is configured to use schema '"jellyfin"', but SQLite does not support schemas. This configuration will be ignored by the SQLite provider.
[2023-07-04 01:02:52.248 +00:00] [WRN] [86] Microsoft.EntityFrameworkCore.Model.Validation: The entity type '"ItemDisplayPreferences"' is configured to use schema '"jellyfin"', but SQLite does not support schemas. This configuration will be ignored by the SQLite provider.
[2023-07-04 01:02:52.249 +00:00] [WRN] [86] Microsoft.EntityFrameworkCore.Model.Validation: The entity type '"Permission"' is configured to use schema '"jellyfin"', but SQLite does not support schemas. This configuration will be ignored by the SQLite provider.
[2023-07-04 01:02:52.249 +00:00] [WRN] [86] Microsoft.EntityFrameworkCore.Model.Validation: The entity type '"Preference"' is configured to use schema '"jellyfin"', but SQLite does not support schemas. This configuration will be ignored by the SQLite provider.
[2023-07-04 01:02:52.249 +00:00] [WRN] [86] Microsoft.EntityFrameworkCore.Model.Validation: The entity type '"ApiKey"' is configured to use schema '"jellyfin"', but SQLite does not support schemas. This configuration will be ignored by the SQLite provider.
[2023-07-04 01:02:52.249 +00:00] [WRN] [86] Microsoft.EntityFrameworkCore.Model.Validation: The entity type '"Device"' is configured to use schema '"jellyfin"', but SQLite does not support schemas. This configuration will be ignored by the SQLite provider.
[2023-07-04 01:02:52.249 +00:00] [WRN] [86] Microsoft.EntityFrameworkCore.Model.Validation: The entity type '"DeviceOptions"' is configured to use schema '"jellyfin"', but SQLite does not support schemas. This configuration will be ignored by the SQLite provider.
[2023-07-04 01:02:52.249 +00:00] [WRN] [86] Microsoft.EntityFrameworkCore.Model.Validation: The entity type '"User"' is configured to use schema '"jellyfin"', but SQLite does not support schemas. This configuration will be ignored by the SQLite provider.
[2023-07-04 01:19:42.328 +00:00] [INF] [18] Emby.Server.Implementations.ScheduledTasks.TaskManager: "IntervalTrigger" fired for task: "Download missing subtitles"
[2023-07-04 01:19:42.328 +00:00] [INF] [18] Emby.Server.Implementations.ScheduledTasks.TaskManager: Queuing task "SubtitleScheduledTask"
[2023-07-04 01:19:42.328 +00:00] [INF] [18] Emby.Server.Implementations.ScheduledTasks.TaskManager: Executing "Download missing subtitles"
[2023-07-04 01:19:42.331 +00:00] [INF] [18] Emby.Server.Implementations.ScheduledTasks.TaskManager: "Download missing subtitles" Completed after 0 minute(s) and 0 seconds
[2023-07-04 01:19:42.331 +00:00] [INF] [18] Emby.Server.Implementations.ScheduledTasks.TaskManager: ExecuteQueuedTasks
[2023-07-04 01:19:42.363 +00:00] [INF] [18] Emby.Server.Implementations.ScheduledTasks.TaskManager: "IntervalTrigger" fired for task: "Clean Cache Directory"
[2023-07-04 01:19:42.363 +00:00] [INF] [18] Emby.Server.Implementations.ScheduledTasks.TaskManager: Queuing task "DeleteCacheFileTask"
[2023-07-04 01:19:42.363 +00:00] [INF] [18] Emby.Server.Implementations.ScheduledTasks.TaskManager: Executing "Clean Cache Directory"
[2023-07-04 01:19:42.363 +00:00] [INF] [28] Emby.Server.Implementations.ScheduledTasks.TaskManager: "IntervalTrigger" fired for task: "Clean Transcode Directory"
[2023-07-04 01:19:42.363 +00:00] [INF] [19] Emby.Server.Implementations.ScheduledTasks.TaskManager: "IntervalTrigger" fired for task: "Clean Log Directory"
[2023-07-04 01:19:42.363 +00:00] [INF] [28] Emby.Server.Implementations.ScheduledTasks.TaskManager: Queuing task "DeleteTranscodeFileTask"
[2023-07-04 01:19:42.363 +00:00] [INF] [20] Emby.Server.Implementations.ScheduledTasks.TaskManager: "IntervalTrigger" fired for task: "Optimize database"
[2023-07-04 01:19:42.363 +00:00] [INF] [20] Emby.Server.Implementations.ScheduledTasks.TaskManager: Queuing task "OptimizeDatabaseTask"
[2023-07-04 01:19:42.363 +00:00] [INF] [20] Emby.Server.Implementations.ScheduledTasks.TaskManager: Executing "Optimize database"
[2023-07-04 01:19:42.364 +00:00] [INF] [19] Emby.Server.Implementations.ScheduledTasks.TaskManager: Queuing task "DeleteLogFileTask"
[2023-07-04 01:19:42.364 +00:00] [INF] [19] Emby.Server.Implementations.ScheduledTasks.TaskManager: Executing "Clean Log Directory"
[2023-07-04 01:19:42.364 +00:00] [INF] [20] Emby.Server.Implementations.ScheduledTasks.Tasks.OptimizeDatabaseTask: Optimizing and vacuuming jellyfin.db...
[2023-07-04 01:19:42.364 +00:00] [INF] [28] Emby.Server.Implementations.ScheduledTasks.TaskManager: Executing "Clean Transcode Directory"
[2023-07-04 01:19:42.365 +00:00] [INF] [28] Emby.Server.Implementations.ScheduledTasks.TaskManager: "Clean Transcode Directory" Completed after 0 minute(s) and 0 seconds
[2023-07-04 01:19:42.366 +00:00] [INF] [28] Emby.Server.Implementations.ScheduledTasks.TaskManager: ExecuteQueuedTasks
[2023-07-04 01:19:42.377 +00:00] [INF] [28] Emby.Server.Implementations.ScheduledTasks.TaskManager: "IntervalTrigger" fired for task: "Refresh People"
[2023-07-04 01:19:42.378 +00:00] [INF] [28] Emby.Server.Implementations.ScheduledTasks.TaskManager: Queuing task "PeopleValidationTask"
[2023-07-04 01:19:42.378 +00:00] [INF] [28] Emby.Server.Implementations.ScheduledTasks.TaskManager: Executing "Refresh People"
[2023-07-04 01:19:42.378 +00:00] [INF] [19] Emby.Server.Implementations.ScheduledTasks.TaskManager: "Clean Log Directory" Completed after 0 minute(s) and 0 seconds
[2023-07-04 01:19:42.379 +00:00] [INF] [18] Emby.Server.Implementations.ScheduledTasks.TaskManager: "Clean Cache Directory" Completed after 0 minute(s) and 0 seconds
[2023-07-04 01:19:42.379 +00:00] [INF] [18] Emby.Server.Implementations.ScheduledTasks.TaskManager: ExecuteQueuedTasks
[2023-07-04 01:19:42.393 +00:00] [INF] [19] Emby.Server.Implementations.ScheduledTasks.TaskManager: ExecuteQueuedTasks
[2023-07-04 01:19:42.406 +00:00] [INF] [18] Emby.Server.Implementations.ScheduledTasks.TaskManager: "IntervalTrigger" fired for task: "TasksRefreshChannels"
[2023-07-04 01:19:42.406 +00:00] [INF] [19] Emby.Server.Implementations.ScheduledTasks.TaskManager: "IntervalTrigger" fired for task: "Refresh Guide"
[2023-07-04 01:19:42.406 +00:00] [INF] [18] Emby.Server.Implementations.ScheduledTasks.TaskManager: Queuing task "RefreshChannelsScheduledTask"
[2023-07-04 01:19:42.407 +00:00] [INF] [18] Emby.Server.Implementations.ScheduledTasks.TaskManager: Executing "TasksRefreshChannels"
[2023-07-04 01:19:42.407 +00:00] [INF] [19] Emby.Server.Implementations.ScheduledTasks.TaskManager: Queuing task "RefreshGuideScheduledTask"
[2023-07-04 01:19:42.407 +00:00] [INF] [19] Emby.Server.Implementations.ScheduledTasks.TaskManager: Executing "Refresh Guide"
[2023-07-04 01:19:42.409 +00:00] [INF] [20] Emby.Server.Implementations.ScheduledTasks.Tasks.OptimizeDatabaseTask: jellyfin.db optimized successfully!
[2023-07-04 01:19:42.410 +00:00] [INF] [18] Emby.Server.Implementations.ScheduledTasks.TaskManager: "TasksRefreshChannels" Completed after 0 minute(s) and 0 seconds
[2023-07-04 01:19:42.410 +00:00] [INF] [18] Emby.Server.Implementations.ScheduledTasks.TaskManager: ExecuteQueuedTasks
[2023-07-04 01:19:42.422 +00:00] [INF] [18] Emby.Server.Implementations.ScheduledTasks.TaskManager: "IntervalTrigger" fired for task: "Scan Media Library"
[2023-07-04 01:19:42.422 +00:00] [INF] [18] Emby.Server.Implementations.ScheduledTasks.TaskManager: Queuing task "RefreshMediaLibraryTask"
[2023-07-04 01:19:42.422 +00:00] [INF] [18] Emby.Server.Implementations.ScheduledTasks.TaskManager: Executing "Scan Media Library"
[2023-07-04 01:19:42.422 +00:00] [INF] [20] Emby.Server.Implementations.ScheduledTasks.TaskManager: "Optimize database" Completed after 0 minute(s) and 0 seconds
[2023-07-04 01:19:42.422 +00:00] [INF] [20] Emby.Server.Implementations.ScheduledTasks.TaskManager: ExecuteQueuedTasks
[2023-07-04 01:19:42.434 +00:00] [INF] [28] Emby.Server.Implementations.Library.LibraryManager: People validation complete
[2023-07-04 01:19:42.434 +00:00] [INF] [28] Emby.Server.Implementations.ScheduledTasks.TaskManager: "Refresh People" Completed after 0 minute(s) and 0 seconds
[2023-07-04 01:19:42.434 +00:00] [INF] [18] Emby.Server.Implementations.IO.LibraryMonitor: Stopping directory watching for path "/data/movies"
[2023-07-04 01:19:42.434 +00:00] [INF] [28] Emby.Server.Implementations.ScheduledTasks.TaskManager: ExecuteQueuedTasks
[2023-07-04 01:19:42.446 +00:00] [INF] [18] Emby.Server.Implementations.IO.LibraryMonitor: Stopping directory watching for path "/data/tvshows"
[2023-07-04 01:19:42.447 +00:00] [INF] [18] Emby.Server.Implementations.Library.LibraryManager: Validating media library
[2023-07-04 01:19:42.502 +00:00] [ERR] [19] Emby.Server.Implementations.Library.LibraryManager: Error running post-scan task
System.ArgumentException: Not enough valid pictures provided to create a splashscreen!
   at Jellyfin.Drawing.Skia.SplashscreenBuilder.GenerateCollage(IReadOnlyList`1 posters, IReadOnlyList`1 backdrops)
   at Jellyfin.Drawing.Skia.SplashscreenBuilder.GenerateSplash(IReadOnlyList`1 posters, IReadOnlyList`1 backdrops, String outputPath)
   at Jellyfin.Drawing.Skia.SkiaEncoder.CreateSplashscreen(IReadOnlyList`1 posters, IReadOnlyList`1 backdrops)
   at Emby.Server.Implementations.Library.SplashscreenPostScanTask.Run(IProgress`1 progress, CancellationToken cancellationToken)
   at Emby.Server.Implementations.Library.LibraryManager.RunPostScanTasks(IProgress`1 progress, CancellationToken cancellationToken)
[2023-07-04 01:19:42.503 +00:00] [INF] [19] Emby.Server.Implementations.ScheduledTasks.TaskManager: "Scan Media Library" Completed after 0 minute(s) and 0 seconds
[2023-07-04 01:19:42.504 +00:00] [INF] [19] Emby.Server.Implementations.ScheduledTasks.TaskManager: ExecuteQueuedTasks
[2023-07-04 01:19:42.520 +00:00] [INF] [28] Emby.Server.Implementations.IO.LibraryMonitor: Watching directory "/data/tvshows"
[2023-07-04 01:19:42.520 +00:00] [INF] [20] Emby.Server.Implementations.IO.LibraryMonitor: Watching directory "/data/movies"
[2023-07-04 01:19:45.476 +00:00] [INF] [18] Emby.Server.Implementations.LiveTv.LiveTvManager: Refreshing guide with 7 days of guide data
[2023-07-04 01:19:45.482 +00:00] [INF] [18] Emby.Server.Implementations.ScheduledTasks.TaskManager: "Refresh Guide" Completed after 0 minute(s) and 3 seconds
[2023-07-04 01:19:45.483 +00:00] [INF] [18] Emby.Server.Implementations.ScheduledTasks.TaskManager: ExecuteQueuedTasks
[2023-07-04 01:36:39.003 +00:00] [INF] [74] Emby.Server.Implementations.IO.LibraryMonitor: "tvshows" ("/data/tvshows") will be refreshed.
[2023-07-04 01:37:15.275 +00:00] [INF] [2] Main: Received a SIGTERM signal, shutting down
[2023-07-04 01:37:15.276 +00:00] [INF] [2] Main: Running query planner optimizations in the database... This might take a while
[2023-07-04 01:37:15.279 +00:00] [INF] [2] Emby.Server.Implementations.ApplicationHost: Disposing "CoreAppHost"
[2023-07-04 01:37:15.280 +00:00] [INF] [2] Emby.Server.Implementations.ApplicationHost: Disposing "UdpServerEntryPoint"
[2023-07-04 01:37:15.281 +00:00] [INF] [2] Emby.Server.Implementations.ApplicationHost: Disposing "EmbyTV"
[2023-07-04 01:37:15.282 +00:00] [INF] [2] Emby.Server.Implementations.ApplicationHost: Disposing "EntryPoint"
[2023-07-04 01:37:15.282 +00:00] [INF] [2] Emby.Server.Implementations.ApplicationHost: Disposing "DeviceAccessEntryPoint"
[2023-07-04 01:37:15.282 +00:00] [INF] [2] Emby.Server.Implementations.ApplicationHost: Disposing "NotificationEntryPoint"
[2023-07-04 01:37:15.282 +00:00] [INF] [2] Emby.Server.Implementations.ApplicationHost: Disposing "LibraryChangedNotifier"
[2023-07-04 01:37:15.283 +00:00] [INF] [2] Emby.Server.Implementations.ApplicationHost: Disposing "UserDataChangeNotifier"
[2023-07-04 01:37:15.284 +00:00] [INF] [2] Emby.Server.Implementations.ApplicationHost: Disposing "SchedulesDirect"
[2023-07-04 01:37:15.284 +00:00] [INF] [2] Emby.Server.Implementations.ApplicationHost: Disposing "DlnaEntryPoint"
[2023-07-04 01:37:15.284 +00:00] [INF] [2] Emby.Dlna.Main.DlnaEntryPoint: Disposing PlayToManager
[2023-07-04 01:37:15.285 +00:00] [INF] [2] Emby.Dlna.Main.DlnaEntryPoint: Disposing DeviceDiscovery
[2023-07-04 01:37:15.286 +00:00] [INF] [2] Emby.Dlna.Main.DlnaEntryPoint: Disposing SsdpCommunicationsServer
[2023-07-04 01:37:15.286 +00:00] [INF] [2] Emby.Dlna.Main.DlnaEntryPoint: "SsdpCommunicationsServer" disposing _BroadcastListenSocket
[2023-07-04 01:37:15.288 +00:00] [INF] [2] Emby.Dlna.Main.DlnaEntryPoint: "SsdpCommunicationsServer" Disposing 3 sendSockets
[2023-07-04 01:37:15.288 +00:00] [INF] [2] Emby.Dlna.Main.DlnaEntryPoint: "SsdpCommunicationsServer" disposing sendSocket from "0.0.0.0"
[2023-07-04 01:37:15.289 +00:00] [INF] [2] Emby.Dlna.Main.DlnaEntryPoint: "SsdpCommunicationsServer" disposing sendSocket from "172.18.0.6"
[2023-07-04 01:37:15.289 +00:00] [INF] [2] Emby.Dlna.Main.DlnaEntryPoint: "SsdpCommunicationsServer" disposing sendSocket from "127.0.0.1"
[2023-07-04 01:37:15.290 +00:00] [INF] [2] Emby.Server.Implementations.ApplicationHost: Disposing "EntryPoint"
[2023-07-04 01:37:15.290 +00:00] [INF] [2] Emby.Server.Implementations.ApplicationHost: Disposing "RecordingNotifier"
[2023-07-04 01:37:15.291 +00:00] [INF] [2] Emby.Server.Implementations.ApplicationHost: Disposing "ExternalPortForwarding"
[2023-07-04 01:37:15.292 +00:00] [INF] [2] Emby.Server.Implementations.EntryPoints.ExternalPortForwarding: Stopping NAT discovery
[2023-07-04 01:37:15.292 +00:00] [INF] [2] Emby.Server.Implementations.ApplicationHost: Disposing "MusicBrainzAlbumProvider"
[2023-07-04 01:37:15.292 +00:00] [INF] [2] Emby.Server.Implementations.ApplicationHost: Disposing "LibraryMonitorStartup"
[2023-07-04 01:37:15.300 +00:00] [INF] [76] Emby.Server.Implementations.HttpServer.WebSocketManager: WS "192.168.15.9" closed
[2023-07-04 01:37:59.257 +00:00] [INF] [1] Main: Jellyfin version: "10.8.10"
[2023-07-04 01:37:59.275 +00:00] [INF] [1] Main: Environment Variables: ["[JELLYFIN_PublishedServerUrl, 192.168.0.5]", "[JELLYFIN_LOG_DIR, /config/log]", "[JELLYFIN_CONFIG_DIR, /config]", "[JELLYFIN_CACHE_DIR, /config/cache]", "[JELLYFIN_WEB_DIR, /usr/share/jellyfin/web]", "[JELLYFIN_DATA_DIR, /config/data]"]
[2023-07-04 01:37:59.278 +00:00] [INF] [1] Main: Arguments: ["/usr/lib/jellyfin/bin/jellyfin.dll", "--ffmpeg=/usr/lib/jellyfin-ffmpeg/ffmpeg"]
[2023-07-04 01:37:59.279 +00:00] [INF] [1] Main: Operating system: "Linux"
[2023-07-04 01:37:59.279 +00:00] [INF] [1] Main: Architecture: X64
[2023-07-04 01:37:59.280 +00:00] [INF] [1] Main: 64-Bit Process: True
[2023-07-04 01:37:59.280 +00:00] [INF] [1] Main: User Interactive: True
[2023-07-04 01:37:59.281 +00:00] [INF] [1] Main: Processor count: 4
[2023-07-04 01:37:59.281 +00:00] [INF] [1] Main: Program data path: "/config/data"
[2023-07-04 01:37:59.281 +00:00] [INF] [1] Main: Web resources path: "/usr/share/jellyfin/web"
[2023-07-04 01:37:59.281 +00:00] [INF] [1] Main: Application directory: "/usr/lib/jellyfin/bin/"
[2023-07-04 01:37:59.412 +00:00] [INF] [1] Emby.Server.Implementations.AppBase.BaseConfigurationManager: Setting cache path: "/config/cache"
[2023-07-04 01:37:59.427 +00:00] [INF] [1] Emby.Server.Implementations.ApplicationHost: Loading assemblies
[2023-07-04 01:37:59.546 +00:00] [INF] [1] Jellyfin.Networking.Manager.NetworkManager: Defined LAN addresses : "[10.0.0.0/8,172.16.0.0/12,192.168.0.0/16]"
[2023-07-04 01:37:59.547 +00:00] [INF] [1] Jellyfin.Networking.Manager.NetworkManager: Defined LAN exclusions : "[]"
[2023-07-04 01:37:59.548 +00:00] [INF] [1] Jellyfin.Networking.Manager.NetworkManager: Using LAN addresses: "[10.0.0.0/8,172.16.0.0/12,192.168.0.0/16]"
[2023-07-04 01:37:59.557 +00:00] [INF] [1] Jellyfin.Networking.Manager.NetworkManager: Using bind addresses: "[]"
[2023-07-04 01:37:59.558 +00:00] [INF] [1] Jellyfin.Networking.Manager.NetworkManager: Using bind exclusions: "[]"
[2023-07-04 01:38:01.627 +00:00] [INF] [1] Emby.Server.Implementations.Plugins.PluginManager: Loaded plugin: "TMDb" "10.8.10.0"
[2023-07-04 01:38:01.635 +00:00] [INF] [1] Emby.Server.Implementations.Plugins.PluginManager: Loaded plugin: "Studio Images" "10.8.10.0"
[2023-07-04 01:38:01.635 +00:00] [INF] [1] Emby.Server.Implementations.Plugins.PluginManager: Loaded plugin: "OMDb" "10.8.10.0"
[2023-07-04 01:38:01.635 +00:00] [INF] [1] Emby.Server.Implementations.Plugins.PluginManager: Loaded plugin: "MusicBrainz" "10.8.10.0"
[2023-07-04 01:38:01.635 +00:00] [INF] [1] Emby.Server.Implementations.Plugins.PluginManager: Loaded plugin: "AudioDB" "10.8.10.0"
[2023-07-04 01:38:01.783 +00:00] [INF] [1] Main: Kestrel listening on "Any IP4 Address"
[2023-07-04 01:38:01.882 +00:00] [WRN] [1] Microsoft.AspNetCore.DataProtection.Repositories.EphemeralXmlRepository: Using an in-memory repository. Keys will not be persisted to storage.
[2023-07-04 01:38:01.882 +00:00] [WRN] [1] Microsoft.AspNetCore.DataProtection.KeyManagement.XmlKeyManager: Neither user profile nor HKLM registry available. Using an ephemeral key repository. Protected data will be unavailable when application exits.
[2023-07-04 01:38:02.206 +00:00] [WRN] [1] Microsoft.AspNetCore.DataProtection.KeyManagement.XmlKeyManager: No XML encryptor configured. Key {c5608958-8083-4585-af96-609545ea8a9d} may be persisted to storage in unencrypted form.
[2023-07-04 01:38:02.271 +00:00] [INF] [1] Emby.Server.Implementations.ApplicationHost: Running startup tasks
[2023-07-04 01:38:02.338 +00:00] [INF] [1] Emby.Server.Implementations.ScheduledTasks.TaskManager: Daily trigger for "Extract Chapter Images" set to fire at 2023-07-04 02:00:00.000 +00:00, which is 00:21:57.6614111 from now.
[2023-07-04 01:38:02.533 +00:00] [INF] [1] MediaBrowser.MediaEncoding.Encoder.MediaEncoder: Found ffmpeg version "5.1.3"
[2023-07-04 01:38:02.588 +00:00] [INF] [1] MediaBrowser.MediaEncoding.Encoder.MediaEncoder: Available "decoders": ["libdav1d", "av1", "av1_cuvid", "av1_qsv", "h264", "h264_qsv", "h264_cuvid", "hevc", "hevc_qsv", "hevc_cuvid", "mpeg2video", "mpeg2_qsv", "mpeg2_cuvid", "mpeg4", "mpeg4_cuvid", "msmpeg4", "vc1_qsv", "vc1_cuvid", "vp8", "libvpx", "vp8_cuvid", "vp8_qsv", "vp9", "libvpx-vp9", "vp9_cuvid", "vp9_qsv", "aac", "ac3", "dca", "flac", "mp3", "truehd"]
[2023-07-04 01:38:02.624 +00:00] [INF] [1] MediaBrowser.MediaEncoding.Encoder.MediaEncoder: Available "encoders": ["libx264", "h264_amf", "h264_nvenc", "h264_qsv", "h264_v4l2m2m", "h264_vaapi", "libx265", "hevc_amf", "hevc_nvenc", "hevc_qsv", "hevc_vaapi", "mpeg4", "msmpeg4", "libvpx", "libvpx-vp9", "aac", "libfdk_aac", "ac3", "dca", "flac", "libmp3lame", "libopus", "truehd", "libvorbis", "srt"]
[2023-07-04 01:38:02.654 +00:00] [INF] [1] MediaBrowser.MediaEncoding.Encoder.MediaEncoder: Available filters: ["deinterlace_qsv", "deinterlace_vaapi", "hwupload_cuda", "hwupload_vaapi", "overlay_opencl", "overlay_qsv", "overlay_vaapi", "overlay_cuda", "procamp_vaapi", "scale_cuda", "scale_opencl", "scale_qsv", "scale_vaapi", "tonemap_cuda", "tonemap_opencl", "tonemap_vaapi", "vpp_qsv", "yadif_cuda", "zscale", "alphasrc"]
[2023-07-04 01:38:02.805 +00:00] [INF] [1] MediaBrowser.MediaEncoding.Encoder.MediaEncoder: Available hwaccel types: ["cuda", "vaapi", "qsv", "drm", "opencl", "vulkan"]
[2023-07-04 01:38:03.022 +00:00] [INF] [1] MediaBrowser.MediaEncoding.Encoder.MediaEncoder: FFmpeg: "/usr/lib/jellyfin-ffmpeg/ffmpeg"
[2023-07-04 01:38:03.022 +00:00] [INF] [1] Emby.Server.Implementations.ApplicationHost: ServerId: "069e14fd144a43008ae70d4f4a5d6edd"
[2023-07-04 01:38:03.138 +00:00] [INF] [1] Emby.Server.Implementations.ApplicationHost: Executed all pre-startup entry points in 0:00:00.108987
[2023-07-04 01:38:03.138 +00:00] [INF] [1] Emby.Server.Implementations.ApplicationHost: Core startup complete
[2023-07-04 01:38:03.354 +00:00] [INF] [12] Emby.Server.Implementations.IO.LibraryMonitor: Watching directory "/data/tvshows"
[2023-07-04 01:38:03.379 +00:00] [INF] [13] Emby.Server.Implementations.IO.LibraryMonitor: Watching directory "/data/movies"
[2023-07-04 01:38:03.389 +00:00] [INF] [1] Emby.Server.Implementations.ApplicationHost: Executed all post-startup entry points in 0:00:00.2507846
[2023-07-04 01:38:03.389 +00:00] [INF] [1] Main: Startup complete 0:00:04.2791285
[2023-07-04 01:38:05.359 +00:00] [INF] [13] Emby.Server.Implementations.ScheduledTasks.TaskManager: "StartupTrigger" fired for task: "Update Plugins"
[2023-07-04 01:38:05.359 +00:00] [INF] [13] Emby.Server.Implementations.ScheduledTasks.TaskManager: Queuing task "PluginUpdateTask"
[2023-07-04 01:38:05.361 +00:00] [INF] [10] Emby.Server.Implementations.ScheduledTasks.TaskManager: Executing "Update Plugins"
[2023-07-04 01:38:06.731 +00:00] [INF] [13] Emby.Server.Implementations.ScheduledTasks.TaskManager: "Update Plugins" Completed after 0 minute(s) and 1 seconds
[2023-07-04 01:38:06.738 +00:00] [INF] [13] Emby.Server.Implementations.ScheduledTasks.TaskManager: ExecuteQueuedTasks
[2023-07-04 01:39:57.748 +00:00] [INF] [3] Emby.Server.Implementations.HttpServer.WebSocketManager: WS "192.168.15.9" request
[2023-07-04 01:39:59.957 +00:00] [WRN] [23] Microsoft.EntityFrameworkCore.Model.Validation: The entity type '"AccessSchedule"' is configured to use schema '"jellyfin"', but SQLite does not support schemas. This configuration will be ignored by the SQLite provider.
[2023-07-04 01:39:59.957 +00:00] [WRN] [23] Microsoft.EntityFrameworkCore.Model.Validation: The entity type '"ActivityLog"' is configured to use schema '"jellyfin"', but SQLite does not support schemas. This configuration will be ignored by the SQLite provider.
[2023-07-04 01:39:59.957 +00:00] [WRN] [23] Microsoft.EntityFrameworkCore.Model.Validation: The entity type '"CustomItemDisplayPreferences"' is configured to use schema '"jellyfin"', but SQLite does not support schemas. This configuration will be ignored by the SQLite provider.
[2023-07-04 01:39:59.957 +00:00] [WRN] [23] Microsoft.EntityFrameworkCore.Model.Validation: The entity type '"DisplayPreferences"' is configured to use schema '"jellyfin"', but SQLite does not support schemas. This configuration will be ignored by the SQLite provider.
[2023-07-04 01:39:59.957 +00:00] [WRN] [23] Microsoft.EntityFrameworkCore.Model.Validation: The entity type '"HomeSection"' is configured to use schema '"jellyfin"', but SQLite does not support schemas. This configuration will be ignored by the SQLite provider.
[2023-07-04 01:39:59.957 +00:00] [WRN] [23] Microsoft.EntityFrameworkCore.Model.Validation: The entity type '"ImageInfo"' is configured to use schema '"jellyfin"', but SQLite does not support schemas. This configuration will be ignored by the SQLite provider.
[2023-07-04 01:39:59.957 +00:00] [WRN] [23] Microsoft.EntityFrameworkCore.Model.Validation: The entity type '"ItemDisplayPreferences"' is configured to use schema '"jellyfin"', but SQLite does not support schemas. This configuration will be ignored by the SQLite provider.
[2023-07-04 01:39:59.957 +00:00] [WRN] [23] Microsoft.EntityFrameworkCore.Model.Validation: The entity type '"Permission"' is configured to use schema '"jellyfin"', but SQLite does not support schemas. This configuration will be ignored by the SQLite provider.
[2023-07-04 01:39:59.957 +00:00] [WRN] [23] Microsoft.EntityFrameworkCore.Model.Validation: The entity type '"Preference"' is configured to use schema '"jellyfin"', but SQLite does not support schemas. This configuration will be ignored by the SQLite provider.
[2023-07-04 01:39:59.957 +00:00] [WRN] [23] Microsoft.EntityFrameworkCore.Model.Validation: The entity type '"ApiKey"' is configured to use schema '"jellyfin"', but SQLite does not support schemas. This configuration will be ignored by the SQLite provider.
[2023-07-04 01:39:59.957 +00:00] [WRN] [23] Microsoft.EntityFrameworkCore.Model.Validation: The entity type '"Device"' is configured to use schema '"jellyfin"', but SQLite does not support schemas. This configuration will be ignored by the SQLite provider.
[2023-07-04 01:39:59.957 +00:00] [WRN] [23] Microsoft.EntityFrameworkCore.Model.Validation: The entity type '"DeviceOptions"' is configured to use schema '"jellyfin"', but SQLite does not support schemas. This configuration will be ignored by the SQLite provider.
[2023-07-04 01:39:59.957 +00:00] [WRN] [23] Microsoft.EntityFrameworkCore.Model.Validation: The entity type '"User"' is configured to use schema '"jellyfin"', but SQLite does not support schemas. This configuration will be ignored by the SQLite provider.
[2023-07-04 01:40:03.722 +00:00] [INF] [24] Emby.Server.Implementations.HttpServer.WebSocketManager: WS "192.168.15.9" closed
[2023-07-04 01:40:05.095 +00:00] [INF] [3] Emby.Server.Implementations.HttpServer.WebSocketManager: WS "192.168.15.9" request
[2023-07-04 02:00:00.020 +00:00] [INF] [102] Emby.Server.Implementations.ScheduledTasks.TaskManager: "DailyTrigger" fired for task: "Extract Chapter Images"
[2023-07-04 02:00:00.020 +00:00] [INF] [102] Emby.Server.Implementations.ScheduledTasks.TaskManager: Queuing task "ChapterImagesTask"
[2023-07-04 02:00:00.021 +00:00] [INF] [100] Emby.Server.Implementations.ScheduledTasks.TaskManager: Executing "Extract Chapter Images"
[2023-07-04 02:00:00.030 +00:00] [INF] [100] Emby.Server.Implementations.ScheduledTasks.TaskManager: "Extract Chapter Images" Completed after 0 minute(s) and 0 seconds
[2023-07-04 02:00:00.032 +00:00] [INF] [100] Emby.Server.Implementations.ScheduledTasks.TaskManager: ExecuteQueuedTasks
[2023-07-04 02:00:01.021 +00:00] [INF] [98] Emby.Server.Implementations.ScheduledTasks.TaskManager: Daily trigger for "Extract Chapter Images" set to fire at 2023-07-05 02:00:00.000 +00:00, which is 23:59:58.9783348 from now.
[2023-07-04 02:07:39.903 +00:00] [INF] [77] Emby.Server.Implementations.HttpServer.WebSocketManager: WS "192.168.15.9" closed
[2023-07-04 13:19:42.513 +00:00] [INF] [162] Emby.Server.Implementations.ScheduledTasks.TaskManager: "IntervalTrigger" fired for task: "Scan Media Library"
[2023-07-04 13:19:42.513 +00:00] [INF] [162] Emby.Server.Implementations.ScheduledTasks.TaskManager: Queuing task "RefreshMediaLibraryTask"
[2023-07-04 13:19:42.513 +00:00] [INF] [163] Emby.Server.Implementations.ScheduledTasks.TaskManager: Executing "Scan Media Library"
[2023-07-04 13:19:42.518 +00:00] [INF] [163] Emby.Server.Implementations.IO.LibraryMonitor: Stopping directory watching for path "/data/movies"
[2023-07-04 13:19:42.521 +00:00] [INF] [163] Emby.Server.Implementations.IO.LibraryMonitor: Stopping directory watching for path "/data/tvshows"
[2023-07-04 13:19:42.522 +00:00] [INF] [163] Emby.Server.Implementations.Library.LibraryManager: Validating media library
[2023-07-04 13:19:42.788 +00:00] [ERR] [160] Emby.Server.Implementations.Library.LibraryManager: Error running post-scan task
System.ArgumentException: Not enough valid pictures provided to create a splashscreen!
   at Jellyfin.Drawing.Skia.SplashscreenBuilder.GenerateCollage(IReadOnlyList`1 posters, IReadOnlyList`1 backdrops)
   at Jellyfin.Drawing.Skia.SplashscreenBuilder.GenerateSplash(IReadOnlyList`1 posters, IReadOnlyList`1 backdrops, String outputPath)
   at Jellyfin.Drawing.Skia.SkiaEncoder.CreateSplashscreen(IReadOnlyList`1 posters, IReadOnlyList`1 backdrops)
   at Emby.Server.Implementations.Library.SplashscreenPostScanTask.Run(IProgress`1 progress, CancellationToken cancellationToken)
   at Emby.Server.Implementations.Library.LibraryManager.RunPostScanTasks(IProgress`1 progress, CancellationToken cancellationToken)
[2023-07-04 13:19:42.830 +00:00] [INF] [160] Emby.Server.Implementations.ScheduledTasks.TaskManager: "Scan Media Library" Completed after 0 minute(s) and 0 seconds
[2023-07-04 13:19:42.830 +00:00] [INF] [162] Emby.Server.Implementations.IO.LibraryMonitor: Watching directory "/data/tvshows"
[2023-07-04 13:19:42.832 +00:00] [INF] [159] Emby.Server.Implementations.IO.LibraryMonitor: Watching directory "/data/movies"
[2023-07-04 13:19:42.833 +00:00] [INF] [160] Emby.Server.Implementations.ScheduledTasks.TaskManager: ExecuteQueuedTasks
[2023-07-04 13:36:22.375 +00:00] [INF] [48] Emby.Server.Implementations.IO.LibraryMonitor: "tvshows" ("/data/tvshows") will be refreshed.
[2023-07-04 13:36:25.010 +00:00] [ERR] [51] MediaBrowser.Providers.Manager.ProviderManager: UnauthorizedAccessException - Access to path "/data/tvshows/The Simpsons/folder.jpg" is denied. Will retry saving to "/config/data/metadata/library/1e/1edc4a7af308078381a44b0b243552be/poster.jpg"
[2023-07-04 13:36:25.334 +00:00] [ERR] [51] MediaBrowser.Providers.Manager.ProviderManager: UnauthorizedAccessException - Access to path "/data/tvshows/The Simpsons/logo.png" is denied. Will retry saving to "/config/data/metadata/library/1e/1edc4a7af308078381a44b0b243552be/logo.png"
[2023-07-04 13:36:25.500 +00:00] [ERR] [45] MediaBrowser.Providers.Manager.ProviderManager: UnauthorizedAccessException - Access to path "/data/tvshows/The Simpsons/backdrop.jpg" is denied. Will retry saving to "/config/data/metadata/library/1e/1edc4a7af308078381a44b0b243552be/backdrop.jpg"
[2023-07-04 13:36:27.745 +00:00] [ERR] [49] MediaBrowser.Providers.Manager.ProviderManager: UnauthorizedAccessException - Access to path "/data/tvshows/The Simpsons/Season 1/folder.jpg" is denied. Will retry saving to "/config/data/metadata/library/4c/4cfb96765ea25f1bab68c5f1a91c7a91/poster.jpg"
[2023-07-04 13:36:31.578 +00:00] [ERR] [47] MediaBrowser.Providers.Manager.ProviderManager: UnauthorizedAccessException - Access to path "/data/tvshows/The Simpsons/Season 1/metadata/The Simpsons - S01E08 - The Telltale Head HDTV-1080p.jpg" is denied. Will retry saving to "/config/data/metadata/library/ae/ae11395407ed3703ee885490bb569fd2/poster.jpg"
[2023-07-04 14:16:24.681 +00:00] [INF] [211] Emby.Server.Implementations.HttpServer.WebSocketManager: WS "192.168.15.9" request
[2023-07-04 14:19:23.060 +00:00] [WRN] [111] Jellyfin.Server.Middleware.ResponseTimeMiddleware: Slow HTTP Response from "http://192.168.15.7:8096/Items/1edc4a7af308078381a44b0b243552be/Images/Backdrop/0?maxWidth=2880&tag=7a3c4eb60876f0be26d859792b5b6a98&quality=80" to "192.168.15.9" in 0:00:00.6134583 with Status Code 200
[2023-07-04 14:19:39.146 +00:00] [INF] [110] Jellyfin.Api.Helpers.MediaInfoHelper: User policy for "userx". EnablePlaybackRemuxing: True EnableVideoPlaybackTranscoding: True EnableAudioPlaybackTranscoding: True
[2023-07-04 14:19:39.192 +00:00] [INF] [110] Jellyfin.Api.Helpers.MediaInfoHelper: StreamBuilder.BuildVideoItem( Profile="Anonymous Profile", Path="/data/tvshows/The Simpsons/Season 1/The Simpsons - S01E08 - The Telltale Head HDTV-1080p.mkv", AudioStreamIndex=1, SubtitleStreamIndex=-1 ) => ( PlayMethod=Transcode, TranscodeReason=VideoCodecNotSupported, AudioCodecNotSupported ) "media:/videos/ae113954-07ed-3703-ee88-5490bb569fd2/master.m3u8?MediaSourceId=ae11395407ed3703ee885490bb569fd2&VideoCodec=h264&AudioCodec=aac,mp3&AudioStreamIndex=1&VideoBitrate=139616000&AudioBitrate=384000&MaxFramerate=23.976025&api_key=<token>&SubtitleMethod=Encode&TranscodingMaxAudioChannels=2&RequireAvc=false&Tag=ffa5cb6df25913ce699499d754f0ec8c&SegmentContainer=ts&MinSegments=1&BreakOnNonKeyFrames=True&hevc-level=120&hevc-videobitdepth=10&hevc-profile=main10&TranscodeReasons=VideoCodecNotSupported,%20AudioCodecNotSupported"
[2023-07-04 14:19:39.926 +00:00] [INF] [99] Jellyfin.Api.Controllers.DynamicHlsController: Current HLS implementation doesn't support non-keyframe breaks but one is requested, ignoring that request
[2023-07-04 14:19:39.941 +00:00] [INF] [99] Jellyfin.Api.Helpers.TranscodingJobHelper: "/usr/lib/jellyfin-ffmpeg/ffmpeg" "-analyzeduration 200M -f matroska,webm -autorotate 0 -i file:\"/data/tvshows/The Simpsons/Season 1/The Simpsons - S01E08 - The Telltale Head HDTV-1080p.mkv\" -map_metadata -1 -map_chapters -1 -threads 0 -map 0:0 -map 0:1 -map -0:s -codec:v:0 libx264 -preset veryfast -crf 23 -maxrate 4351904 -bufsize 8703808 -x264opts:0 subme=0:me_range=4:rc_lookahead=10:me=dia:no_chroma_me:8x8dct=0:partitions=none -force_key_frames:0 \"expr:gte(t,0+n_forced*3)\" -sc_threshold:v:0 0 -vf \"setparams=color_primaries=bt709:color_trc=bt709:colorspace=bt709,scale=trunc(min(max(iw\,ih*a)\,min(1920\,1080*a))/2)*2:trunc(min(max(iw/a\,ih)\,min(1920/a\,1080))/2)*2,format=yuv420p\" -codec:a:0 libfdk_aac -ac 2 -ab 384000 -af \"volume=2\" -copyts -avoid_negative_ts disabled -max_muxing_queue_size 2048 -f hls -max_delay 5000000 -hls_time 3 -hls_segment_type mpegts -start_number 0 -hls_segment_filename \"/config/data/transcodes/f46021700509bd60639ec48934819833%d.ts\" -hls_playlist_type vod -hls_list_size 0 -y \"/config/data/transcodes/f46021700509bd60639ec48934819833.m3u8\""
[2023-07-04 14:19:41.540 +00:00] [WRN] [208] Jellyfin.Server.Middleware.ResponseTimeMiddleware: Slow HTTP Response from "http://192.168.15.7:8096/videos/ae113954-07ed-3703-ee88-5490bb569fd2/hls1/main/0.ts?DeviceId=TW96aWxsYS81LjAgKFdpbmRvd3MgTlQgMTAuMDsgV2luNjQ7IHg2NDsgcnY6MTA5LjApIEdlY2tvLzIwMTAwMTAxIEZpcmVmb3gvMTE0LjB8MTY4ODQzMjQxMjgwNg11&MediaSourceId=ae11395407ed3703ee885490bb569fd2&VideoCodec=h264&AudioCodec=aac,mp3&AudioStreamIndex=1&VideoBitrate=139616000&AudioBitrate=384000&MaxFramerate=23.976025&PlaySessionId=684941bfcf0a44e9a7f2e71639bdd8a6&api_key=ebf7ae76178a4c3e8dadde1de8ec2a60&SubtitleMethod=Encode&TranscodingMaxAudioChannels=2&RequireAvc=false&Tag=ffa5cb6df25913ce699499d754f0ec8c&SegmentContainer=ts&MinSegments=1&BreakOnNonKeyFrames=True&hevc-level=120&hevc-videobitdepth=10&hevc-profile=main10&TranscodeReasons=VideoCodecNotSupported,%20AudioCodecNotSupported&runtimeTicks=0&actualSegmentLengthTicks=30000000" to "192.168.15.9" in 0:00:01.6243792 with Status Code 200
[2023-07-04 14:19:42.438 +00:00] [WRN] [106] Jellyfin.Server.Middleware.ResponseTimeMiddleware: Slow HTTP Response from "http://192.168.15.7:8096/videos/ae113954-07ed-3703-ee88-5490bb569fd2/hls1/main/1.ts?DeviceId=TW96aWxsYS81LjAgKFdpbmRvd3MgTlQgMTAuMDsgV2luNjQ7IHg2NDsgcnY6MTA5LjApIEdlY2tvLzIwMTAwMTAxIEZpcmVmb3gvMTE0LjB8MTY4ODQzMjQxMjgwNg11&MediaSourceId=ae11395407ed3703ee885490bb569fd2&VideoCodec=h264&AudioCodec=aac,mp3&AudioStreamIndex=1&VideoBitrate=139616000&AudioBitrate=384000&MaxFramerate=23.976025&PlaySessionId=684941bfcf0a44e9a7f2e71639bdd8a6&api_key=ebf7ae76178a4c3e8dadde1de8ec2a60&SubtitleMethod=Encode&TranscodingMaxAudioChannels=2&RequireAvc=false&Tag=ffa5cb6df25913ce699499d754f0ec8c&SegmentContainer=ts&MinSegments=1&BreakOnNonKeyFrames=True&hevc-level=120&hevc-videobitdepth=10&hevc-profile=main10&TranscodeReasons=VideoCodecNotSupported,%20AudioCodecNotSupported&runtimeTicks=30000000&actualSegmentLengthTicks=30000000" to "192.168.15.9" in 0:00:00.8141938 with Status Code 200
[2023-07-04 14:19:43.160 +00:00] [WRN] [98] Jellyfin.Server.Middleware.ResponseTimeMiddleware: Slow HTTP Response from "http://192.168.15.7:8096/videos/ae113954-07ed-3703-ee88-5490bb569fd2/hls1/main/2.ts?DeviceId=TW96aWxsYS81LjAgKFdpbmRvd3MgTlQgMTAuMDsgV2luNjQ7IHg2NDsgcnY6MTA5LjApIEdlY2tvLzIwMTAwMTAxIEZpcmVmb3gvMTE0LjB8MTY4ODQzMjQxMjgwNg11&MediaSourceId=ae11395407ed3703ee885490bb569fd2&VideoCodec=h264&AudioCodec=aac,mp3&AudioStreamIndex=1&VideoBitrate=139616000&AudioBitrate=384000&MaxFramerate=23.976025&PlaySessionId=684941bfcf0a44e9a7f2e71639bdd8a6&api_key=ebf7ae76178a4c3e8dadde1de8ec2a60&SubtitleMethod=Encode&TranscodingMaxAudioChannels=2&RequireAvc=false&Tag=ffa5cb6df25913ce699499d754f0ec8c&SegmentContainer=ts&MinSegments=1&BreakOnNonKeyFrames=True&hevc-level=120&hevc-videobitdepth=10&hevc-profile=main10&TranscodeReasons=VideoCodecNotSupported,%20AudioCodecNotSupported&runtimeTicks=60000000&actualSegmentLengthTicks=30000000" to "192.168.15.9" in 0:00:00.6047135 with Status Code 200
[2023-07-04 14:19:43.903 +00:00] [WRN] [104] Jellyfin.Server.Middleware.ResponseTimeMiddleware: Slow HTTP Response from "http://192.168.15.7:8096/videos/ae113954-07ed-3703-ee88-5490bb569fd2/hls1/main/3.ts?DeviceId=TW96aWxsYS81LjAgKFdpbmRvd3MgTlQgMTAuMDsgV2luNjQ7IHg2NDsgcnY6MTA5LjApIEdlY2tvLzIwMTAwMTAxIEZpcmVmb3gvMTE0LjB8MTY4ODQzMjQxMjgwNg11&MediaSourceId=ae11395407ed3703ee885490bb569fd2&VideoCodec=h264&AudioCodec=aac,mp3&AudioStreamIndex=1&VideoBitrate=139616000&AudioBitrate=384000&MaxFramerate=23.976025&PlaySessionId=684941bfcf0a44e9a7f2e71639bdd8a6&api_key=ebf7ae76178a4c3e8dadde1de8ec2a60&SubtitleMethod=Encode&TranscodingMaxAudioChannels=2&RequireAvc=false&Tag=ffa5cb6df25913ce699499d754f0ec8c&SegmentContainer=ts&MinSegments=1&BreakOnNonKeyFrames=True&hevc-level=120&hevc-videobitdepth=10&hevc-profile=main10&TranscodeReasons=VideoCodecNotSupported,%20AudioCodecNotSupported&runtimeTicks=90000000&actualSegmentLengthTicks=30000000" to "192.168.15.9" in 0:00:00.5170532 with Status Code 200
[2023-07-04 14:19:44.615 +00:00] [WRN] [110] Jellyfin.Server.Middleware.ResponseTimeMiddleware: Slow HTTP Response from "http://192.168.15.7:8096/videos/ae113954-07ed-3703-ee88-5490bb569fd2/hls1/main/4.ts?DeviceId=TW96aWxsYS81LjAgKFdpbmRvd3MgTlQgMTAuMDsgV2luNjQ7IHg2NDsgcnY6MTA5LjApIEdlY2tvLzIwMTAwMTAxIEZpcmVmb3gvMTE0LjB8MTY4ODQzMjQxMjgwNg11&MediaSourceId=ae11395407ed3703ee885490bb569fd2&VideoCodec=h264&AudioCodec=aac,mp3&AudioStreamIndex=1&VideoBitrate=139616000&AudioBitrate=384000&MaxFramerate=23.976025&PlaySessionId=684941bfcf0a44e9a7f2e71639bdd8a6&api_key=ebf7ae76178a4c3e8dadde1de8ec2a60&SubtitleMethod=Encode&TranscodingMaxAudioChannels=2&RequireAvc=false&Tag=ffa5cb6df25913ce699499d754f0ec8c&SegmentContainer=ts&MinSegments=1&BreakOnNonKeyFrames=True&hevc-level=120&hevc-videobitdepth=10&hevc-profile=main10&TranscodeReasons=VideoCodecNotSupported,%20AudioCodecNotSupported&runtimeTicks=120000000&actualSegmentLengthTicks=30000000" to "192.168.15.9" in 0:00:00.5069824 with Status Code 200
[2023-07-04 14:19:45.377 +00:00] [WRN] [110] Jellyfin.Server.Middleware.ResponseTimeMiddleware: Slow HTTP Response from "http://192.168.15.7:8096/videos/ae113954-07ed-3703-ee88-5490bb569fd2/hls1/main/5.ts?DeviceId=TW96aWxsYS81LjAgKFdpbmRvd3MgTlQgMTAuMDsgV2luNjQ7IHg2NDsgcnY6MTA5LjApIEdlY2tvLzIwMTAwMTAxIEZpcmVmb3gvMTE0LjB8MTY4ODQzMjQxMjgwNg11&MediaSourceId=ae11395407ed3703ee885490bb569fd2&VideoCodec=h264&AudioCodec=aac,mp3&AudioStreamIndex=1&VideoBitrate=139616000&AudioBitrate=384000&MaxFramerate=23.976025&PlaySessionId=684941bfcf0a44e9a7f2e71639bdd8a6&api_key=ebf7ae76178a4c3e8dadde1de8ec2a60&SubtitleMethod=Encode&TranscodingMaxAudioChannels=2&RequireAvc=false&Tag=ffa5cb6df25913ce699499d754f0ec8c&SegmentContainer=ts&MinSegments=1&BreakOnNonKeyFrames=True&hevc-level=120&hevc-videobitdepth=10&hevc-profile=main10&TranscodeReasons=VideoCodecNotSupported,%20AudioCodecNotSupported&runtimeTicks=150000000&actualSegmentLengthTicks=30000000" to "192.168.15.9" in 0:00:00.619062 with Status Code 200
[2023-07-04 14:19:46.015 +00:00] [WRN] [104] Jellyfin.Server.Middleware.ResponseTimeMiddleware: Slow HTTP Response from "http://192.168.15.7:8096/videos/ae113954-07ed-3703-ee88-5490bb569fd2/hls1/main/6.ts?DeviceId=TW96aWxsYS81LjAgKFdpbmRvd3MgTlQgMTAuMDsgV2luNjQ7IHg2NDsgcnY6MTA5LjApIEdlY2tvLzIwMTAwMTAxIEZpcmVmb3gvMTE0LjB8MTY4ODQzMjQxMjgwNg11&MediaSourceId=ae11395407ed3703ee885490bb569fd2&VideoCodec=h264&AudioCodec=aac,mp3&AudioStreamIndex=1&VideoBitrate=139616000&AudioBitrate=384000&MaxFramerate=23.976025&PlaySessionId=684941bfcf0a44e9a7f2e71639bdd8a6&api_key=ebf7ae76178a4c3e8dadde1de8ec2a60&SubtitleMethod=Encode&TranscodingMaxAudioChannels=2&RequireAvc=false&Tag=ffa5cb6df25913ce699499d754f0ec8c&SegmentContainer=ts&MinSegments=1&BreakOnNonKeyFrames=True&hevc-level=120&hevc-videobitdepth=10&hevc-profile=main10&TranscodeReasons=VideoCodecNotSupported,%20AudioCodecNotSupported&runtimeTicks=180000000&actualSegmentLengthTicks=30000000" to "192.168.15.9" in 0:00:00.5036445 with Status Code 200
[2023-07-04 14:19:47.837 +00:00] [WRN] [107] Jellyfin.Server.Middleware.ResponseTimeMiddleware: Slow HTTP Response from "http://192.168.15.7:8096/videos/ae113954-07ed-3703-ee88-5490bb569fd2/hls1/main/9.ts?DeviceId=TW96aWxsYS81LjAgKFdpbmRvd3MgTlQgMTAuMDsgV2luNjQ7IHg2NDsgcnY6MTA5LjApIEdlY2tvLzIwMTAwMTAxIEZpcmVmb3gvMTE0LjB8MTY4ODQzMjQxMjgwNg11&MediaSourceId=ae11395407ed3703ee885490bb569fd2&VideoCodec=h264&AudioCodec=aac,mp3&AudioStreamIndex=1&VideoBitrate=139616000&AudioBitrate=384000&MaxFramerate=23.976025&PlaySessionId=684941bfcf0a44e9a7f2e71639bdd8a6&api_key=ebf7ae76178a4c3e8dadde1de8ec2a60&SubtitleMethod=Encode&TranscodingMaxAudioChannels=2&RequireAvc=false&Tag=ffa5cb6df25913ce699499d754f0ec8c&SegmentContainer=ts&MinSegments=1&BreakOnNonKeyFrames=True&hevc-level=120&hevc-videobitdepth=10&hevc-profile=main10&TranscodeReasons=VideoCodecNotSupported,%20AudioCodecNotSupported&runtimeTicks=270000000&actualSegmentLengthTicks=30000000" to "192.168.15.9" in 0:00:00.5260892 with Status Code 200
[2023-07-04 14:19:48.760 +00:00] [WRN] [98] Jellyfin.Server.Middleware.ResponseTimeMiddleware: Slow HTTP Response from "http://192.168.15.7:8096/videos/ae113954-07ed-3703-ee88-5490bb569fd2/hls1/main/10.ts?DeviceId=TW96aWxsYS81LjAgKFdpbmRvd3MgTlQgMTAuMDsgV2luNjQ7IHg2NDsgcnY6MTA5LjApIEdlY2tvLzIwMTAwMTAxIEZpcmVmb3gvMTE0LjB8MTY4ODQzMjQxMjgwNg11&MediaSourceId=ae11395407ed3703ee885490bb569fd2&VideoCodec=h264&AudioCodec=aac,mp3&AudioStreamIndex=1&VideoBitrate=139616000&AudioBitrate=384000&MaxFramerate=23.976025&PlaySessionId=684941bfcf0a44e9a7f2e71639bdd8a6&api_key=ebf7ae76178a4c3e8dadde1de8ec2a60&SubtitleMethod=Encode&TranscodingMaxAudioChannels=2&RequireAvc=false&Tag=ffa5cb6df25913ce699499d754f0ec8c&SegmentContainer=ts&MinSegments=1&BreakOnNonKeyFrames=True&hevc-level=120&hevc-videobitdepth=10&hevc-profile=main10&TranscodeReasons=VideoCodecNotSupported,%20AudioCodecNotSupported&runtimeTicks=300000000&actualSegmentLengthTicks=30000000" to "192.168.15.9" in 0:00:00.7123381 with Status Code 200
[2023-07-04 14:19:48.923 +00:00] [WRN] [102] Jellyfin.Server.Middleware.ResponseTimeMiddleware: Slow HTTP Response from "http://192.168.15.7:8096/Items/1edc4a7af308078381a44b0b243552be/Images/Backdrop?maxHeight=1350&maxWidth=2400" to "172.18.0.1" in 0:00:00.5234156 with Status Code 200
[2023-07-04 14:19:49.562 +00:00] [WRN] [106] Jellyfin.Server.Middleware.ResponseTimeMiddleware: Slow HTTP Response from "http://192.168.15.7:8096/videos/ae113954-07ed-3703-ee88-5490bb569fd2/hls1/main/11.ts?DeviceId=TW96aWxsYS81LjAgKFdpbmRvd3MgTlQgMTAuMDsgV2luNjQ7IHg2NDsgcnY6MTA5LjApIEdlY2tvLzIwMTAwMTAxIEZpcmVmb3gvMTE0LjB8MTY4ODQzMjQxMjgwNg11&MediaSourceId=ae11395407ed3703ee885490bb569fd2&VideoCodec=h264&AudioCodec=aac,mp3&AudioStreamIndex=1&VideoBitrate=139616000&AudioBitrate=384000&MaxFramerate=23.976025&PlaySessionId=684941bfcf0a44e9a7f2e71639bdd8a6&api_key=ebf7ae76178a4c3e8dadde1de8ec2a60&SubtitleMethod=Encode&TranscodingMaxAudioChannels=2&RequireAvc=false&Tag=ffa5cb6df25913ce699499d754f0ec8c&SegmentContainer=ts&MinSegments=1&BreakOnNonKeyFrames=True&hevc-level=120&hevc-videobitdepth=10&hevc-profile=main10&TranscodeReasons=VideoCodecNotSupported,%20AudioCodecNotSupported&runtimeTicks=330000000&actualSegmentLengthTicks=30000000" to "192.168.15.9" in 0:00:00.6145719 with Status Code 200
[2023-07-04 14:19:50.282 +00:00] [WRN] [110] Jellyfin.Server.Middleware.ResponseTimeMiddleware: Slow HTTP Response from "http://192.168.15.7:8096/videos/ae113954-07ed-3703-ee88-5490bb569fd2/hls1/main/12.ts?DeviceId=TW96aWxsYS81LjAgKFdpbmRvd3MgTlQgMTAuMDsgV2luNjQ7IHg2NDsgcnY6MTA5LjApIEdlY2tvLzIwMTAwMTAxIEZpcmVmb3gvMTE0LjB8MTY4ODQzMjQxMjgwNg11&MediaSourceId=ae11395407ed3703ee885490bb569fd2&VideoCodec=h264&AudioCodec=aac,mp3&AudioStreamIndex=1&VideoBitrate=139616000&AudioBitrate=384000&MaxFramerate=23.976025&PlaySessionId=684941bfcf0a44e9a7f2e71639bdd8a6&api_key=ebf7ae76178a4c3e8dadde1de8ec2a60&SubtitleMethod=Encode&TranscodingMaxAudioChannels=2&RequireAvc=false&Tag=ffa5cb6df25913ce699499d754f0ec8c&SegmentContainer=ts&MinSegments=1&BreakOnNonKeyFrames=True&hevc-level=120&hevc-videobitdepth=10&hevc-profile=main10&TranscodeReasons=VideoCodecNotSupported,%20AudioCodecNotSupported&runtimeTicks=360000000&actualSegmentLengthTicks=30000000" to "192.168.15.9" in 0:00:00.5375416 with Status Code 200
[2023-07-04 14:19:51.074 +00:00] [WRN] [102] Jellyfin.Server.Middleware.ResponseTimeMiddleware: Slow HTTP Response from "http://192.168.15.7:8096/videos/ae113954-07ed-3703-ee88-5490bb569fd2/hls1/main/13.ts?DeviceId=TW96aWxsYS81LjAgKFdpbmRvd3MgTlQgMTAuMDsgV2luNjQ7IHg2NDsgcnY6MTA5LjApIEdlY2tvLzIwMTAwMTAxIEZpcmVmb3gvMTE0LjB8MTY4ODQzMjQxMjgwNg11&MediaSourceId=ae11395407ed3703ee885490bb569fd2&VideoCodec=h264&AudioCodec=aac,mp3&AudioStreamIndex=1&VideoBitrate=139616000&AudioBitrate=384000&MaxFramerate=23.976025&PlaySessionId=684941bfcf0a44e9a7f2e71639bdd8a6&api_key=ebf7ae76178a4c3e8dadde1de8ec2a60&SubtitleMethod=Encode&TranscodingMaxAudioChannels=2&RequireAvc=false&Tag=ffa5cb6df25913ce699499d754f0ec8c&SegmentContainer=ts&MinSegments=1&BreakOnNonKeyFrames=True&hevc-level=120&hevc-videobitdepth=10&hevc-profile=main10&TranscodeReasons=VideoCodecNotSupported,%20AudioCodecNotSupported&runtimeTicks=390000000&actualSegmentLengthTicks=30000000" to "192.168.15.9" in 0:00:00.6010794 with Status Code 200
[2023-07-04 14:19:51.755 +00:00] [WRN] [210] Jellyfin.Server.Middleware.ResponseTimeMiddleware: Slow HTTP Response from "http://192.168.15.7:8096/videos/ae113954-07ed-3703-ee88-5490bb569fd2/hls1/main/14.ts?DeviceId=TW96aWxsYS81LjAgKFdpbmRvd3MgTlQgMTAuMDsgV2luNjQ7IHg2NDsgcnY6MTA5LjApIEdlY2tvLzIwMTAwMTAxIEZpcmVmb3gvMTE0LjB8MTY4ODQzMjQxMjgwNg11&MediaSourceId=ae11395407ed3703ee885490bb569fd2&VideoCodec=h264&AudioCodec=aac,mp3&AudioStreamIndex=1&VideoBitrate=139616000&AudioBitrate=384000&MaxFramerate=23.976025&PlaySessionId=684941bfcf0a44e9a7f2e71639bdd8a6&api_key=ebf7ae76178a4c3e8dadde1de8ec2a60&SubtitleMethod=Encode&TranscodingMaxAudioChannels=2&RequireAvc=false&Tag=ffa5cb6df25913ce699499d754f0ec8c&SegmentContainer=ts&MinSegments=1&BreakOnNonKeyFrames=True&hevc-level=120&hevc-videobitdepth=10&hevc-profile=main10&TranscodeReasons=VideoCodecNotSupported,%20AudioCodecNotSupported&runtimeTicks=420000000&actualSegmentLengthTicks=30000000" to "192.168.15.9" in 0:00:00.5031897 with Status Code 200
[2023-07-04 14:19:54.461 +00:00] [WRN] [99] Jellyfin.Server.Middleware.ResponseTimeMiddleware: Slow HTTP Response from "http://192.168.15.7:8096/videos/ae113954-07ed-3703-ee88-5490bb569fd2/hls1/main/18.ts?DeviceId=TW96aWxsYS81LjAgKFdpbmRvd3MgTlQgMTAuMDsgV2luNjQ7IHg2NDsgcnY6MTA5LjApIEdlY2tvLzIwMTAwMTAxIEZpcmVmb3gvMTE0LjB8MTY4ODQzMjQxMjgwNg11&MediaSourceId=ae11395407ed3703ee885490bb569fd2&VideoCodec=h264&AudioCodec=aac,mp3&AudioStreamIndex=1&VideoBitrate=139616000&AudioBitrate=384000&MaxFramerate=23.976025&PlaySessionId=684941bfcf0a44e9a7f2e71639bdd8a6&api_key=ebf7ae76178a4c3e8dadde1de8ec2a60&SubtitleMethod=Encode&TranscodingMaxAudioChannels=2&RequireAvc=false&Tag=ffa5cb6df25913ce699499d754f0ec8c&SegmentContainer=ts&MinSegments=1&BreakOnNonKeyFrames=True&hevc-level=120&hevc-videobitdepth=10&hevc-profile=main10&TranscodeReasons=VideoCodecNotSupported,%20AudioCodecNotSupported&runtimeTicks=540000000&actualSegmentLengthTicks=30000000" to "192.168.15.9" in 0:00:00.6354043 with Status Code 200
[2023-07-04 14:19:55.276 +00:00] [WRN] [111] Jellyfin.Server.Middleware.ResponseTimeMiddleware: Slow HTTP Response from "http://192.168.15.7:8096/videos/ae113954-07ed-3703-ee88-5490bb569fd2/hls1/main/19.ts?DeviceId=TW96aWxsYS81LjAgKFdpbmRvd3MgTlQgMTAuMDsgV2luNjQ7IHg2NDsgcnY6MTA5LjApIEdlY2tvLzIwMTAwMTAxIEZpcmVmb3gvMTE0LjB8MTY4ODQzMjQxMjgwNg11&MediaSourceId=ae11395407ed3703ee885490bb569fd2&VideoCodec=h264&AudioCodec=aac,mp3&AudioStreamIndex=1&VideoBitrate=139616000&AudioBitrate=384000&MaxFramerate=23.976025&PlaySessionId=684941bfcf0a44e9a7f2e71639bdd8a6&api_key=ebf7ae76178a4c3e8dadde1de8ec2a60&SubtitleMethod=Encode&TranscodingMaxAudioChannels=2&RequireAvc=false&Tag=ffa5cb6df25913ce699499d754f0ec8c&SegmentContainer=ts&MinSegments=1&BreakOnNonKeyFrames=True&hevc-level=120&hevc-videobitdepth=10&hevc-profile=main10&TranscodeReasons=VideoCodecNotSupported,%20AudioCodecNotSupported&runtimeTicks=570000000&actualSegmentLengthTicks=30000000" to "192.168.15.9" in 0:00:00.6041691 with Status Code 200
[2023-07-04 14:19:55.960 +00:00] [WRN] [102] Jellyfin.Server.Middleware.ResponseTimeMiddleware: Slow HTTP Response from "http://192.168.15.7:8096/videos/ae113954-07ed-3703-ee88-5490bb569fd2/hls1/main/20.ts?DeviceId=TW96aWxsYS81LjAgKFdpbmRvd3MgTlQgMTAuMDsgV2luNjQ7IHg2NDsgcnY6MTA5LjApIEdlY2tvLzIwMTAwMTAxIEZpcmVmb3gvMTE0LjB8MTY4ODQzMjQxMjgwNg11&MediaSourceId=ae11395407ed3703ee885490bb569fd2&VideoCodec=h264&AudioCodec=aac,mp3&AudioStreamIndex=1&VideoBitrate=139616000&AudioBitrate=384000&MaxFramerate=23.976025&PlaySessionId=684941bfcf0a44e9a7f2e71639bdd8a6&api_key=ebf7ae76178a4c3e8dadde1de8ec2a60&SubtitleMethod=Encode&TranscodingMaxAudioChannels=2&RequireAvc=false&Tag=ffa5cb6df25913ce699499d754f0ec8c&SegmentContainer=ts&MinSegments=1&BreakOnNonKeyFrames=True&hevc-level=120&hevc-videobitdepth=10&hevc-profile=main10&TranscodeReasons=VideoCodecNotSupported,%20AudioCodecNotSupported&runtimeTicks=600000000&actualSegmentLengthTicks=30000000" to "192.168.15.9" in 0:00:00.5064728 with Status Code 200
[2023-07-04 14:19:56.649 +00:00] [WRN] [210] Jellyfin.Server.Middleware.ResponseTimeMiddleware: Slow HTTP Response from "http://192.168.15.7:8096/videos/ae113954-07ed-3703-ee88-5490bb569fd2/hls1/main/21.ts?DeviceId=TW96aWxsYS81LjAgKFdpbmRvd3MgTlQgMTAuMDsgV2luNjQ7IHg2NDsgcnY6MTA5LjApIEdlY2tvLzIwMTAwMTAxIEZpcmVmb3gvMTE0LjB8MTY4ODQzMjQxMjgwNg11&MediaSourceId=ae11395407ed3703ee885490bb569fd2&VideoCodec=h264&AudioCodec=aac,mp3&AudioStreamIndex=1&VideoBitrate=139616000&AudioBitrate=384000&MaxFramerate=23.976025&PlaySessionId=684941bfcf0a44e9a7f2e71639bdd8a6&api_key=ebf7ae76178a4c3e8dadde1de8ec2a60&SubtitleMethod=Encode&TranscodingMaxAudioChannels=2&RequireAvc=false&Tag=ffa5cb6df25913ce699499d754f0ec8c&SegmentContainer=ts&MinSegments=1&BreakOnNonKeyFrames=True&hevc-level=120&hevc-videobitdepth=10&hevc-profile=main10&TranscodeReasons=VideoCodecNotSupported,%20AudioCodecNotSupported&runtimeTicks=630000000&actualSegmentLengthTicks=30000000" to "192.168.15.9" in 0:00:00.5041208 with Status Code 200
[2023-07-04 14:19:59.644 +00:00] [WRN] [102] Jellyfin.Server.Middleware.ResponseTimeMiddleware: Slow HTTP Response from "http://192.168.15.7:8096/videos/ae113954-07ed-3703-ee88-5490bb569fd2/hls1/main/26.ts?DeviceId=TW96aWxsYS81LjAgKFdpbmRvd3MgTlQgMTAuMDsgV2luNjQ7IHg2NDsgcnY6MTA5LjApIEdlY2tvLzIwMTAwMTAxIEZpcmVmb3gvMTE0LjB8MTY4ODQzMjQxMjgwNg11&MediaSourceId=ae11395407ed3703ee885490bb569fd2&VideoCodec=h264&AudioCodec=aac,mp3&AudioStreamIndex=1&VideoBitrate=139616000&AudioBitrate=384000&MaxFramerate=23.976025&PlaySessionId=684941bfcf0a44e9a7f2e71639bdd8a6&api_key=ebf7ae76178a4c3e8dadde1de8ec2a60&SubtitleMethod=Encode&TranscodingMaxAudioChannels=2&RequireAvc=false&Tag=ffa5cb6df25913ce699499d754f0ec8c&SegmentContainer=ts&MinSegments=1&BreakOnNonKeyFrames=True&hevc-level=120&hevc-videobitdepth=10&hevc-profile=main10&TranscodeReasons=VideoCodecNotSupported,%20AudioCodecNotSupported&runtimeTicks=780000000&actualSegmentLengthTicks=30000000" to "192.168.15.9" in 0:00:00.5223733 with Status Code 200
[2023-07-04 14:20:00.301 +00:00] [WRN] [212] Jellyfin.Server.Middleware.ResponseTimeMiddleware: Slow HTTP Response from "http://192.168.15.7:8096/videos/ae113954-07ed-3703-ee88-5490bb569fd2/hls1/main/27.ts?DeviceId=TW96aWxsYS81LjAgKFdpbmRvd3MgTlQgMTAuMDsgV2luNjQ7IHg2NDsgcnY6MTA5LjApIEdlY2tvLzIwMTAwMTAxIEZpcmVmb3gvMTE0LjB8MTY4ODQzMjQxMjgwNg11&MediaSourceId=ae11395407ed3703ee885490bb569fd2&VideoCodec=h264&AudioCodec=aac,mp3&AudioStreamIndex=1&VideoBitrate=139616000&AudioBitrate=384000&MaxFramerate=23.976025&PlaySessionId=684941bfcf0a44e9a7f2e71639bdd8a6&api_key=ebf7ae76178a4c3e8dadde1de8ec2a60&SubtitleMethod=Encode&TranscodingMaxAudioChannels=2&RequireAvc=false&Tag=ffa5cb6df25913ce699499d754f0ec8c&SegmentContainer=ts&MinSegments=1&BreakOnNonKeyFrames=True&hevc-level=120&hevc-videobitdepth=10&hevc-profile=main10&TranscodeReasons=VideoCodecNotSupported,%20AudioCodecNotSupported&runtimeTicks=810000000&actualSegmentLengthTicks=30000000" to "192.168.15.9" in 0:00:00.5053158 with Status Code 200
[2023-07-04 14:20:02.106 +00:00] [WRN] [107] Jellyfin.Server.Middleware.ResponseTimeMiddleware: Slow HTTP Response from "http://192.168.15.7:8096/videos/ae113954-07ed-3703-ee88-5490bb569fd2/hls1/main/30.ts?DeviceId=TW96aWxsYS81LjAgKFdpbmRvd3MgTlQgMTAuMDsgV2luNjQ7IHg2NDsgcnY6MTA5LjApIEdlY2tvLzIwMTAwMTAxIEZpcmVmb3gvMTE0LjB8MTY4ODQzMjQxMjgwNg11&MediaSourceId=ae11395407ed3703ee885490bb569fd2&VideoCodec=h264&AudioCodec=aac,mp3&AudioStreamIndex=1&VideoBitrate=139616000&AudioBitrate=384000&MaxFramerate=23.976025&PlaySessionId=684941bfcf0a44e9a7f2e71639bdd8a6&api_key=ebf7ae76178a4c3e8dadde1de8ec2a60&SubtitleMethod=Encode&TranscodingMaxAudioChannels=2&RequireAvc=false&Tag=ffa5cb6df25913ce699499d754f0ec8c&SegmentContainer=ts&MinSegments=1&BreakOnNonKeyFrames=True&hevc-level=120&hevc-videobitdepth=10&hevc-profile=main10&TranscodeReasons=VideoCodecNotSupported,%20AudioCodecNotSupported&runtimeTicks=900000000&actualSegmentLengthTicks=30000000" to "192.168.15.9" in 0:00:00.6381399 with Status Code 200
[2023-07-04 14:20:02.709 +00:00] [WRN] [212] Jellyfin.Server.Middleware.ResponseTimeMiddleware: Slow HTTP Response from "http://192.168.15.7:8096/videos/ae113954-07ed-3703-ee88-5490bb569fd2/hls1/main/31.ts?DeviceId=TW96aWxsYS81LjAgKFdpbmRvd3MgTlQgMTAuMDsgV2luNjQ7IHg2NDsgcnY6MTA5LjApIEdlY2tvLzIwMTAwMTAxIEZpcmVmb3gvMTE0LjB8MTY4ODQzMjQxMjgwNg11&MediaSourceId=ae11395407ed3703ee885490bb569fd2&VideoCodec=h264&AudioCodec=aac,mp3&AudioStreamIndex=1&VideoBitrate=139616000&AudioBitrate=384000&MaxFramerate=23.976025&PlaySessionId=684941bfcf0a44e9a7f2e71639bdd8a6&api_key=ebf7ae76178a4c3e8dadde1de8ec2a60&SubtitleMethod=Encode&TranscodingMaxAudioChannels=2&RequireAvc=false&Tag=ffa5cb6df25913ce699499d754f0ec8c&SegmentContainer=ts&MinSegments=1&BreakOnNonKeyFrames=True&hevc-level=120&hevc-videobitdepth=10&hevc-profile=main10&TranscodeReasons=VideoCodecNotSupported,%20AudioCodecNotSupported&runtimeTicks=930000000&actualSegmentLengthTicks=30000000" to "192.168.15.9" in 0:00:00.504694 with Status Code 200
[2023-07-04 14:20:05.153 +00:00] [WRN] [111] Jellyfin.Server.Middleware.ResponseTimeMiddleware: Slow HTTP Response from "http://192.168.15.7:8096/videos/ae113954-07ed-3703-ee88-5490bb569fd2/hls1/main/35.ts?DeviceId=TW96aWxsYS81LjAgKFdpbmRvd3MgTlQgMTAuMDsgV2luNjQ7IHg2NDsgcnY6MTA5LjApIEdlY2tvLzIwMTAwMTAxIEZpcmVmb3gvMTE0LjB8MTY4ODQzMjQxMjgwNg11&MediaSourceId=ae11395407ed3703ee885490bb569fd2&VideoCodec=h264&AudioCodec=aac,mp3&AudioStreamIndex=1&VideoBitrate=139616000&AudioBitrate=384000&MaxFramerate=23.976025&PlaySessionId=684941bfcf0a44e9a7f2e71639bdd8a6&api_key=ebf7ae76178a4c3e8dadde1de8ec2a60&SubtitleMethod=Encode&TranscodingMaxAudioChannels=2&RequireAvc=false&Tag=ffa5cb6df25913ce699499d754f0ec8c&SegmentContainer=ts&MinSegments=1&BreakOnNonKeyFrames=True&hevc-level=120&hevc-videobitdepth=10&hevc-profile=main10&TranscodeReasons=VideoCodecNotSupported,%20AudioCodecNotSupported&runtimeTicks=1050000000&actualSegmentLengthTicks=30000000" to "192.168.15.9" in 0:00:00.6297326 with Status Code 200
[2023-07-04 14:20:06.467 +00:00] [WRN] [107] Jellyfin.Server.Middleware.ResponseTimeMiddleware: Slow HTTP Response from "http://192.168.15.7:8096/videos/ae113954-07ed-3703-ee88-5490bb569fd2/hls1/main/37.ts?DeviceId=TW96aWxsYS81LjAgKFdpbmRvd3MgTlQgMTAuMDsgV2luNjQ7IHg2NDsgcnY6MTA5LjApIEdlY2tvLzIwMTAwMTAxIEZpcmVmb3gvMTE0LjB8MTY4ODQzMjQxMjgwNg11&MediaSourceId=ae11395407ed3703ee885490bb569fd2&VideoCodec=h264&AudioCodec=aac,mp3&AudioStreamIndex=1&VideoBitrate=139616000&AudioBitrate=384000&MaxFramerate=23.976025&PlaySessionId=684941bfcf0a44e9a7f2e71639bdd8a6&api_key=ebf7ae76178a4c3e8dadde1de8ec2a60&SubtitleMethod=Encode&TranscodingMaxAudioChannels=2&RequireAvc=false&Tag=ffa5cb6df25913ce699499d754f0ec8c&SegmentContainer=ts&MinSegments=1&BreakOnNonKeyFrames=True&hevc-level=120&hevc-videobitdepth=10&hevc-profile=main10&TranscodeReasons=VideoCodecNotSupported,%20AudioCodecNotSupported&runtimeTicks=1110000000&actualSegmentLengthTicks=30000000" to "192.168.15.9" in 0:00:00.5152136 with Status Code 200
[2023-07-04 14:20:07.645 +00:00] [WRN] [210] Jellyfin.Server.Middleware.ResponseTimeMiddleware: Slow HTTP Response from "http://192.168.15.7:8096/videos/ae113954-07ed-3703-ee88-5490bb569fd2/hls1/main/39.ts?DeviceId=TW96aWxsYS81LjAgKFdpbmRvd3MgTlQgMTAuMDsgV2luNjQ7IHg2NDsgcnY6MTA5LjApIEdlY2tvLzIwMTAwMTAxIEZpcmVmb3gvMTE0LjB8MTY4ODQzMjQxMjgwNg11&MediaSourceId=ae11395407ed3703ee885490bb569fd2&VideoCodec=h264&AudioCodec=aac,mp3&AudioStreamIndex=1&VideoBitrate=139616000&AudioBitrate=384000&MaxFramerate=23.976025&PlaySessionId=684941bfcf0a44e9a7f2e71639bdd8a6&api_key=ebf7ae76178a4c3e8dadde1de8ec2a60&SubtitleMethod=Encode&TranscodingMaxAudioChannels=2&RequireAvc=false&Tag=ffa5cb6df25913ce699499d754f0ec8c&SegmentContainer=ts&MinSegments=1&BreakOnNonKeyFrames=True&hevc-level=120&hevc-videobitdepth=10&hevc-profile=main10&TranscodeReasons=VideoCodecNotSupported,%20AudioCodecNotSupported&runtimeTicks=1170000000&actualSegmentLengthTicks=30000000" to "192.168.15.9" in 0:00:00.5014264 with Status Code 200
[2023-07-04 14:22:15.804 +00:00] [INF] [98] MediaBrowser.MediaEncoding.Subtitles.SubtitleEncoder: "/usr/lib/jellyfin-ffmpeg/ffmpeg" "-i file:\"/data/tvshows/The Simpsons/Season 1/The Simpsons - S01E08 - The Telltale Head HDTV-1080p.mkv\" -copyts -map 0:2 -an -vn -c:s copy \"/config/data/data/subtitles/5/52d28785-c667-b7c9-c960-0343181149fa.ass\""
[2023-07-04 14:22:16.986 +00:00] [INF] [212] MediaBrowser.MediaEncoding.Subtitles.SubtitleEncoder: ffmpeg subtitle extraction completed for "file:\"/data/tvshows/The Simpsons/Season 1/The Simpsons - S01E08 - The Telltale Head HDTV-1080p.mkv\"" to "/config/data/data/subtitles/5/52d28785-c667-b7c9-c960-0343181149fa.ass"
[2023-07-04 14:22:17.016 +00:00] [WRN] [212] Jellyfin.Server.Middleware.ResponseTimeMiddleware: Slow HTTP Response from "http://192.168.15.7:8096/Videos/ae113954-07ed-3703-ee88-5490bb569fd2/ae11395407ed3703ee885490bb569fd2/Subtitles/2/0/Stream.ass?api_key=ebf7ae76178a4c3e8dadde1de8ec2a60" to "192.168.15.9" in 0:00:01.2296548 with Status Code 200
[2023-07-04 14:24:02.639 +00:00] [INF] [209] Jellyfin.Api.Helpers.TranscodingJobHelper: FFmpeg exited with code 0
[2023-07-04 14:58:10.403 +00:00] [INF] [95] Jellyfin.Api.Helpers.TranscodingJobHelper: Deleting partial stream file(s) "/config/data/transcodes/f46021700509bd60639ec48934819833.m3u8"
[2023-07-04 14:58:11.930 +00:00] [INF] [95] Emby.Server.Implementations.Session.SessionManager: Playback stopped reported by app "Jellyfin Web" "10.8.10" playing "Conversa Fiada". Stopped at "1381930" ms
[2023-07-04 14:58:11.984 +00:00] [WRN] [95] Jellyfin.Server.Middleware.ResponseTimeMiddleware: Slow HTTP Response from "http://192.168.15.7:8096/Sessions/Playing/Stopped" to "192.168.15.9" in 0:00:01.6064821 with Status Code 204
[2023-07-04 15:05:02.000 +00:00] [INF] [82] Emby.Server.Implementations.HttpServer.WebSocketManager: WS "192.168.15.9" closed
[2023-07-04 15:27:39.804 +00:00] [INF] [1] Main: Jellyfin version: "10.8.10"
[2023-07-04 15:27:39.843 +00:00] [INF] [1] Main: Environment Variables: ["[JELLYFIN_DATA_DIR, /config/data]", "[JELLYFIN_LOG_DIR, /config/log]", "[JELLYFIN_PublishedServerUrl, 192.168.0.5]", "[JELLYFIN_CACHE_DIR, /config/cache]", "[JELLYFIN_CONFIG_DIR, /config]", "[JELLYFIN_WEB_DIR, /usr/share/jellyfin/web]"]
[2023-07-04 15:27:39.845 +00:00] [INF] [1] Main: Arguments: ["/usr/lib/jellyfin/bin/jellyfin.dll", "--ffmpeg=/usr/lib/jellyfin-ffmpeg/ffmpeg"]
[2023-07-04 15:27:39.847 +00:00] [INF] [1] Main: Operating system: "Linux"
[2023-07-04 15:27:39.848 +00:00] [INF] [1] Main: Architecture: X64
[2023-07-04 15:27:39.848 +00:00] [INF] [1] Main: 64-Bit Process: True
[2023-07-04 15:27:39.848 +00:00] [INF] [1] Main: User Interactive: True
[2023-07-04 15:27:39.848 +00:00] [INF] [1] Main: Processor count: 4
[2023-07-04 15:27:39.848 +00:00] [INF] [1] Main: Program data path: "/config/data"
[2023-07-04 15:27:39.849 +00:00] [INF] [1] Main: Web resources path: "/usr/share/jellyfin/web"
[2023-07-04 15:27:39.850 +00:00] [INF] [1] Main: Application directory: "/usr/lib/jellyfin/bin/"
[2023-07-04 15:27:40.148 +00:00] [INF] [1] Emby.Server.Implementations.AppBase.BaseConfigurationManager: Setting cache path: "/config/cache"
[2023-07-04 15:27:40.200 +00:00] [INF] [1] Emby.Server.Implementations.ApplicationHost: Loading assemblies
[2023-07-04 15:27:40.406 +00:00] [INF] [1] Jellyfin.Networking.Manager.NetworkManager: Defined LAN addresses : "[10.0.0.0/8,172.16.0.0/12,192.168.0.0/16]"
[2023-07-04 15:27:40.416 +00:00] [INF] [1] Jellyfin.Networking.Manager.NetworkManager: Defined LAN exclusions : "[]"
[2023-07-04 15:27:40.420 +00:00] [INF] [1] Jellyfin.Networking.Manager.NetworkManager: Using LAN addresses: "[10.0.0.0/8,172.16.0.0/12,192.168.0.0/16]"
[2023-07-04 15:27:40.436 +00:00] [INF] [1] Jellyfin.Networking.Manager.NetworkManager: Using bind addresses: "[]"
[2023-07-04 15:27:40.437 +00:00] [INF] [1] Jellyfin.Networking.Manager.NetworkManager: Using bind exclusions: "[]"
[2023-07-04 15:27:42.604 +00:00] [INF] [1] Emby.Server.Implementations.Plugins.PluginManager: Loaded plugin: "TMDb" "10.8.10.0"
[2023-07-04 15:27:42.605 +00:00] [INF] [1] Emby.Server.Implementations.Plugins.PluginManager: Loaded plugin: "Studio Images" "10.8.10.0"
[2023-07-04 15:27:42.605 +00:00] [INF] [1] Emby.Server.Implementations.Plugins.PluginManager: Loaded plugin: "OMDb" "10.8.10.0"
[2023-07-04 15:27:42.605 +00:00] [INF] [1] Emby.Server.Implementations.Plugins.PluginManager: Loaded plugin: "MusicBrainz" "10.8.10.0"
[2023-07-04 15:27:42.605 +00:00] [INF] [1] Emby.Server.Implementations.Plugins.PluginManager: Loaded plugin: "AudioDB" "10.8.10.0"
[2023-07-04 15:27:42.666 +00:00] [INF] [1] Main: Kestrel listening on "Any IP4 Address"
[2023-07-04 15:27:42.725 +00:00] [WRN] [1] Microsoft.AspNetCore.DataProtection.Repositories.EphemeralXmlRepository: Using an in-memory repository. Keys will not be persisted to storage.
[2023-07-04 15:27:42.725 +00:00] [WRN] [1] Microsoft.AspNetCore.DataProtection.KeyManagement.XmlKeyManager: Neither user profile nor HKLM registry available. Using an ephemeral key repository. Protected data will be unavailable when application exits.
[2023-07-04 15:27:42.905 +00:00] [WRN] [1] Microsoft.AspNetCore.DataProtection.KeyManagement.XmlKeyManager: No XML encryptor configured. Key {a16c6141-099b-4f38-a524-572be0e7ff9a} may be persisted to storage in unencrypted form.
[2023-07-04 15:27:42.947 +00:00] [INF] [1] Emby.Server.Implementations.ApplicationHost: Running startup tasks
[2023-07-04 15:27:42.984 +00:00] [INF] [1] Emby.Server.Implementations.ScheduledTasks.TaskManager: Daily trigger for "Extract Chapter Images" set to fire at 2023-07-05 02:00:00.000 +00:00, which is 10:32:17.0157645 from now.
[2023-07-04 15:27:43.092 +00:00] [INF] [1] MediaBrowser.MediaEncoding.Encoder.MediaEncoder: Found ffmpeg version "5.1.3"
[2023-07-04 15:27:43.121 +00:00] [INF] [1] MediaBrowser.MediaEncoding.Encoder.MediaEncoder: Available "decoders": ["libdav1d", "av1", "av1_cuvid", "av1_qsv", "h264", "h264_qsv", "h264_cuvid", "hevc", "hevc_qsv", "hevc_cuvid", "mpeg2video", "mpeg2_qsv", "mpeg2_cuvid", "mpeg4", "mpeg4_cuvid", "msmpeg4", "vc1_qsv", "vc1_cuvid", "vp8", "libvpx", "vp8_cuvid", "vp8_qsv", "vp9", "libvpx-vp9", "vp9_cuvid", "vp9_qsv", "aac", "ac3", "dca", "flac", "mp3", "truehd"]
[2023-07-04 15:27:43.133 +00:00] [INF] [1] MediaBrowser.MediaEncoding.Encoder.MediaEncoder: Available "encoders": ["libx264", "h264_amf", "h264_nvenc", "h264_qsv", "h264_v4l2m2m", "h264_vaapi", "libx265", "hevc_amf", "hevc_nvenc", "hevc_qsv", "hevc_vaapi", "mpeg4", "msmpeg4", "libvpx", "libvpx-vp9", "aac", "libfdk_aac", "ac3", "dca", "flac", "libmp3lame", "libopus", "truehd", "libvorbis", "srt"]
[2023-07-04 15:27:43.146 +00:00] [INF] [1] MediaBrowser.MediaEncoding.Encoder.MediaEncoder: Available filters: ["deinterlace_qsv", "deinterlace_vaapi", "hwupload_cuda", "hwupload_vaapi", "overlay_opencl", "overlay_qsv", "overlay_vaapi", "overlay_cuda", "procamp_vaapi", "scale_cuda", "scale_opencl", "scale_qsv", "scale_vaapi", "tonemap_cuda", "tonemap_opencl", "tonemap_vaapi", "vpp_qsv", "yadif_cuda", "zscale", "alphasrc"]
[2023-07-04 15:27:43.216 +00:00] [INF] [1] MediaBrowser.MediaEncoding.Encoder.MediaEncoder: Available hwaccel types: ["cuda", "vaapi", "qsv", "drm", "opencl", "vulkan"]
[2023-07-04 15:27:43.295 +00:00] [INF] [1] MediaBrowser.MediaEncoding.Encoder.MediaEncoder: FFmpeg: "/usr/lib/jellyfin-ffmpeg/ffmpeg"
[2023-07-04 15:27:43.296 +00:00] [INF] [1] Emby.Server.Implementations.ApplicationHost: ServerId: "069e14fd144a43008ae70d4f4a5d6edd"
[2023-07-04 15:27:43.351 +00:00] [INF] [1] Emby.Server.Implementations.ApplicationHost: Executed all pre-startup entry points in 0:00:00.0502663
[2023-07-04 15:27:43.351 +00:00] [INF] [1] Emby.Server.Implementations.ApplicationHost: Core startup complete
[2023-07-04 15:27:43.490 +00:00] [INF] [1] Emby.Server.Implementations.ApplicationHost: Executed all post-startup entry points in 0:00:00.1390766
[2023-07-04 15:27:43.491 +00:00] [INF] [1] Main: Startup complete 0:00:03.9990381
[2023-07-04 15:27:43.499 +00:00] [INF] [11] Emby.Server.Implementations.IO.LibraryMonitor: Watching directory "/data/movies"
[2023-07-04 15:27:43.499 +00:00] [INF] [8] Emby.Server.Implementations.IO.LibraryMonitor: Watching directory "/data/tvshows"
[2023-07-04 15:27:45.989 +00:00] [INF] [19] Emby.Server.Implementations.ScheduledTasks.TaskManager: "StartupTrigger" fired for task: "Update Plugins"
[2023-07-04 15:27:45.990 +00:00] [INF] [19] Emby.Server.Implementations.ScheduledTasks.TaskManager: Queuing task "PluginUpdateTask"
[2023-07-04 15:27:45.991 +00:00] [INF] [10] Emby.Server.Implementations.ScheduledTasks.TaskManager: Executing "Update Plugins"
[2023-07-04 15:27:47.557 +00:00] [INF] [10] Emby.Server.Implementations.ScheduledTasks.TaskManager: "Update Plugins" Completed after 0 minute(s) and 1 seconds
[2023-07-04 15:27:47.562 +00:00] [INF] [10] Emby.Server.Implementations.ScheduledTasks.TaskManager: ExecuteQueuedTasks
