[2023-07-03 23:26:54.343 +00:00] [INF] [6] Main: Jellyfin version: "10.8.10"
[2023-07-03 23:26:54.381 +00:00] [INF] [6] Main: Environment Variables: ["[JELLYFIN_DATA_DIR, /config/data]", "[JELLYFIN_PublishedServerUrl, 192.168.0.5]", "[JELLYFIN_CACHE_DIR, /config/cache]", "[JELLYFIN_WEB_DIR, /usr/share/jellyfin/web]", "[JELLYFIN_CONFIG_DIR, /config]", "[JELLYFIN_LOG_DIR, /config/log]"]
[2023-07-03 23:26:54.385 +00:00] [INF] [6] Main: Arguments: ["/usr/lib/jellyfin/bin/jellyfin.dll", "--ffmpeg=/usr/lib/jellyfin-ffmpeg/ffmpeg"]
[2023-07-03 23:26:54.386 +00:00] [INF] [6] Main: Operating system: "Linux"
[2023-07-03 23:26:54.386 +00:00] [INF] [6] Main: Architecture: X64
[2023-07-03 23:26:54.386 +00:00] [INF] [6] Main: 64-Bit Process: True
[2023-07-03 23:26:54.386 +00:00] [INF] [6] Main: User Interactive: True
[2023-07-03 23:26:54.386 +00:00] [INF] [6] Main: Processor count: 4
[2023-07-03 23:26:54.386 +00:00] [INF] [6] Main: Program data path: "/config/data"
[2023-07-03 23:26:54.386 +00:00] [INF] [6] Main: Web resources path: "/usr/share/jellyfin/web"
[2023-07-03 23:26:54.386 +00:00] [INF] [6] Main: Application directory: "/usr/lib/jellyfin/bin/"
[2023-07-03 23:26:54.399 +00:00] [INF] [6] Jellyfin.Server.Migrations.MigrationRunner: Marking following migrations as applied because this is a fresh install: ["CreateNetworkConfiguration"]
[2023-07-03 23:26:54.530 +00:00] [INF] [6] Emby.Server.Implementations.AppBase.BaseConfigurationManager: Setting cache path: "/config/cache"
[2023-07-03 23:26:54.570 +00:00] [INF] [6] Emby.Server.Implementations.ApplicationHost: Loading assemblies
[2023-07-03 23:26:54.692 +00:00] [INF] [6] Jellyfin.Networking.Manager.NetworkManager: Defined LAN addresses : "[10.0.0.0/8,172.16.0.0/12,192.168.0.0/16]"
[2023-07-03 23:26:54.692 +00:00] [INF] [6] Jellyfin.Networking.Manager.NetworkManager: Defined LAN exclusions : "[]"
[2023-07-03 23:26:54.693 +00:00] [INF] [6] Jellyfin.Networking.Manager.NetworkManager: Using LAN addresses: "[10.0.0.0/8,172.16.0.0/12,192.168.0.0/16]"
[2023-07-03 23:26:54.700 +00:00] [INF] [6] Jellyfin.Networking.Manager.NetworkManager: Using bind addresses: "[]"
[2023-07-03 23:26:54.700 +00:00] [INF] [6] Jellyfin.Networking.Manager.NetworkManager: Using bind exclusions: "[]"
[2023-07-03 23:26:56.199 +00:00] [INF] [6] Jellyfin.Server.Implementations.JellyfinDbProvider: There are pending EFCore migrations in the database. Applying... (This may take a while, do not stop Jellyfin)
[2023-07-03 23:26:56.743 +00:00] [INF] [6] Jellyfin.Server.Implementations.JellyfinDbProvider: EFCore migrations applied successfully
[2023-07-03 23:26:57.307 +00:00] [INF] [6] Emby.Server.Implementations.AppBase.BaseConfigurationManager: Saving system configuration
[2023-07-03 23:26:57.308 +00:00] [INF] [6] Emby.Server.Implementations.AppBase.BaseConfigurationManager: Setting cache path: "/config/cache"
[2023-07-03 23:26:57.311 +00:00] [INF] [6] Emby.Server.Implementations.Plugins.PluginManager: Loaded plugin: "TMDb" "10.8.10.0"
[2023-07-03 23:26:57.312 +00:00] [INF] [6] Emby.Server.Implementations.Plugins.PluginManager: Loaded plugin: "Studio Images" "10.8.10.0"
[2023-07-03 23:26:57.312 +00:00] [INF] [6] Emby.Server.Implementations.Plugins.PluginManager: Loaded plugin: "OMDb" "10.8.10.0"
[2023-07-03 23:26:57.312 +00:00] [INF] [6] Emby.Server.Implementations.Plugins.PluginManager: Loaded plugin: "MusicBrainz" "10.8.10.0"
[2023-07-03 23:26:57.312 +00:00] [INF] [6] Emby.Server.Implementations.Plugins.PluginManager: Loaded plugin: "AudioDB" "10.8.10.0"
[2023-07-03 23:26:57.374 +00:00] [INF] [6] Jellyfin.Server.Migrations.MigrationRunner: Marking following migrations as applied because this is a fresh install: ["DisableTranscodingThrottling", "CreateLoggingConfigHeirarchy", "MigrateActivityLogDatabase", "RemoveDuplicateExtras", "MigrateUserDatabase", "MigrateDisplayPreferencesDatabase", "RemoveDownloadImagesInAdvance", "MigrateAuthenticationDatabase"]
[2023-07-03 23:26:57.380 +00:00] [INF] [6] Jellyfin.Server.Migrations.MigrationRunner: Applying migration '"AddDefaultPluginRepository"'
[2023-07-03 23:26:57.380 +00:00] [INF] [6] Emby.Server.Implementations.AppBase.BaseConfigurationManager: Saving system configuration
[2023-07-03 23:26:57.380 +00:00] [INF] [6] Emby.Server.Implementations.AppBase.BaseConfigurationManager: Setting cache path: "/config/cache"
[2023-07-03 23:26:57.381 +00:00] [INF] [6] Jellyfin.Server.Migrations.MigrationRunner: Migration '"AddDefaultPluginRepository"' applied successfully
[2023-07-03 23:26:57.390 +00:00] [INF] [6] Jellyfin.Server.Migrations.MigrationRunner: Applying migration '"ReaddDefaultPluginRepository"'
[2023-07-03 23:26:57.403 +00:00] [INF] [6] Jellyfin.Server.Migrations.MigrationRunner: Migration '"ReaddDefaultPluginRepository"' applied successfully
[2023-07-03 23:26:57.404 +00:00] [INF] [6] Jellyfin.Server.Migrations.MigrationRunner: Applying migration '"AddPeopleQueryIndex"'
[2023-07-03 23:26:57.404 +00:00] [INF] [6] Jellyfin.Server.Migrations.Routines.AddPeopleQueryIndex: Creating index idx_TypedBaseItemsUserDataKeyType
[2023-07-03 23:26:57.422 +00:00] [INF] [6] Jellyfin.Server.Migrations.Routines.AddPeopleQueryIndex: Creating index idx_PeopleNameListOrder
[2023-07-03 23:26:57.443 +00:00] [INF] [6] Jellyfin.Server.Migrations.MigrationRunner: Migration '"AddPeopleQueryIndex"' applied successfully
[2023-07-03 23:26:57.452 +00:00] [INF] [6] Main: Kestrel listening on "Any IP4 Address"
[2023-07-03 23:26:57.551 +00:00] [WRN] [6] Microsoft.AspNetCore.DataProtection.Repositories.EphemeralXmlRepository: Using an in-memory repository. Keys will not be persisted to storage.
[2023-07-03 23:26:57.553 +00:00] [WRN] [6] Microsoft.AspNetCore.DataProtection.KeyManagement.XmlKeyManager: Neither user profile nor HKLM registry available. Using an ephemeral key repository. Protected data will be unavailable when application exits.
[2023-07-03 23:26:57.863 +00:00] [WRN] [6] Microsoft.AspNetCore.DataProtection.KeyManagement.XmlKeyManager: No XML encryptor configured. Key {1ca839a8-f66f-4e82-b39f-5a6a76a63220} may be persisted to storage in unencrypted form.
[2023-07-03 23:26:57.926 +00:00] [INF] [6] Emby.Server.Implementations.ApplicationHost: Running startup tasks
[2023-07-03 23:26:57.958 +00:00] [INF] [6] Emby.Server.Implementations.ScheduledTasks.TaskManager: Daily trigger for "Extract Chapter Images" set to fire at 2023-07-04 02:00:00.000 +00:00, which is 02:33:02.0415348 from now.
[2023-07-03 23:26:58.072 +00:00] [INF] [6] MediaBrowser.MediaEncoding.Encoder.MediaEncoder: Found ffmpeg version "5.1.3"
[2023-07-03 23:26:58.117 +00:00] [INF] [6] MediaBrowser.MediaEncoding.Encoder.MediaEncoder: Available "decoders": ["libdav1d", "av1", "av1_cuvid", "av1_qsv", "h264", "h264_qsv", "h264_cuvid", "hevc", "hevc_qsv", "hevc_cuvid", "mpeg2video", "mpeg2_qsv", "mpeg2_cuvid", "mpeg4", "mpeg4_cuvid", "msmpeg4", "vc1_qsv", "vc1_cuvid", "vp8", "libvpx", "vp8_cuvid", "vp8_qsv", "vp9", "libvpx-vp9", "vp9_cuvid", "vp9_qsv", "aac", "ac3", "dca", "flac", "mp3", "truehd"]
[2023-07-03 23:26:58.133 +00:00] [INF] [6] MediaBrowser.MediaEncoding.Encoder.MediaEncoder: Available "encoders": ["libx264", "h264_amf", "h264_nvenc", "h264_qsv", "h264_v4l2m2m", "h264_vaapi", "libx265", "hevc_amf", "hevc_nvenc", "hevc_qsv", "hevc_vaapi", "mpeg4", "msmpeg4", "libvpx", "libvpx-vp9", "aac", "libfdk_aac", "ac3", "dca", "flac", "libmp3lame", "libopus", "truehd", "libvorbis", "srt"]
[2023-07-03 23:26:58.152 +00:00] [INF] [6] MediaBrowser.MediaEncoding.Encoder.MediaEncoder: Available filters: ["deinterlace_qsv", "deinterlace_vaapi", "hwupload_cuda", "hwupload_vaapi", "overlay_opencl", "overlay_qsv", "overlay_vaapi", "overlay_cuda", "procamp_vaapi", "scale_cuda", "scale_opencl", "scale_qsv", "scale_vaapi", "tonemap_cuda", "tonemap_opencl", "tonemap_vaapi", "vpp_qsv", "yadif_cuda", "zscale", "alphasrc"]
[2023-07-03 23:26:58.242 +00:00] [INF] [6] MediaBrowser.MediaEncoding.Encoder.MediaEncoder: Available hwaccel types: ["cuda", "vaapi", "qsv", "drm", "opencl", "vulkan"]
[2023-07-03 23:26:58.362 +00:00] [INF] [6] MediaBrowser.MediaEncoding.Encoder.MediaEncoder: FFmpeg: "/usr/lib/jellyfin-ffmpeg/ffmpeg"
[2023-07-03 23:26:58.364 +00:00] [INF] [6] Emby.Server.Implementations.ApplicationHost: ServerId: "069e14fd144a43008ae70d4f4a5d6edd"
[2023-07-03 23:26:58.444 +00:00] [INF] [4] Emby.Server.Implementations.ApplicationHost: Executed all pre-startup entry points in 0:00:00.0556704
[2023-07-03 23:26:58.445 +00:00] [INF] [4] Emby.Server.Implementations.ApplicationHost: Core startup complete
[2023-07-03 23:26:58.584 +00:00] [INF] [4] Emby.Server.Implementations.ApplicationHost: Executed all post-startup entry points in 0:00:00.1391304
[2023-07-03 23:26:58.584 +00:00] [INF] [4] Main: Startup complete 0:00:04.4516003
[2023-07-03 23:27:00.962 +00:00] [INF] [4] Emby.Server.Implementations.ScheduledTasks.TaskManager: "StartupTrigger" fired for task: "Update Plugins"
[2023-07-03 23:27:00.962 +00:00] [INF] [4] Emby.Server.Implementations.ScheduledTasks.TaskManager: Queuing task "PluginUpdateTask"
[2023-07-03 23:27:00.964 +00:00] [INF] [12] Emby.Server.Implementations.ScheduledTasks.TaskManager: Executing "Update Plugins"
[2023-07-03 23:27:02.554 +00:00] [INF] [12] Emby.Server.Implementations.ScheduledTasks.TaskManager: "Update Plugins" Completed after 0 minute(s) and 1 seconds
[2023-07-03 23:27:02.569 +00:00] [INF] [12] Emby.Server.Implementations.ScheduledTasks.TaskManager: ExecuteQueuedTasks
